[2025-12-25T03:44:32.333+0000] {taskinstance.py:1087} INFO - Dependencies all met for <TaskInstance: spark_compute_kpis.compute_kpis_spark scheduled__2025-12-25T03:41:00+00:00 [queued]>
[2025-12-25T03:44:32.343+0000] {taskinstance.py:1087} INFO - Dependencies all met for <TaskInstance: spark_compute_kpis.compute_kpis_spark scheduled__2025-12-25T03:41:00+00:00 [queued]>
[2025-12-25T03:44:32.343+0000] {taskinstance.py:1283} INFO - 
--------------------------------------------------------------------------------
[2025-12-25T03:44:32.344+0000] {taskinstance.py:1284} INFO - Starting attempt 2 of 2
[2025-12-25T03:44:32.344+0000] {taskinstance.py:1285} INFO - 
--------------------------------------------------------------------------------
[2025-12-25T03:44:32.357+0000] {taskinstance.py:1304} INFO - Executing <Task(BashOperator): compute_kpis_spark> on 2025-12-25 03:41:00+00:00
[2025-12-25T03:44:32.362+0000] {standard_task_runner.py:55} INFO - Started process 20977 to run task
[2025-12-25T03:44:32.366+0000] {standard_task_runner.py:82} INFO - Running: ['***', 'tasks', 'run', 'spark_compute_kpis', 'compute_kpis_spark', 'scheduled__2025-12-25T03:41:00+00:00', '--job-id', '1453', '--raw', '--subdir', 'DAGS_FOLDER/dag_spark_kpi_computation.py', '--cfg-path', '/tmp/tmp3u4o4cp1']
[2025-12-25T03:44:32.367+0000] {standard_task_runner.py:83} INFO - Job 1453: Subtask compute_kpis_spark
[2025-12-25T03:44:32.456+0000] {task_command.py:389} INFO - Running <TaskInstance: spark_compute_kpis.compute_kpis_spark scheduled__2025-12-25T03:41:00+00:00 [running]> on host de865afe45c0
[2025-12-25T03:44:32.571+0000] {taskinstance.py:1513} INFO - Exporting the following env vars:
AIRFLOW_CTX_DAG_OWNER=data-engineering
AIRFLOW_CTX_DAG_ID=spark_compute_kpis
AIRFLOW_CTX_TASK_ID=compute_kpis_spark
AIRFLOW_CTX_EXECUTION_DATE=2025-12-25T03:41:00+00:00
AIRFLOW_CTX_TRY_NUMBER=2
AIRFLOW_CTX_DAG_RUN_ID=scheduled__2025-12-25T03:41:00+00:00
[2025-12-25T03:44:32.573+0000] {subprocess.py:63} INFO - Tmp dir root location: 
 /tmp
[2025-12-25T03:44:32.573+0000] {subprocess.py:75} INFO - Running command: ['/bin/bash', '-c', '\n    docker exec spark-master bash -c "\n      mkdir -p /tmp/.ivy2/cache /tmp/.ivy2/jars 2>/dev/null || true\n      export IVY_HOME=/tmp/.ivy2\n      export SPARK_SUBMIT_OPTS=\'-Divy.home=/tmp/.ivy2\'\n      /opt/spark/bin/spark-submit         --master spark://spark-master:7077         --driver-memory 1g         --executor-memory 1g         --executor-cores 2         --conf spark.jars.packages=org.mongodb.spark:mongo-spark-connector_2.12:10.1.1         /opt/spark-apps/compute_kpis.py || echo \'Spark job completed with exit code: $?\'\n    "\n    ']
[2025-12-25T03:44:32.625+0000] {subprocess.py:86} INFO - Output:
[2025-12-25T03:44:32.665+0000] {subprocess.py:93} INFO - Cannot connect to the Docker daemon at unix:///var/run/docker.sock. Is the docker daemon running?
[2025-12-25T03:44:32.674+0000] {subprocess.py:97} INFO - Command exited with return code 1
[2025-12-25T03:44:32.696+0000] {taskinstance.py:1772} ERROR - Task failed with exception
Traceback (most recent call last):
  File "/home/airflow/.local/lib/python3.7/site-packages/airflow/operators/bash.py", line 197, in execute
    f"Bash command failed. The command returned a non-zero exit code {result.exit_code}."
airflow.exceptions.AirflowException: Bash command failed. The command returned a non-zero exit code 1.
[2025-12-25T03:44:32.701+0000] {taskinstance.py:1327} INFO - Marking task as FAILED. dag_id=spark_compute_kpis, task_id=compute_kpis_spark, execution_date=20251225T034100, start_date=20251225T034432, end_date=20251225T034432
[2025-12-25T03:44:32.743+0000] {standard_task_runner.py:105} ERROR - Failed to execute job 1453 for task compute_kpis_spark (Bash command failed. The command returned a non-zero exit code 1.; 20977)
[2025-12-25T03:44:32.778+0000] {local_task_job.py:159} INFO - Task exited with return code 1
[2025-12-25T03:44:32.814+0000] {taskinstance.py:2582} INFO - 0 downstream tasks scheduled from follow-on schedule check
