[2025-12-25T06:35:15.265+0000] {taskinstance.py:1087} INFO - Dependencies all met for <TaskInstance: archive_old_data.check_and_archive scheduled__2025-12-25T06:00:00+00:00 [queued]>
[2025-12-25T06:35:15.296+0000] {taskinstance.py:1087} INFO - Dependencies all met for <TaskInstance: archive_old_data.check_and_archive scheduled__2025-12-25T06:00:00+00:00 [queued]>
[2025-12-25T06:35:15.296+0000] {taskinstance.py:1283} INFO - 
--------------------------------------------------------------------------------
[2025-12-25T06:35:15.296+0000] {taskinstance.py:1284} INFO - Starting attempt 1 of 2
[2025-12-25T06:35:15.296+0000] {taskinstance.py:1285} INFO - 
--------------------------------------------------------------------------------
[2025-12-25T06:35:15.333+0000] {taskinstance.py:1304} INFO - Executing <Task(PythonOperator): check_and_archive> on 2025-12-25 06:00:00+00:00
[2025-12-25T06:35:15.346+0000] {standard_task_runner.py:55} INFO - Started process 135 to run task
[2025-12-25T06:35:15.356+0000] {standard_task_runner.py:82} INFO - Running: ['***', 'tasks', 'run', 'archive_old_data', 'check_and_archive', 'scheduled__2025-12-25T06:00:00+00:00', '--job-id', '6', '--raw', '--subdir', 'DAGS_FOLDER/dag_archive_old_data.py', '--cfg-path', '/tmp/tmpt58vd7ku']
[2025-12-25T06:35:15.358+0000] {standard_task_runner.py:83} INFO - Job 6: Subtask check_and_archive
[2025-12-25T06:35:15.495+0000] {task_command.py:389} INFO - Running <TaskInstance: archive_old_data.check_and_archive scheduled__2025-12-25T06:00:00+00:00 [running]> on host 0691eab7d88e
[2025-12-25T06:35:15.621+0000] {taskinstance.py:1513} INFO - Exporting the following env vars:
AIRFLOW_CTX_DAG_OWNER=data-engineering
AIRFLOW_CTX_DAG_ID=archive_old_data
AIRFLOW_CTX_TASK_ID=check_and_archive
AIRFLOW_CTX_EXECUTION_DATE=2025-12-25T06:00:00+00:00
AIRFLOW_CTX_TRY_NUMBER=1
AIRFLOW_CTX_DAG_RUN_ID=scheduled__2025-12-25T06:00:00+00:00
[2025-12-25T06:35:15.650+0000] {dag_archive_old_data.py:38} INFO - 📊 Current database size: 0.04 MB
[2025-12-25T06:35:15.651+0000] {dag_archive_old_data.py:132} INFO - ✅ Database size is within limits (0.04MB)
[2025-12-25T06:35:15.652+0000] {python.py:177} INFO - Done. Returned value was: True
[2025-12-25T06:35:15.702+0000] {taskinstance.py:1327} INFO - Marking task as SUCCESS. dag_id=archive_old_data, task_id=check_and_archive, execution_date=20251225T060000, start_date=20251225T063515, end_date=20251225T063515
[2025-12-25T06:35:15.766+0000] {local_task_job.py:159} INFO - Task exited with return code 0
[2025-12-25T06:35:15.802+0000] {taskinstance.py:2582} INFO - 0 downstream tasks scheduled from follow-on schedule check
