[2025-12-25T07:32:56.014+0000] {taskinstance.py:1087} INFO - Dependencies all met for <TaskInstance: spark_compute_kpis.compute_kpis_spark manual__2025-12-25T06:36:49+00:00 [queued]>
[2025-12-25T07:32:56.027+0000] {taskinstance.py:1087} INFO - Dependencies all met for <TaskInstance: spark_compute_kpis.compute_kpis_spark manual__2025-12-25T06:36:49+00:00 [queued]>
[2025-12-25T07:32:56.027+0000] {taskinstance.py:1283} INFO - 
--------------------------------------------------------------------------------
[2025-12-25T07:32:56.027+0000] {taskinstance.py:1284} INFO - Starting attempt 1 of 2
[2025-12-25T07:32:56.027+0000] {taskinstance.py:1285} INFO - 
--------------------------------------------------------------------------------
[2025-12-25T07:32:56.045+0000] {taskinstance.py:1304} INFO - Executing <Task(BashOperator): compute_kpis_spark> on 2025-12-25 06:36:49+00:00
[2025-12-25T07:32:56.055+0000] {standard_task_runner.py:55} INFO - Started process 92 to run task
[2025-12-25T07:32:56.059+0000] {standard_task_runner.py:82} INFO - Running: ['***', 'tasks', 'run', 'spark_compute_kpis', 'compute_kpis_spark', 'manual__2025-12-25T06:36:49+00:00', '--job-id', '12', '--raw', '--subdir', 'DAGS_FOLDER/dag_spark_kpi_computation.py', '--cfg-path', '/tmp/tmp5g73jt6q']
[2025-12-25T07:32:56.061+0000] {standard_task_runner.py:83} INFO - Job 12: Subtask compute_kpis_spark
[2025-12-25T07:32:56.197+0000] {task_command.py:389} INFO - Running <TaskInstance: spark_compute_kpis.compute_kpis_spark manual__2025-12-25T06:36:49+00:00 [running]> on host 0691eab7d88e
[2025-12-25T07:32:56.363+0000] {taskinstance.py:1513} INFO - Exporting the following env vars:
AIRFLOW_CTX_DAG_OWNER=data-engineering
AIRFLOW_CTX_DAG_ID=spark_compute_kpis
AIRFLOW_CTX_TASK_ID=compute_kpis_spark
AIRFLOW_CTX_EXECUTION_DATE=2025-12-25T06:36:49+00:00
AIRFLOW_CTX_TRY_NUMBER=1
AIRFLOW_CTX_DAG_RUN_ID=manual__2025-12-25T06:36:49+00:00
[2025-12-25T07:32:56.369+0000] {subprocess.py:63} INFO - Tmp dir root location: 
 /tmp
[2025-12-25T07:32:56.370+0000] {subprocess.py:75} INFO - Running command: ['/bin/bash', '-c', '\n    # Use docker exec to submit Spark job from Spark master container\n    DOCKER_API_VERSION=1.44 docker exec spark-master bash -c \'\n        mkdir -p /tmp/.ivy2/cache /tmp/.ivy2/jars 2>/dev/null || true\n        export IVY_HOME=/tmp/.ivy2\n        export SPARK_SUBMIT_OPTS="-Divy.home=/tmp/.ivy2"\n        /opt/spark/bin/spark-submit           --master spark://spark-master:7077           --driver-memory 1g           --executor-memory 1g           --executor-cores 2           --deploy-mode client           --conf spark.mongodb.input.uri=mongodb://root:password123@mongo:27017/food_delivery           --conf spark.mongodb.output.uri=mongodb://root:password123@mongo:27017/food_delivery           --packages org.mongodb.spark:mongo-spark-connector_2.12:10.1.1           /opt/spark-apps/compute_kpis.py\n    \'\n    ']
[2025-12-25T07:32:56.388+0000] {subprocess.py:86} INFO - Output:
[2025-12-25T07:32:56.814+0000] {subprocess.py:93} INFO - WARNING: Using incubator modules: jdk.incubator.vector
[2025-12-25T07:32:58.533+0000] {subprocess.py:93} INFO - :: loading settings :: url = jar:file:/opt/spark/jars/ivy-2.5.3.jar!/org/apache/ivy/core/settings/ivysettings.xml
[2025-12-25T07:32:58.650+0000] {subprocess.py:93} INFO - Ivy Default Cache set to: /tmp/.ivy2/cache
[2025-12-25T07:32:58.650+0000] {subprocess.py:93} INFO - The jars for the packages stored in: /tmp/.ivy2/jars
[2025-12-25T07:32:58.655+0000] {subprocess.py:93} INFO - org.mongodb.spark#mongo-spark-connector_2.12 added as a dependency
[2025-12-25T07:32:58.658+0000] {subprocess.py:93} INFO - :: resolving dependencies :: org.apache.spark#spark-submit-parent-e6b7d43d-796b-4492-b5f8-8b55e1fdf45f;1.0
[2025-12-25T07:32:58.658+0000] {subprocess.py:93} INFO - 	confs: [default]
[2025-12-25T07:32:58.805+0000] {subprocess.py:93} INFO - 	found org.mongodb.spark#mongo-spark-connector_2.12;10.1.1 in central
[2025-12-25T07:33:02.341+0000] {subprocess.py:93} INFO - 	found org.mongodb#mongodb-driver-sync;4.8.2 in central
[2025-12-25T07:33:02.341+0000] {subprocess.py:93} INFO - 	[4.8.2] org.mongodb#mongodb-driver-sync;[4.8.1,4.8.99)
[2025-12-25T07:33:02.399+0000] {subprocess.py:93} INFO - 	found org.mongodb#bson;4.8.2 in central
[2025-12-25T07:33:02.458+0000] {subprocess.py:93} INFO - 	found org.mongodb#mongodb-driver-core;4.8.2 in central
[2025-12-25T07:33:02.508+0000] {subprocess.py:93} INFO - 	found org.mongodb#bson-record-codec;4.8.2 in central
[2025-12-25T07:33:02.605+0000] {subprocess.py:93} INFO - :: resolution report :: resolve 3910ms :: artifacts dl 37ms
[2025-12-25T07:33:02.605+0000] {subprocess.py:93} INFO - 	:: modules in use:
[2025-12-25T07:33:02.606+0000] {subprocess.py:93} INFO - 	org.mongodb#bson;4.8.2 from central in [default]
[2025-12-25T07:33:02.606+0000] {subprocess.py:93} INFO - 	org.mongodb#bson-record-codec;4.8.2 from central in [default]
[2025-12-25T07:33:02.606+0000] {subprocess.py:93} INFO - 	org.mongodb#mongodb-driver-core;4.8.2 from central in [default]
[2025-12-25T07:33:02.606+0000] {subprocess.py:93} INFO - 	org.mongodb#mongodb-driver-sync;4.8.2 from central in [default]
[2025-12-25T07:33:02.606+0000] {subprocess.py:93} INFO - 	org.mongodb.spark#mongo-spark-connector_2.12;10.1.1 from central in [default]
[2025-12-25T07:33:02.606+0000] {subprocess.py:93} INFO - 	---------------------------------------------------------------------
[2025-12-25T07:33:02.606+0000] {subprocess.py:93} INFO - 	|                  |            modules            ||   artifacts   |
[2025-12-25T07:33:02.606+0000] {subprocess.py:93} INFO - 	|       conf       | number| search|dwnlded|evicted|| number|dwnlded|
[2025-12-25T07:33:02.606+0000] {subprocess.py:93} INFO - 	---------------------------------------------------------------------
[2025-12-25T07:33:02.612+0000] {subprocess.py:93} INFO - 	|      default     |   5   |   1   |   0   |   0   ||   5   |   0   |
[2025-12-25T07:33:02.612+0000] {subprocess.py:93} INFO - 	---------------------------------------------------------------------
[2025-12-25T07:33:02.625+0000] {subprocess.py:93} INFO - :: retrieving :: org.apache.spark#spark-submit-parent-e6b7d43d-796b-4492-b5f8-8b55e1fdf45f
[2025-12-25T07:33:02.625+0000] {subprocess.py:93} INFO - 	confs: [default]
[2025-12-25T07:33:02.654+0000] {subprocess.py:93} INFO - 	0 artifacts copied, 5 already retrieved (0kB/29ms)
[2025-12-25T07:33:03.158+0000] {subprocess.py:93} INFO - 25/12/25 07:33:03 WARN NativeCodeLoader: Unable to load native-hadoop library for your platform... using builtin-java classes where applicable
[2025-12-25T07:33:04.803+0000] {subprocess.py:93} INFO - Using Spark's default log4j profile: org/apache/spark/log4j2-defaults.properties
[2025-12-25T07:33:04.809+0000] {subprocess.py:93} INFO - 25/12/25 07:33:04 INFO SparkContext: Running Spark version 4.0.1
[2025-12-25T07:33:04.811+0000] {subprocess.py:93} INFO - 25/12/25 07:33:04 INFO SparkContext: OS info Linux, 6.14.0-36-generic, amd64
[2025-12-25T07:33:04.813+0000] {subprocess.py:93} INFO - 25/12/25 07:33:04 INFO SparkContext: Java version 21.0.8
[2025-12-25T07:33:04.857+0000] {subprocess.py:93} INFO - 25/12/25 07:33:04 INFO ResourceUtils: ==============================================================
[2025-12-25T07:33:04.858+0000] {subprocess.py:93} INFO - 25/12/25 07:33:04 INFO ResourceUtils: No custom resources configured for spark.driver.
[2025-12-25T07:33:04.858+0000] {subprocess.py:93} INFO - 25/12/25 07:33:04 INFO ResourceUtils: ==============================================================
[2025-12-25T07:33:04.859+0000] {subprocess.py:93} INFO - 25/12/25 07:33:04 INFO SparkContext: Submitted application: FoodDeliveryKPIs
[2025-12-25T07:33:04.895+0000] {subprocess.py:93} INFO - 25/12/25 07:33:04 INFO ResourceProfile: Default ResourceProfile created, executor resources: Map(cores -> name: cores, amount: 2, script: , vendor: , memory -> name: memory, amount: 1024, script: , vendor: , offHeap -> name: offHeap, amount: 0, script: , vendor: ), task resources: Map(cpus -> name: cpus, amount: 1.0)
[2025-12-25T07:33:04.902+0000] {subprocess.py:93} INFO - 25/12/25 07:33:04 INFO ResourceProfile: Limiting resource is cpus at 2 tasks per executor
[2025-12-25T07:33:04.905+0000] {subprocess.py:93} INFO - 25/12/25 07:33:04 INFO ResourceProfileManager: Added ResourceProfile id: 0
[2025-12-25T07:33:05.002+0000] {subprocess.py:93} INFO - 25/12/25 07:33:05 INFO SecurityManager: Changing view acls to: spark
[2025-12-25T07:33:05.006+0000] {subprocess.py:93} INFO - 25/12/25 07:33:05 INFO SecurityManager: Changing modify acls to: spark
[2025-12-25T07:33:05.006+0000] {subprocess.py:93} INFO - 25/12/25 07:33:05 INFO SecurityManager: Changing view acls groups to: spark
[2025-12-25T07:33:05.006+0000] {subprocess.py:93} INFO - 25/12/25 07:33:05 INFO SecurityManager: Changing modify acls groups to: spark
[2025-12-25T07:33:05.009+0000] {subprocess.py:93} INFO - 25/12/25 07:33:05 INFO SecurityManager: SecurityManager: authentication disabled; ui acls disabled; users with view permissions: spark groups with view permissions: EMPTY; users with modify permissions: spark; groups with modify permissions: EMPTY; RPC SSL disabled
[2025-12-25T07:33:05.339+0000] {subprocess.py:93} INFO - 25/12/25 07:33:05 INFO Utils: Successfully started service 'sparkDriver' on port 33759.
[2025-12-25T07:33:05.376+0000] {subprocess.py:93} INFO - 25/12/25 07:33:05 INFO SparkEnv: Registering MapOutputTracker
[2025-12-25T07:33:05.392+0000] {subprocess.py:93} INFO - 25/12/25 07:33:05 INFO SparkEnv: Registering BlockManagerMaster
[2025-12-25T07:33:05.413+0000] {subprocess.py:93} INFO - 25/12/25 07:33:05 INFO BlockManagerMasterEndpoint: Using org.apache.spark.storage.DefaultTopologyMapper for getting topology information
[2025-12-25T07:33:05.414+0000] {subprocess.py:93} INFO - 25/12/25 07:33:05 INFO BlockManagerMasterEndpoint: BlockManagerMasterEndpoint up
[2025-12-25T07:33:05.418+0000] {subprocess.py:93} INFO - 25/12/25 07:33:05 INFO SparkEnv: Registering BlockManagerMasterHeartbeat
[2025-12-25T07:33:05.449+0000] {subprocess.py:93} INFO - 25/12/25 07:33:05 INFO DiskBlockManager: Created local directory at /tmp/blockmgr-772351ed-044b-4c28-ac6e-c50104d037eb
[2025-12-25T07:33:05.475+0000] {subprocess.py:93} INFO - 25/12/25 07:33:05 INFO SparkEnv: Registering OutputCommitCoordinator
[2025-12-25T07:33:05.647+0000] {subprocess.py:93} INFO - 25/12/25 07:33:05 INFO JettyUtils: Start Jetty 0.0.0.0:4040 for SparkUI
[2025-12-25T07:33:05.753+0000] {subprocess.py:93} INFO - 25/12/25 07:33:05 INFO Utils: Successfully started service 'SparkUI' on port 4040.
[2025-12-25T07:33:05.809+0000] {subprocess.py:93} INFO - 25/12/25 07:33:05 INFO SparkContext: Added JAR file:///tmp/.ivy2/jars/org.mongodb.spark_mongo-spark-connector_2.12-10.1.1.jar at spark://100e91d4fece:33759/jars/org.mongodb.spark_mongo-spark-connector_2.12-10.1.1.jar with timestamp 1766647984790
[2025-12-25T07:33:05.810+0000] {subprocess.py:93} INFO - 25/12/25 07:33:05 INFO SparkContext: Added JAR file:///tmp/.ivy2/jars/org.mongodb_mongodb-driver-sync-4.8.2.jar at spark://100e91d4fece:33759/jars/org.mongodb_mongodb-driver-sync-4.8.2.jar with timestamp 1766647984790
[2025-12-25T07:33:05.811+0000] {subprocess.py:93} INFO - 25/12/25 07:33:05 INFO SparkContext: Added JAR file:///tmp/.ivy2/jars/org.mongodb_bson-4.8.2.jar at spark://100e91d4fece:33759/jars/org.mongodb_bson-4.8.2.jar with timestamp 1766647984790
[2025-12-25T07:33:05.811+0000] {subprocess.py:93} INFO - 25/12/25 07:33:05 INFO SparkContext: Added JAR file:///tmp/.ivy2/jars/org.mongodb_mongodb-driver-core-4.8.2.jar at spark://100e91d4fece:33759/jars/org.mongodb_mongodb-driver-core-4.8.2.jar with timestamp 1766647984790
[2025-12-25T07:33:05.812+0000] {subprocess.py:93} INFO - 25/12/25 07:33:05 INFO SparkContext: Added JAR file:///tmp/.ivy2/jars/org.mongodb_bson-record-codec-4.8.2.jar at spark://100e91d4fece:33759/jars/org.mongodb_bson-record-codec-4.8.2.jar with timestamp 1766647984790
[2025-12-25T07:33:05.819+0000] {subprocess.py:93} INFO - 25/12/25 07:33:05 INFO SparkContext: Added file file:///tmp/.ivy2/jars/org.mongodb.spark_mongo-spark-connector_2.12-10.1.1.jar at spark://100e91d4fece:33759/files/org.mongodb.spark_mongo-spark-connector_2.12-10.1.1.jar with timestamp 1766647984790
[2025-12-25T07:33:05.822+0000] {subprocess.py:93} INFO - 25/12/25 07:33:05 INFO Utils: Copying /tmp/.ivy2/jars/org.mongodb.spark_mongo-spark-connector_2.12-10.1.1.jar to /tmp/spark-d20aa2a4-5d8b-48ec-b7e0-78e7a296d36b/userFiles-1a7b29f1-0bfd-472d-b698-f7746ad30b8b/org.mongodb.spark_mongo-spark-connector_2.12-10.1.1.jar
[2025-12-25T07:33:05.843+0000] {subprocess.py:93} INFO - 25/12/25 07:33:05 INFO SparkContext: Added file file:///tmp/.ivy2/jars/org.mongodb_mongodb-driver-sync-4.8.2.jar at spark://100e91d4fece:33759/files/org.mongodb_mongodb-driver-sync-4.8.2.jar with timestamp 1766647984790
[2025-12-25T07:33:05.843+0000] {subprocess.py:93} INFO - 25/12/25 07:33:05 INFO Utils: Copying /tmp/.ivy2/jars/org.mongodb_mongodb-driver-sync-4.8.2.jar to /tmp/spark-d20aa2a4-5d8b-48ec-b7e0-78e7a296d36b/userFiles-1a7b29f1-0bfd-472d-b698-f7746ad30b8b/org.mongodb_mongodb-driver-sync-4.8.2.jar
[2025-12-25T07:33:05.849+0000] {subprocess.py:93} INFO - 25/12/25 07:33:05 INFO SparkContext: Added file file:///tmp/.ivy2/jars/org.mongodb_bson-4.8.2.jar at spark://100e91d4fece:33759/files/org.mongodb_bson-4.8.2.jar with timestamp 1766647984790
[2025-12-25T07:33:05.851+0000] {subprocess.py:93} INFO - 25/12/25 07:33:05 INFO Utils: Copying /tmp/.ivy2/jars/org.mongodb_bson-4.8.2.jar to /tmp/spark-d20aa2a4-5d8b-48ec-b7e0-78e7a296d36b/userFiles-1a7b29f1-0bfd-472d-b698-f7746ad30b8b/org.mongodb_bson-4.8.2.jar
[2025-12-25T07:33:05.856+0000] {subprocess.py:93} INFO - 25/12/25 07:33:05 INFO SparkContext: Added file file:///tmp/.ivy2/jars/org.mongodb_mongodb-driver-core-4.8.2.jar at spark://100e91d4fece:33759/files/org.mongodb_mongodb-driver-core-4.8.2.jar with timestamp 1766647984790
[2025-12-25T07:33:05.857+0000] {subprocess.py:93} INFO - 25/12/25 07:33:05 INFO Utils: Copying /tmp/.ivy2/jars/org.mongodb_mongodb-driver-core-4.8.2.jar to /tmp/spark-d20aa2a4-5d8b-48ec-b7e0-78e7a296d36b/userFiles-1a7b29f1-0bfd-472d-b698-f7746ad30b8b/org.mongodb_mongodb-driver-core-4.8.2.jar
[2025-12-25T07:33:05.866+0000] {subprocess.py:93} INFO - 25/12/25 07:33:05 INFO SparkContext: Added file file:///tmp/.ivy2/jars/org.mongodb_bson-record-codec-4.8.2.jar at spark://100e91d4fece:33759/files/org.mongodb_bson-record-codec-4.8.2.jar with timestamp 1766647984790
[2025-12-25T07:33:05.866+0000] {subprocess.py:93} INFO - 25/12/25 07:33:05 INFO Utils: Copying /tmp/.ivy2/jars/org.mongodb_bson-record-codec-4.8.2.jar to /tmp/spark-d20aa2a4-5d8b-48ec-b7e0-78e7a296d36b/userFiles-1a7b29f1-0bfd-472d-b698-f7746ad30b8b/org.mongodb_bson-record-codec-4.8.2.jar
[2025-12-25T07:33:05.901+0000] {subprocess.py:93} INFO - 25/12/25 07:33:05 INFO SecurityManager: Changing view acls to: spark
[2025-12-25T07:33:05.901+0000] {subprocess.py:93} INFO - 25/12/25 07:33:05 INFO SecurityManager: Changing modify acls to: spark
[2025-12-25T07:33:05.905+0000] {subprocess.py:93} INFO - 25/12/25 07:33:05 INFO SecurityManager: Changing view acls groups to: spark
[2025-12-25T07:33:05.905+0000] {subprocess.py:93} INFO - 25/12/25 07:33:05 INFO SecurityManager: Changing modify acls groups to: spark
[2025-12-25T07:33:05.906+0000] {subprocess.py:93} INFO - 25/12/25 07:33:05 INFO SecurityManager: SecurityManager: authentication disabled; ui acls disabled; users with view permissions: spark groups with view permissions: EMPTY; users with modify permissions: spark; groups with modify permissions: EMPTY; RPC SSL disabled
[2025-12-25T07:33:06.174+0000] {subprocess.py:93} INFO - 25/12/25 07:33:06 INFO StandaloneAppClient$ClientEndpoint: Connecting to master spark://spark-master:7077...
[2025-12-25T07:33:06.249+0000] {subprocess.py:93} INFO - 25/12/25 07:33:06 INFO TransportClientFactory: Successfully created connection to spark-master/172.19.0.4:7077 after 37 ms (0 ms spent in bootstraps)
[2025-12-25T07:33:06.415+0000] {subprocess.py:93} INFO - 25/12/25 07:33:06 INFO StandaloneSchedulerBackend: Connected to Spark cluster with app ID app-20251225073306-0002
[2025-12-25T07:33:06.435+0000] {subprocess.py:93} INFO - 25/12/25 07:33:06 INFO Utils: Successfully started service 'org.apache.spark.network.netty.NettyBlockTransferService' on port 45671.
[2025-12-25T07:33:06.435+0000] {subprocess.py:93} INFO - 25/12/25 07:33:06 INFO NettyBlockTransferService: Server created on 100e91d4fece:45671
[2025-12-25T07:33:06.440+0000] {subprocess.py:93} INFO - 25/12/25 07:33:06 INFO BlockManager: Using org.apache.spark.storage.RandomBlockReplicationPolicy for block replication policy
[2025-12-25T07:33:06.485+0000] {subprocess.py:93} INFO - 25/12/25 07:33:06 INFO BlockManagerMaster: Registering BlockManager BlockManagerId(driver, 100e91d4fece, 45671, None)
[2025-12-25T07:33:06.499+0000] {subprocess.py:93} INFO - 25/12/25 07:33:06 INFO BlockManagerMasterEndpoint: Registering block manager 100e91d4fece:45671 with 434.4 MiB RAM, BlockManagerId(driver, 100e91d4fece, 45671, None)
[2025-12-25T07:33:06.500+0000] {subprocess.py:93} INFO - 25/12/25 07:33:06 INFO BlockManagerMaster: Registered BlockManager BlockManagerId(driver, 100e91d4fece, 45671, None)
[2025-12-25T07:33:06.503+0000] {subprocess.py:93} INFO - 25/12/25 07:33:06 INFO BlockManager: Initialized BlockManager: BlockManagerId(driver, 100e91d4fece, 45671, None)
[2025-12-25T07:33:06.729+0000] {subprocess.py:93} INFO - 25/12/25 07:33:06 INFO StandaloneSchedulerBackend: SchedulerBackend is ready for scheduling beginning after reached minRegisteredResourcesRatio: 0.0
[2025-12-25T07:33:11.073+0000] {subprocess.py:93} INFO - ✅ Spark session created
[2025-12-25T07:33:11.074+0000] {subprocess.py:93} INFO - 📖 Reading fact tables from MongoDB...
[2025-12-25T07:33:42.519+0000] {subprocess.py:93} INFO - ❌ Error in Spark job: An error occurred while calling o45.load.
[2025-12-25T07:33:42.519+0000] {subprocess.py:93} INFO - : com.mongodb.MongoTimeoutException: Timed out after 30000 ms while waiting to connect. Client view of cluster state is {type=UNKNOWN, servers=[{address=localhost:27017, type=UNKNOWN, state=CONNECTING, exception={com.mongodb.MongoSocketOpenException: Exception opening socket}, caused by {java.net.ConnectException: Connection refused}}]
[2025-12-25T07:33:42.519+0000] {subprocess.py:93} INFO - 	at com.mongodb.internal.connection.BaseCluster.getDescription(BaseCluster.java:184)
[2025-12-25T07:33:42.519+0000] {subprocess.py:93} INFO - 	at com.mongodb.internal.connection.SingleServerCluster.getDescription(SingleServerCluster.java:46)
[2025-12-25T07:33:42.520+0000] {subprocess.py:93} INFO - 	at com.mongodb.client.internal.MongoClientDelegate.getConnectedClusterDescription(MongoClientDelegate.java:144)
[2025-12-25T07:33:42.520+0000] {subprocess.py:93} INFO - 	at com.mongodb.client.internal.MongoClientDelegate.createClientSession(MongoClientDelegate.java:101)
[2025-12-25T07:33:42.520+0000] {subprocess.py:93} INFO - 	at com.mongodb.client.internal.MongoClientDelegate$DelegateOperationExecutor.getClientSession(MongoClientDelegate.java:291)
[2025-12-25T07:33:42.520+0000] {subprocess.py:93} INFO - 	at com.mongodb.client.internal.MongoClientDelegate$DelegateOperationExecutor.execute(MongoClientDelegate.java:183)
[2025-12-25T07:33:42.520+0000] {subprocess.py:93} INFO - 	at com.mongodb.client.internal.MongoIterableImpl.execute(MongoIterableImpl.java:133)
[2025-12-25T07:33:42.520+0000] {subprocess.py:93} INFO - 	at com.mongodb.client.internal.MongoIterableImpl.iterator(MongoIterableImpl.java:90)
[2025-12-25T07:33:42.520+0000] {subprocess.py:93} INFO - 	at com.mongodb.client.internal.MongoIterableImpl.forEach(MongoIterableImpl.java:119)
[2025-12-25T07:33:42.520+0000] {subprocess.py:93} INFO - 	at com.mongodb.client.internal.MongoIterableImpl.into(MongoIterableImpl.java:128)
[2025-12-25T07:33:42.520+0000] {subprocess.py:93} INFO - 	at com.mongodb.spark.sql.connector.schema.InferSchema.lambda$inferSchema$0(InferSchema.java:86)
[2025-12-25T07:33:42.520+0000] {subprocess.py:93} INFO - 	at com.mongodb.spark.sql.connector.config.AbstractMongoConfig.withCollection(AbstractMongoConfig.java:173)
[2025-12-25T07:33:42.520+0000] {subprocess.py:93} INFO - 	at com.mongodb.spark.sql.connector.config.ReadConfig.withCollection(ReadConfig.java:45)
[2025-12-25T07:33:42.520+0000] {subprocess.py:93} INFO - 	at com.mongodb.spark.sql.connector.schema.InferSchema.inferSchema(InferSchema.java:82)
[2025-12-25T07:33:42.521+0000] {subprocess.py:93} INFO - 	at com.mongodb.spark.sql.connector.MongoTableProvider.inferSchema(MongoTableProvider.java:62)
[2025-12-25T07:33:42.521+0000] {subprocess.py:93} INFO - 	at org.apache.spark.sql.execution.datasources.v2.DataSourceV2Utils$.getTableFromProvider(DataSourceV2Utils.scala:96)
[2025-12-25T07:33:42.521+0000] {subprocess.py:93} INFO - 	at org.apache.spark.sql.execution.datasources.v2.DataSourceV2Utils$.loadV2Source(DataSourceV2Utils.scala:147)
[2025-12-25T07:33:42.521+0000] {subprocess.py:93} INFO - 	at org.apache.spark.sql.catalyst.analysis.ResolveDataSource$$anonfun$apply$1.$anonfun$applyOrElse$1(ResolveDataSource.scala:60)
[2025-12-25T07:33:42.521+0000] {subprocess.py:93} INFO - 	at scala.Option.flatMap(Option.scala:283)
[2025-12-25T07:33:42.521+0000] {subprocess.py:93} INFO - 	at org.apache.spark.sql.catalyst.analysis.ResolveDataSource$$anonfun$apply$1.applyOrElse(ResolveDataSource.scala:58)
[2025-12-25T07:33:42.521+0000] {subprocess.py:93} INFO - 	at org.apache.spark.sql.catalyst.analysis.ResolveDataSource$$anonfun$apply$1.applyOrElse(ResolveDataSource.scala:45)
[2025-12-25T07:33:42.521+0000] {subprocess.py:93} INFO - 	at org.apache.spark.sql.catalyst.plans.logical.AnalysisHelper.$anonfun$resolveOperatorsUpWithPruning$3(AnalysisHelper.scala:139)
[2025-12-25T07:33:42.521+0000] {subprocess.py:93} INFO - 	at org.apache.spark.sql.catalyst.trees.CurrentOrigin$.withOrigin(origin.scala:86)
[2025-12-25T07:33:42.521+0000] {subprocess.py:93} INFO - 	at org.apache.spark.sql.catalyst.plans.logical.AnalysisHelper.$anonfun$resolveOperatorsUpWithPruning$1(AnalysisHelper.scala:139)
[2025-12-25T07:33:42.521+0000] {subprocess.py:93} INFO - 	at org.apache.spark.sql.catalyst.plans.logical.AnalysisHelper$.allowInvokingTransformsInAnalyzer(AnalysisHelper.scala:416)
[2025-12-25T07:33:42.521+0000] {subprocess.py:93} INFO - 	at org.apache.spark.sql.catalyst.plans.logical.AnalysisHelper.resolveOperatorsUpWithPruning(AnalysisHelper.scala:135)
[2025-12-25T07:33:42.521+0000] {subprocess.py:93} INFO - 	at org.apache.spark.sql.catalyst.plans.logical.AnalysisHelper.resolveOperatorsUpWithPruning$(AnalysisHelper.scala:131)
[2025-12-25T07:33:42.522+0000] {subprocess.py:93} INFO - 	at org.apache.spark.sql.catalyst.plans.logical.LogicalPlan.resolveOperatorsUpWithPruning(LogicalPlan.scala:37)
[2025-12-25T07:33:42.523+0000] {subprocess.py:93} INFO - 	at org.apache.spark.sql.catalyst.plans.logical.AnalysisHelper.resolveOperatorsUp(AnalysisHelper.scala:112)
[2025-12-25T07:33:42.523+0000] {subprocess.py:93} INFO - 	at org.apache.spark.sql.catalyst.plans.logical.AnalysisHelper.resolveOperatorsUp$(AnalysisHelper.scala:111)
[2025-12-25T07:33:42.523+0000] {subprocess.py:93} INFO - 	at org.apache.spark.sql.catalyst.plans.logical.LogicalPlan.resolveOperatorsUp(LogicalPlan.scala:37)
[2025-12-25T07:33:42.523+0000] {subprocess.py:93} INFO - 	at org.apache.spark.sql.catalyst.analysis.ResolveDataSource.apply(ResolveDataSource.scala:45)
[2025-12-25T07:33:42.523+0000] {subprocess.py:93} INFO - 	at org.apache.spark.sql.catalyst.analysis.ResolveDataSource.apply(ResolveDataSource.scala:43)
[2025-12-25T07:33:42.523+0000] {subprocess.py:93} INFO - 	at org.apache.spark.sql.catalyst.rules.RuleExecutor.$anonfun$execute$2(RuleExecutor.scala:242)
[2025-12-25T07:33:42.523+0000] {subprocess.py:93} INFO - 	at scala.collection.LinearSeqOps.foldLeft(LinearSeq.scala:183)
[2025-12-25T07:33:42.523+0000] {subprocess.py:93} INFO - 	at scala.collection.LinearSeqOps.foldLeft$(LinearSeq.scala:179)
[2025-12-25T07:33:42.523+0000] {subprocess.py:93} INFO - 	at scala.collection.immutable.List.foldLeft(List.scala:79)
[2025-12-25T07:33:42.523+0000] {subprocess.py:93} INFO - 	at org.apache.spark.sql.catalyst.rules.RuleExecutor.$anonfun$execute$1(RuleExecutor.scala:239)
[2025-12-25T07:33:42.523+0000] {subprocess.py:93} INFO - 	at org.apache.spark.sql.catalyst.rules.RuleExecutor.$anonfun$execute$1$adapted(RuleExecutor.scala:231)
[2025-12-25T07:33:42.524+0000] {subprocess.py:93} INFO - 	at scala.collection.immutable.List.foreach(List.scala:334)
[2025-12-25T07:33:42.524+0000] {subprocess.py:93} INFO - 	at org.apache.spark.sql.catalyst.rules.RuleExecutor.execute(RuleExecutor.scala:231)
[2025-12-25T07:33:42.524+0000] {subprocess.py:93} INFO - 	at org.apache.spark.sql.catalyst.analysis.Analyzer.org$apache$spark$sql$catalyst$analysis$Analyzer$$executeSameContext(Analyzer.scala:340)
[2025-12-25T07:33:42.524+0000] {subprocess.py:93} INFO - 	at org.apache.spark.sql.catalyst.analysis.Analyzer.$anonfun$execute$1(Analyzer.scala:336)
[2025-12-25T07:33:42.524+0000] {subprocess.py:93} INFO - 	at org.apache.spark.sql.catalyst.analysis.AnalysisContext$.withNewAnalysisContext(Analyzer.scala:234)
[2025-12-25T07:33:42.524+0000] {subprocess.py:93} INFO - 	at org.apache.spark.sql.catalyst.analysis.Analyzer.execute(Analyzer.scala:336)
[2025-12-25T07:33:42.524+0000] {subprocess.py:93} INFO - 	at org.apache.spark.sql.catalyst.analysis.Analyzer.execute(Analyzer.scala:299)
[2025-12-25T07:33:42.524+0000] {subprocess.py:93} INFO - 	at org.apache.spark.sql.catalyst.rules.RuleExecutor.$anonfun$executeAndTrack$1(RuleExecutor.scala:201)
[2025-12-25T07:33:42.524+0000] {subprocess.py:93} INFO - 	at org.apache.spark.sql.catalyst.QueryPlanningTracker$.withTracker(QueryPlanningTracker.scala:89)
[2025-12-25T07:33:42.524+0000] {subprocess.py:93} INFO - 	at org.apache.spark.sql.catalyst.rules.RuleExecutor.executeAndTrack(RuleExecutor.scala:201)
[2025-12-25T07:33:42.524+0000] {subprocess.py:93} INFO - 	at org.apache.spark.sql.catalyst.analysis.resolver.HybridAnalyzer.resolveInFixedPoint(HybridAnalyzer.scala:190)
[2025-12-25T07:33:42.524+0000] {subprocess.py:93} INFO - 	at org.apache.spark.sql.catalyst.analysis.resolver.HybridAnalyzer.$anonfun$apply$1(HybridAnalyzer.scala:76)
[2025-12-25T07:33:42.524+0000] {subprocess.py:93} INFO - 	at org.apache.spark.sql.catalyst.analysis.resolver.HybridAnalyzer.withTrackedAnalyzerBridgeState(HybridAnalyzer.scala:111)
[2025-12-25T07:33:42.524+0000] {subprocess.py:93} INFO - 	at org.apache.spark.sql.catalyst.analysis.resolver.HybridAnalyzer.apply(HybridAnalyzer.scala:71)
[2025-12-25T07:33:42.524+0000] {subprocess.py:93} INFO - 	at org.apache.spark.sql.catalyst.analysis.Analyzer.$anonfun$executeAndCheck$1(Analyzer.scala:330)
[2025-12-25T07:33:42.524+0000] {subprocess.py:93} INFO - 	at org.apache.spark.sql.catalyst.plans.logical.AnalysisHelper$.markInAnalyzer(AnalysisHelper.scala:423)
[2025-12-25T07:33:42.524+0000] {subprocess.py:93} INFO - 	at org.apache.spark.sql.catalyst.analysis.Analyzer.executeAndCheck(Analyzer.scala:330)
[2025-12-25T07:33:42.524+0000] {subprocess.py:93} INFO - 	at org.apache.spark.sql.execution.QueryExecution.$anonfun$lazyAnalyzed$2(QueryExecution.scala:110)
[2025-12-25T07:33:42.524+0000] {subprocess.py:93} INFO - 	at org.apache.spark.sql.catalyst.QueryPlanningTracker.measurePhase(QueryPlanningTracker.scala:148)
[2025-12-25T07:33:42.525+0000] {subprocess.py:93} INFO - 	at org.apache.spark.sql.execution.QueryExecution.$anonfun$executePhase$2(QueryExecution.scala:278)
[2025-12-25T07:33:42.525+0000] {subprocess.py:93} INFO - 	at org.apache.spark.sql.execution.QueryExecution$.withInternalError(QueryExecution.scala:654)
[2025-12-25T07:33:42.525+0000] {subprocess.py:93} INFO - 	at org.apache.spark.sql.execution.QueryExecution.$anonfun$executePhase$1(QueryExecution.scala:278)
[2025-12-25T07:33:42.525+0000] {subprocess.py:93} INFO - 	at org.apache.spark.sql.SparkSession.withActive(SparkSession.scala:804)
[2025-12-25T07:33:42.525+0000] {subprocess.py:93} INFO - 	at org.apache.spark.sql.execution.QueryExecution.executePhase(QueryExecution.scala:277)
[2025-12-25T07:33:42.525+0000] {subprocess.py:93} INFO - 	at org.apache.spark.sql.execution.QueryExecution.$anonfun$lazyAnalyzed$1(QueryExecution.scala:110)
[2025-12-25T07:33:42.525+0000] {subprocess.py:93} INFO - 	at scala.util.Try$.apply(Try.scala:217)
[2025-12-25T07:33:42.525+0000] {subprocess.py:93} INFO - 	at org.apache.spark.util.Utils$.doTryWithCallerStacktrace(Utils.scala:1378)
[2025-12-25T07:33:42.525+0000] {subprocess.py:93} INFO - 	at org.apache.spark.util.Utils$.getTryWithCallerStacktrace(Utils.scala:1439)
[2025-12-25T07:33:42.525+0000] {subprocess.py:93} INFO - 	at org.apache.spark.util.LazyTry.get(LazyTry.scala:58)
[2025-12-25T07:33:42.525+0000] {subprocess.py:93} INFO - 	at org.apache.spark.sql.execution.QueryExecution.analyzed(QueryExecution.scala:121)
[2025-12-25T07:33:42.525+0000] {subprocess.py:93} INFO - 	at org.apache.spark.sql.execution.QueryExecution.assertAnalyzed(QueryExecution.scala:80)
[2025-12-25T07:33:42.525+0000] {subprocess.py:93} INFO - 	at org.apache.spark.sql.classic.Dataset$.$anonfun$ofRows$1(Dataset.scala:115)
[2025-12-25T07:33:42.525+0000] {subprocess.py:93} INFO - 	at org.apache.spark.sql.SparkSession.withActive(SparkSession.scala:804)
[2025-12-25T07:33:42.525+0000] {subprocess.py:93} INFO - 	at org.apache.spark.sql.classic.Dataset$.ofRows(Dataset.scala:113)
[2025-12-25T07:33:42.525+0000] {subprocess.py:93} INFO - 	at org.apache.spark.sql.classic.DataFrameReader.load(DataFrameReader.scala:109)
[2025-12-25T07:33:42.526+0000] {subprocess.py:93} INFO - 	at org.apache.spark.sql.classic.DataFrameReader.load(DataFrameReader.scala:92)
[2025-12-25T07:33:42.526+0000] {subprocess.py:93} INFO - 	at org.apache.spark.sql.classic.DataFrameReader.load(DataFrameReader.scala:58)
[2025-12-25T07:33:42.526+0000] {subprocess.py:93} INFO - 	at java.base/jdk.internal.reflect.NativeMethodAccessorImpl.invoke0(Native Method)
[2025-12-25T07:33:42.526+0000] {subprocess.py:93} INFO - 	at java.base/jdk.internal.reflect.NativeMethodAccessorImpl.invoke(NativeMethodAccessorImpl.java:75)
[2025-12-25T07:33:42.526+0000] {subprocess.py:93} INFO - 	at java.base/jdk.internal.reflect.DelegatingMethodAccessorImpl.invoke(DelegatingMethodAccessorImpl.java:52)
[2025-12-25T07:33:42.526+0000] {subprocess.py:93} INFO - 	at java.base/java.lang.reflect.Method.invoke(Method.java:580)
[2025-12-25T07:33:42.526+0000] {subprocess.py:93} INFO - 	at py4j.reflection.MethodInvoker.invoke(MethodInvoker.java:244)
[2025-12-25T07:33:42.526+0000] {subprocess.py:93} INFO - 	at py4j.reflection.ReflectionEngine.invoke(ReflectionEngine.java:374)
[2025-12-25T07:33:42.526+0000] {subprocess.py:93} INFO - 	at py4j.Gateway.invoke(Gateway.java:282)
[2025-12-25T07:33:42.526+0000] {subprocess.py:93} INFO - 	at py4j.commands.AbstractCommand.invokeMethod(AbstractCommand.java:132)
[2025-12-25T07:33:42.527+0000] {subprocess.py:93} INFO - 	at py4j.commands.CallCommand.execute(CallCommand.java:79)
[2025-12-25T07:33:42.527+0000] {subprocess.py:93} INFO - 	at py4j.ClientServerConnection.waitForCommands(ClientServerConnection.java:184)
[2025-12-25T07:33:42.527+0000] {subprocess.py:93} INFO - 	at py4j.ClientServerConnection.run(ClientServerConnection.java:108)
[2025-12-25T07:33:42.527+0000] {subprocess.py:93} INFO - 	at java.base/java.lang.Thread.run(Thread.java:1583)
[2025-12-25T07:33:42.527+0000] {subprocess.py:93} INFO - 	Suppressed: org.apache.spark.util.Utils$OriginalTryStackTraceException: Full stacktrace of original doTryWithCallerStacktrace caller
[2025-12-25T07:33:42.527+0000] {subprocess.py:93} INFO - 		at com.mongodb.internal.connection.BaseCluster.getDescription(BaseCluster.java:184)
[2025-12-25T07:33:42.527+0000] {subprocess.py:93} INFO - 		at com.mongodb.internal.connection.SingleServerCluster.getDescription(SingleServerCluster.java:46)
[2025-12-25T07:33:42.527+0000] {subprocess.py:93} INFO - 		at com.mongodb.client.internal.MongoClientDelegate.getConnectedClusterDescription(MongoClientDelegate.java:144)
[2025-12-25T07:33:42.527+0000] {subprocess.py:93} INFO - 		at com.mongodb.client.internal.MongoClientDelegate.createClientSession(MongoClientDelegate.java:101)
[2025-12-25T07:33:42.527+0000] {subprocess.py:93} INFO - 		at com.mongodb.client.internal.MongoClientDelegate$DelegateOperationExecutor.getClientSession(MongoClientDelegate.java:291)
[2025-12-25T07:33:42.527+0000] {subprocess.py:93} INFO - 		at com.mongodb.client.internal.MongoClientDelegate$DelegateOperationExecutor.execute(MongoClientDelegate.java:183)
[2025-12-25T07:33:42.527+0000] {subprocess.py:93} INFO - 		at com.mongodb.client.internal.MongoIterableImpl.execute(MongoIterableImpl.java:133)
[2025-12-25T07:33:42.527+0000] {subprocess.py:93} INFO - 		at com.mongodb.client.internal.MongoIterableImpl.iterator(MongoIterableImpl.java:90)
[2025-12-25T07:33:42.527+0000] {subprocess.py:93} INFO - 		at com.mongodb.client.internal.MongoIterableImpl.forEach(MongoIterableImpl.java:119)
[2025-12-25T07:33:42.528+0000] {subprocess.py:93} INFO - 		at com.mongodb.client.internal.MongoIterableImpl.into(MongoIterableImpl.java:128)
[2025-12-25T07:33:42.528+0000] {subprocess.py:93} INFO - 		at com.mongodb.spark.sql.connector.schema.InferSchema.lambda$inferSchema$0(InferSchema.java:86)
[2025-12-25T07:33:42.528+0000] {subprocess.py:93} INFO - 		at com.mongodb.spark.sql.connector.config.AbstractMongoConfig.withCollection(AbstractMongoConfig.java:173)
[2025-12-25T07:33:42.528+0000] {subprocess.py:93} INFO - 		at com.mongodb.spark.sql.connector.config.ReadConfig.withCollection(ReadConfig.java:45)
[2025-12-25T07:33:42.528+0000] {subprocess.py:93} INFO - 		at com.mongodb.spark.sql.connector.schema.InferSchema.inferSchema(InferSchema.java:82)
[2025-12-25T07:33:42.528+0000] {subprocess.py:93} INFO - 		at com.mongodb.spark.sql.connector.MongoTableProvider.inferSchema(MongoTableProvider.java:62)
[2025-12-25T07:33:42.528+0000] {subprocess.py:93} INFO - 		at org.apache.spark.sql.execution.datasources.v2.DataSourceV2Utils$.getTableFromProvider(DataSourceV2Utils.scala:96)
[2025-12-25T07:33:42.528+0000] {subprocess.py:93} INFO - 		at org.apache.spark.sql.execution.datasources.v2.DataSourceV2Utils$.loadV2Source(DataSourceV2Utils.scala:147)
[2025-12-25T07:33:42.528+0000] {subprocess.py:93} INFO - 		at org.apache.spark.sql.catalyst.analysis.ResolveDataSource$$anonfun$apply$1.$anonfun$applyOrElse$1(ResolveDataSource.scala:60)
[2025-12-25T07:33:42.528+0000] {subprocess.py:93} INFO - 		at scala.Option.flatMap(Option.scala:283)
[2025-12-25T07:33:42.528+0000] {subprocess.py:93} INFO - 		at org.apache.spark.sql.catalyst.analysis.ResolveDataSource$$anonfun$apply$1.applyOrElse(ResolveDataSource.scala:58)
[2025-12-25T07:33:42.528+0000] {subprocess.py:93} INFO - 		at org.apache.spark.sql.catalyst.analysis.ResolveDataSource$$anonfun$apply$1.applyOrElse(ResolveDataSource.scala:45)
[2025-12-25T07:33:42.528+0000] {subprocess.py:93} INFO - 		at org.apache.spark.sql.catalyst.plans.logical.AnalysisHelper.$anonfun$resolveOperatorsUpWithPruning$3(AnalysisHelper.scala:139)
[2025-12-25T07:33:42.528+0000] {subprocess.py:93} INFO - 		at org.apache.spark.sql.catalyst.trees.CurrentOrigin$.withOrigin(origin.scala:86)
[2025-12-25T07:33:42.528+0000] {subprocess.py:93} INFO - 		at org.apache.spark.sql.catalyst.plans.logical.AnalysisHelper.$anonfun$resolveOperatorsUpWithPruning$1(AnalysisHelper.scala:139)
[2025-12-25T07:33:42.528+0000] {subprocess.py:93} INFO - 		at org.apache.spark.sql.catalyst.plans.logical.AnalysisHelper$.allowInvokingTransformsInAnalyzer(AnalysisHelper.scala:416)
[2025-12-25T07:33:42.528+0000] {subprocess.py:93} INFO - 		at org.apache.spark.sql.catalyst.plans.logical.AnalysisHelper.resolveOperatorsUpWithPruning(AnalysisHelper.scala:135)
[2025-12-25T07:33:42.528+0000] {subprocess.py:93} INFO - 		at org.apache.spark.sql.catalyst.plans.logical.AnalysisHelper.resolveOperatorsUpWithPruning$(AnalysisHelper.scala:131)
[2025-12-25T07:33:42.529+0000] {subprocess.py:93} INFO - 		at org.apache.spark.sql.catalyst.plans.logical.LogicalPlan.resolveOperatorsUpWithPruning(LogicalPlan.scala:37)
[2025-12-25T07:33:42.529+0000] {subprocess.py:93} INFO - 		at org.apache.spark.sql.catalyst.plans.logical.AnalysisHelper.resolveOperatorsUp(AnalysisHelper.scala:112)
[2025-12-25T07:33:42.529+0000] {subprocess.py:93} INFO - 		at org.apache.spark.sql.catalyst.plans.logical.AnalysisHelper.resolveOperatorsUp$(AnalysisHelper.scala:111)
[2025-12-25T07:33:42.529+0000] {subprocess.py:93} INFO - 		at org.apache.spark.sql.catalyst.plans.logical.LogicalPlan.resolveOperatorsUp(LogicalPlan.scala:37)
[2025-12-25T07:33:42.529+0000] {subprocess.py:93} INFO - 		at org.apache.spark.sql.catalyst.analysis.ResolveDataSource.apply(ResolveDataSource.scala:45)
[2025-12-25T07:33:42.529+0000] {subprocess.py:93} INFO - 		at org.apache.spark.sql.catalyst.analysis.ResolveDataSource.apply(ResolveDataSource.scala:43)
[2025-12-25T07:33:42.529+0000] {subprocess.py:93} INFO - 		at org.apache.spark.sql.catalyst.rules.RuleExecutor.$anonfun$execute$2(RuleExecutor.scala:242)
[2025-12-25T07:33:42.529+0000] {subprocess.py:93} INFO - 		at scala.collection.LinearSeqOps.foldLeft(LinearSeq.scala:183)
[2025-12-25T07:33:42.529+0000] {subprocess.py:93} INFO - 		at scala.collection.LinearSeqOps.foldLeft$(LinearSeq.scala:179)
[2025-12-25T07:33:42.529+0000] {subprocess.py:93} INFO - 		at scala.collection.immutable.List.foldLeft(List.scala:79)
[2025-12-25T07:33:42.529+0000] {subprocess.py:93} INFO - 		at org.apache.spark.sql.catalyst.rules.RuleExecutor.$anonfun$execute$1(RuleExecutor.scala:239)
[2025-12-25T07:33:42.529+0000] {subprocess.py:93} INFO - 		at org.apache.spark.sql.catalyst.rules.RuleExecutor.$anonfun$execute$1$adapted(RuleExecutor.scala:231)
[2025-12-25T07:33:42.529+0000] {subprocess.py:93} INFO - 		at scala.collection.immutable.List.foreach(List.scala:334)
[2025-12-25T07:33:42.530+0000] {subprocess.py:93} INFO - 		at org.apache.spark.sql.catalyst.rules.RuleExecutor.execute(RuleExecutor.scala:231)
[2025-12-25T07:33:42.530+0000] {subprocess.py:93} INFO - 		at org.apache.spark.sql.catalyst.analysis.Analyzer.org$apache$spark$sql$catalyst$analysis$Analyzer$$executeSameContext(Analyzer.scala:340)
[2025-12-25T07:33:42.530+0000] {subprocess.py:93} INFO - 		at org.apache.spark.sql.catalyst.analysis.Analyzer.$anonfun$execute$1(Analyzer.scala:336)
[2025-12-25T07:33:42.530+0000] {subprocess.py:93} INFO - 		at org.apache.spark.sql.catalyst.analysis.AnalysisContext$.withNewAnalysisContext(Analyzer.scala:234)
[2025-12-25T07:33:42.530+0000] {subprocess.py:93} INFO - 		at org.apache.spark.sql.catalyst.analysis.Analyzer.execute(Analyzer.scala:336)
[2025-12-25T07:33:42.530+0000] {subprocess.py:93} INFO - 		at org.apache.spark.sql.catalyst.analysis.Analyzer.execute(Analyzer.scala:299)
[2025-12-25T07:33:42.530+0000] {subprocess.py:93} INFO - 		at org.apache.spark.sql.catalyst.rules.RuleExecutor.$anonfun$executeAndTrack$1(RuleExecutor.scala:201)
[2025-12-25T07:33:42.530+0000] {subprocess.py:93} INFO - 		at org.apache.spark.sql.catalyst.QueryPlanningTracker$.withTracker(QueryPlanningTracker.scala:89)
[2025-12-25T07:33:42.530+0000] {subprocess.py:93} INFO - 		at org.apache.spark.sql.catalyst.rules.RuleExecutor.executeAndTrack(RuleExecutor.scala:201)
[2025-12-25T07:33:42.530+0000] {subprocess.py:93} INFO - 		at org.apache.spark.sql.catalyst.analysis.resolver.HybridAnalyzer.resolveInFixedPoint(HybridAnalyzer.scala:190)
[2025-12-25T07:33:42.530+0000] {subprocess.py:93} INFO - 		at org.apache.spark.sql.catalyst.analysis.resolver.HybridAnalyzer.$anonfun$apply$1(HybridAnalyzer.scala:76)
[2025-12-25T07:33:42.530+0000] {subprocess.py:93} INFO - 		at org.apache.spark.sql.catalyst.analysis.resolver.HybridAnalyzer.withTrackedAnalyzerBridgeState(HybridAnalyzer.scala:111)
[2025-12-25T07:33:42.531+0000] {subprocess.py:93} INFO - 		at org.apache.spark.sql.catalyst.analysis.resolver.HybridAnalyzer.apply(HybridAnalyzer.scala:71)
[2025-12-25T07:33:42.531+0000] {subprocess.py:93} INFO - 		at org.apache.spark.sql.catalyst.analysis.Analyzer.$anonfun$executeAndCheck$1(Analyzer.scala:330)
[2025-12-25T07:33:42.531+0000] {subprocess.py:93} INFO - 		at org.apache.spark.sql.catalyst.plans.logical.AnalysisHelper$.markInAnalyzer(AnalysisHelper.scala:423)
[2025-12-25T07:33:42.531+0000] {subprocess.py:93} INFO - 		at org.apache.spark.sql.catalyst.analysis.Analyzer.executeAndCheck(Analyzer.scala:330)
[2025-12-25T07:33:42.531+0000] {subprocess.py:93} INFO - 		at org.apache.spark.sql.execution.QueryExecution.$anonfun$lazyAnalyzed$2(QueryExecution.scala:110)
[2025-12-25T07:33:42.531+0000] {subprocess.py:93} INFO - 		at org.apache.spark.sql.catalyst.QueryPlanningTracker.measurePhase(QueryPlanningTracker.scala:148)
[2025-12-25T07:33:42.531+0000] {subprocess.py:93} INFO - 		at org.apache.spark.sql.execution.QueryExecution.$anonfun$executePhase$2(QueryExecution.scala:278)
[2025-12-25T07:33:42.531+0000] {subprocess.py:93} INFO - 		at org.apache.spark.sql.execution.QueryExecution$.withInternalError(QueryExecution.scala:654)
[2025-12-25T07:33:42.531+0000] {subprocess.py:93} INFO - 		at org.apache.spark.sql.execution.QueryExecution.$anonfun$executePhase$1(QueryExecution.scala:278)
[2025-12-25T07:33:42.531+0000] {subprocess.py:93} INFO - 		at org.apache.spark.sql.SparkSession.withActive(SparkSession.scala:804)
[2025-12-25T07:33:42.531+0000] {subprocess.py:93} INFO - 		at org.apache.spark.sql.execution.QueryExecution.executePhase(QueryExecution.scala:277)
[2025-12-25T07:33:42.531+0000] {subprocess.py:93} INFO - 		at org.apache.spark.sql.execution.QueryExecution.$anonfun$lazyAnalyzed$1(QueryExecution.scala:110)
[2025-12-25T07:33:42.531+0000] {subprocess.py:93} INFO - 		at scala.util.Try$.apply(Try.scala:217)
[2025-12-25T07:33:42.532+0000] {subprocess.py:93} INFO - 		at org.apache.spark.util.Utils$.doTryWithCallerStacktrace(Utils.scala:1378)
[2025-12-25T07:33:42.532+0000] {subprocess.py:93} INFO - 		at org.apache.spark.util.LazyTry.tryT$lzycompute(LazyTry.scala:46)
[2025-12-25T07:33:42.532+0000] {subprocess.py:93} INFO - 		at org.apache.spark.util.LazyTry.tryT(LazyTry.scala:46)
[2025-12-25T07:33:42.532+0000] {subprocess.py:93} INFO - 		... 21 more
[2025-12-25T07:33:42.532+0000] {subprocess.py:93} INFO - 
[2025-12-25T07:33:42.567+0000] {subprocess.py:93} INFO - Traceback (most recent call last):
[2025-12-25T07:33:42.568+0000] {subprocess.py:93} INFO -   File "/opt/spark-apps/compute_kpis.py", line 101, in main
[2025-12-25T07:33:42.568+0000] {subprocess.py:93} INFO -     .load()
[2025-12-25T07:33:42.568+0000] {subprocess.py:93} INFO -   File "/opt/spark/python/lib/pyspark.zip/pyspark/sql/readwriter.py", line 318, in load
[2025-12-25T07:33:42.568+0000] {subprocess.py:93} INFO -     return self._df(self._jreader.load())
[2025-12-25T07:33:42.568+0000] {subprocess.py:93} INFO -   File "/opt/spark/python/lib/py4j-0.10.9.9-src.zip/py4j/java_gateway.py", line 1362, in __call__
[2025-12-25T07:33:42.568+0000] {subprocess.py:93} INFO -     return_value = get_return_value(
[2025-12-25T07:33:42.568+0000] {subprocess.py:93} INFO -   File "/opt/spark/python/lib/pyspark.zip/pyspark/errors/exceptions/captured.py", line 282, in deco
[2025-12-25T07:33:42.569+0000] {subprocess.py:93} INFO -     return f(*a, **kw)
[2025-12-25T07:33:42.569+0000] {subprocess.py:93} INFO -   File "/opt/spark/python/lib/py4j-0.10.9.9-src.zip/py4j/protocol.py", line 327, in get_return_value
[2025-12-25T07:33:42.569+0000] {subprocess.py:93} INFO -     raise Py4JJavaError(
[2025-12-25T07:33:42.569+0000] {subprocess.py:93} INFO - py4j.protocol.Py4JJavaError: An error occurred while calling o45.load.
[2025-12-25T07:33:42.569+0000] {subprocess.py:93} INFO - : com.mongodb.MongoTimeoutException: Timed out after 30000 ms while waiting to connect. Client view of cluster state is {type=UNKNOWN, servers=[{address=localhost:27017, type=UNKNOWN, state=CONNECTING, exception={com.mongodb.MongoSocketOpenException: Exception opening socket}, caused by {java.net.ConnectException: Connection refused}}]
[2025-12-25T07:33:42.569+0000] {subprocess.py:93} INFO - 	at com.mongodb.internal.connection.BaseCluster.getDescription(BaseCluster.java:184)
[2025-12-25T07:33:42.569+0000] {subprocess.py:93} INFO - 	at com.mongodb.internal.connection.SingleServerCluster.getDescription(SingleServerCluster.java:46)
[2025-12-25T07:33:42.569+0000] {subprocess.py:93} INFO - 	at com.mongodb.client.internal.MongoClientDelegate.getConnectedClusterDescription(MongoClientDelegate.java:144)
[2025-12-25T07:33:42.569+0000] {subprocess.py:93} INFO - 	at com.mongodb.client.internal.MongoClientDelegate.createClientSession(MongoClientDelegate.java:101)
[2025-12-25T07:33:42.569+0000] {subprocess.py:93} INFO - 	at com.mongodb.client.internal.MongoClientDelegate$DelegateOperationExecutor.getClientSession(MongoClientDelegate.java:291)
[2025-12-25T07:33:42.569+0000] {subprocess.py:93} INFO - 	at com.mongodb.client.internal.MongoClientDelegate$DelegateOperationExecutor.execute(MongoClientDelegate.java:183)
[2025-12-25T07:33:42.569+0000] {subprocess.py:93} INFO - 	at com.mongodb.client.internal.MongoIterableImpl.execute(MongoIterableImpl.java:133)
[2025-12-25T07:33:42.569+0000] {subprocess.py:93} INFO - 	at com.mongodb.client.internal.MongoIterableImpl.iterator(MongoIterableImpl.java:90)
[2025-12-25T07:33:42.569+0000] {subprocess.py:93} INFO - 	at com.mongodb.client.internal.MongoIterableImpl.forEach(MongoIterableImpl.java:119)
[2025-12-25T07:33:42.569+0000] {subprocess.py:93} INFO - 	at com.mongodb.client.internal.MongoIterableImpl.into(MongoIterableImpl.java:128)
[2025-12-25T07:33:42.570+0000] {subprocess.py:93} INFO - 	at com.mongodb.spark.sql.connector.schema.InferSchema.lambda$inferSchema$0(InferSchema.java:86)
[2025-12-25T07:33:42.570+0000] {subprocess.py:93} INFO - 	at com.mongodb.spark.sql.connector.config.AbstractMongoConfig.withCollection(AbstractMongoConfig.java:173)
[2025-12-25T07:33:42.570+0000] {subprocess.py:93} INFO - 	at com.mongodb.spark.sql.connector.config.ReadConfig.withCollection(ReadConfig.java:45)
[2025-12-25T07:33:42.570+0000] {subprocess.py:93} INFO - 	at com.mongodb.spark.sql.connector.schema.InferSchema.inferSchema(InferSchema.java:82)
[2025-12-25T07:33:42.570+0000] {subprocess.py:93} INFO - 	at com.mongodb.spark.sql.connector.MongoTableProvider.inferSchema(MongoTableProvider.java:62)
[2025-12-25T07:33:42.570+0000] {subprocess.py:93} INFO - 	at org.apache.spark.sql.execution.datasources.v2.DataSourceV2Utils$.getTableFromProvider(DataSourceV2Utils.scala:96)
[2025-12-25T07:33:42.570+0000] {subprocess.py:93} INFO - 	at org.apache.spark.sql.execution.datasources.v2.DataSourceV2Utils$.loadV2Source(DataSourceV2Utils.scala:147)
[2025-12-25T07:33:42.570+0000] {subprocess.py:93} INFO - 	at org.apache.spark.sql.catalyst.analysis.ResolveDataSource$$anonfun$apply$1.$anonfun$applyOrElse$1(ResolveDataSource.scala:60)
[2025-12-25T07:33:42.570+0000] {subprocess.py:93} INFO - 	at scala.Option.flatMap(Option.scala:283)
[2025-12-25T07:33:42.570+0000] {subprocess.py:93} INFO - 	at org.apache.spark.sql.catalyst.analysis.ResolveDataSource$$anonfun$apply$1.applyOrElse(ResolveDataSource.scala:58)
[2025-12-25T07:33:42.570+0000] {subprocess.py:93} INFO - 	at org.apache.spark.sql.catalyst.analysis.ResolveDataSource$$anonfun$apply$1.applyOrElse(ResolveDataSource.scala:45)
[2025-12-25T07:33:42.570+0000] {subprocess.py:93} INFO - 	at org.apache.spark.sql.catalyst.plans.logical.AnalysisHelper.$anonfun$resolveOperatorsUpWithPruning$3(AnalysisHelper.scala:139)
[2025-12-25T07:33:42.570+0000] {subprocess.py:93} INFO - 	at org.apache.spark.sql.catalyst.trees.CurrentOrigin$.withOrigin(origin.scala:86)
[2025-12-25T07:33:42.570+0000] {subprocess.py:93} INFO - 	at org.apache.spark.sql.catalyst.plans.logical.AnalysisHelper.$anonfun$resolveOperatorsUpWithPruning$1(AnalysisHelper.scala:139)
[2025-12-25T07:33:42.570+0000] {subprocess.py:93} INFO - 	at org.apache.spark.sql.catalyst.plans.logical.AnalysisHelper$.allowInvokingTransformsInAnalyzer(AnalysisHelper.scala:416)
[2025-12-25T07:33:42.570+0000] {subprocess.py:93} INFO - 	at org.apache.spark.sql.catalyst.plans.logical.AnalysisHelper.resolveOperatorsUpWithPruning(AnalysisHelper.scala:135)
[2025-12-25T07:33:42.570+0000] {subprocess.py:93} INFO - 	at org.apache.spark.sql.catalyst.plans.logical.AnalysisHelper.resolveOperatorsUpWithPruning$(AnalysisHelper.scala:131)
[2025-12-25T07:33:42.570+0000] {subprocess.py:93} INFO - 	at org.apache.spark.sql.catalyst.plans.logical.LogicalPlan.resolveOperatorsUpWithPruning(LogicalPlan.scala:37)
[2025-12-25T07:33:42.571+0000] {subprocess.py:93} INFO - 	at org.apache.spark.sql.catalyst.plans.logical.AnalysisHelper.resolveOperatorsUp(AnalysisHelper.scala:112)
[2025-12-25T07:33:42.571+0000] {subprocess.py:93} INFO - 	at org.apache.spark.sql.catalyst.plans.logical.AnalysisHelper.resolveOperatorsUp$(AnalysisHelper.scala:111)
[2025-12-25T07:33:42.571+0000] {subprocess.py:93} INFO - 	at org.apache.spark.sql.catalyst.plans.logical.LogicalPlan.resolveOperatorsUp(LogicalPlan.scala:37)
[2025-12-25T07:33:42.571+0000] {subprocess.py:93} INFO - 	at org.apache.spark.sql.catalyst.analysis.ResolveDataSource.apply(ResolveDataSource.scala:45)
[2025-12-25T07:33:42.571+0000] {subprocess.py:93} INFO - 	at org.apache.spark.sql.catalyst.analysis.ResolveDataSource.apply(ResolveDataSource.scala:43)
[2025-12-25T07:33:42.571+0000] {subprocess.py:93} INFO - 	at org.apache.spark.sql.catalyst.rules.RuleExecutor.$anonfun$execute$2(RuleExecutor.scala:242)
[2025-12-25T07:33:42.571+0000] {subprocess.py:93} INFO - 	at scala.collection.LinearSeqOps.foldLeft(LinearSeq.scala:183)
[2025-12-25T07:33:42.571+0000] {subprocess.py:93} INFO - 	at scala.collection.LinearSeqOps.foldLeft$(LinearSeq.scala:179)
[2025-12-25T07:33:42.572+0000] {subprocess.py:93} INFO - 	at scala.collection.immutable.List.foldLeft(List.scala:79)
[2025-12-25T07:33:42.572+0000] {subprocess.py:93} INFO - 	at org.apache.spark.sql.catalyst.rules.RuleExecutor.$anonfun$execute$1(RuleExecutor.scala:239)
[2025-12-25T07:33:42.572+0000] {subprocess.py:93} INFO - 	at org.apache.spark.sql.catalyst.rules.RuleExecutor.$anonfun$execute$1$adapted(RuleExecutor.scala:231)
[2025-12-25T07:33:42.572+0000] {subprocess.py:93} INFO - 	at scala.collection.immutable.List.foreach(List.scala:334)
[2025-12-25T07:33:42.572+0000] {subprocess.py:93} INFO - 	at org.apache.spark.sql.catalyst.rules.RuleExecutor.execute(RuleExecutor.scala:231)
[2025-12-25T07:33:42.572+0000] {subprocess.py:93} INFO - 	at org.apache.spark.sql.catalyst.analysis.Analyzer.org$apache$spark$sql$catalyst$analysis$Analyzer$$executeSameContext(Analyzer.scala:340)
[2025-12-25T07:33:42.572+0000] {subprocess.py:93} INFO - 	at org.apache.spark.sql.catalyst.analysis.Analyzer.$anonfun$execute$1(Analyzer.scala:336)
[2025-12-25T07:33:42.572+0000] {subprocess.py:93} INFO - 	at org.apache.spark.sql.catalyst.analysis.AnalysisContext$.withNewAnalysisContext(Analyzer.scala:234)
[2025-12-25T07:33:42.572+0000] {subprocess.py:93} INFO - 	at org.apache.spark.sql.catalyst.analysis.Analyzer.execute(Analyzer.scala:336)
[2025-12-25T07:33:42.572+0000] {subprocess.py:93} INFO - 	at org.apache.spark.sql.catalyst.analysis.Analyzer.execute(Analyzer.scala:299)
[2025-12-25T07:33:42.572+0000] {subprocess.py:93} INFO - 	at org.apache.spark.sql.catalyst.rules.RuleExecutor.$anonfun$executeAndTrack$1(RuleExecutor.scala:201)
[2025-12-25T07:33:42.572+0000] {subprocess.py:93} INFO - 	at org.apache.spark.sql.catalyst.QueryPlanningTracker$.withTracker(QueryPlanningTracker.scala:89)
[2025-12-25T07:33:42.572+0000] {subprocess.py:93} INFO - 	at org.apache.spark.sql.catalyst.rules.RuleExecutor.executeAndTrack(RuleExecutor.scala:201)
[2025-12-25T07:33:42.572+0000] {subprocess.py:93} INFO - 	at org.apache.spark.sql.catalyst.analysis.resolver.HybridAnalyzer.resolveInFixedPoint(HybridAnalyzer.scala:190)
[2025-12-25T07:33:42.572+0000] {subprocess.py:93} INFO - 	at org.apache.spark.sql.catalyst.analysis.resolver.HybridAnalyzer.$anonfun$apply$1(HybridAnalyzer.scala:76)
[2025-12-25T07:33:42.572+0000] {subprocess.py:93} INFO - 	at org.apache.spark.sql.catalyst.analysis.resolver.HybridAnalyzer.withTrackedAnalyzerBridgeState(HybridAnalyzer.scala:111)
[2025-12-25T07:33:42.573+0000] {subprocess.py:93} INFO - 	at org.apache.spark.sql.catalyst.analysis.resolver.HybridAnalyzer.apply(HybridAnalyzer.scala:71)
[2025-12-25T07:33:42.573+0000] {subprocess.py:93} INFO - 	at org.apache.spark.sql.catalyst.analysis.Analyzer.$anonfun$executeAndCheck$1(Analyzer.scala:330)
[2025-12-25T07:33:42.573+0000] {subprocess.py:93} INFO - 	at org.apache.spark.sql.catalyst.plans.logical.AnalysisHelper$.markInAnalyzer(AnalysisHelper.scala:423)
[2025-12-25T07:33:42.573+0000] {subprocess.py:93} INFO - 	at org.apache.spark.sql.catalyst.analysis.Analyzer.executeAndCheck(Analyzer.scala:330)
[2025-12-25T07:33:42.573+0000] {subprocess.py:93} INFO - 	at org.apache.spark.sql.execution.QueryExecution.$anonfun$lazyAnalyzed$2(QueryExecution.scala:110)
[2025-12-25T07:33:42.573+0000] {subprocess.py:93} INFO - 	at org.apache.spark.sql.catalyst.QueryPlanningTracker.measurePhase(QueryPlanningTracker.scala:148)
[2025-12-25T07:33:42.573+0000] {subprocess.py:93} INFO - 	at org.apache.spark.sql.execution.QueryExecution.$anonfun$executePhase$2(QueryExecution.scala:278)
[2025-12-25T07:33:42.573+0000] {subprocess.py:93} INFO - 	at org.apache.spark.sql.execution.QueryExecution$.withInternalError(QueryExecution.scala:654)
[2025-12-25T07:33:42.573+0000] {subprocess.py:93} INFO - 	at org.apache.spark.sql.execution.QueryExecution.$anonfun$executePhase$1(QueryExecution.scala:278)
[2025-12-25T07:33:42.573+0000] {subprocess.py:93} INFO - 	at org.apache.spark.sql.SparkSession.withActive(SparkSession.scala:804)
[2025-12-25T07:33:42.573+0000] {subprocess.py:93} INFO - 	at org.apache.spark.sql.execution.QueryExecution.executePhase(QueryExecution.scala:277)
[2025-12-25T07:33:42.573+0000] {subprocess.py:93} INFO - 	at org.apache.spark.sql.execution.QueryExecution.$anonfun$lazyAnalyzed$1(QueryExecution.scala:110)
[2025-12-25T07:33:42.573+0000] {subprocess.py:93} INFO - 	at scala.util.Try$.apply(Try.scala:217)
[2025-12-25T07:33:42.573+0000] {subprocess.py:93} INFO - 	at org.apache.spark.util.Utils$.doTryWithCallerStacktrace(Utils.scala:1378)
[2025-12-25T07:33:42.573+0000] {subprocess.py:93} INFO - 	at org.apache.spark.util.Utils$.getTryWithCallerStacktrace(Utils.scala:1439)
[2025-12-25T07:33:42.573+0000] {subprocess.py:93} INFO - 	at org.apache.spark.util.LazyTry.get(LazyTry.scala:58)
[2025-12-25T07:33:42.573+0000] {subprocess.py:93} INFO - 	at org.apache.spark.sql.execution.QueryExecution.analyzed(QueryExecution.scala:121)
[2025-12-25T07:33:42.574+0000] {subprocess.py:93} INFO - 	at org.apache.spark.sql.execution.QueryExecution.assertAnalyzed(QueryExecution.scala:80)
[2025-12-25T07:33:42.574+0000] {subprocess.py:93} INFO - 	at org.apache.spark.sql.classic.Dataset$.$anonfun$ofRows$1(Dataset.scala:115)
[2025-12-25T07:33:42.574+0000] {subprocess.py:93} INFO - 	at org.apache.spark.sql.SparkSession.withActive(SparkSession.scala:804)
[2025-12-25T07:33:42.574+0000] {subprocess.py:93} INFO - 	at org.apache.spark.sql.classic.Dataset$.ofRows(Dataset.scala:113)
[2025-12-25T07:33:42.574+0000] {subprocess.py:93} INFO - 	at org.apache.spark.sql.classic.DataFrameReader.load(DataFrameReader.scala:109)
[2025-12-25T07:33:42.574+0000] {subprocess.py:93} INFO - 	at org.apache.spark.sql.classic.DataFrameReader.load(DataFrameReader.scala:92)
[2025-12-25T07:33:42.574+0000] {subprocess.py:93} INFO - 	at org.apache.spark.sql.classic.DataFrameReader.load(DataFrameReader.scala:58)
[2025-12-25T07:33:42.574+0000] {subprocess.py:93} INFO - 	at java.base/jdk.internal.reflect.NativeMethodAccessorImpl.invoke0(Native Method)
[2025-12-25T07:33:42.574+0000] {subprocess.py:93} INFO - 	at java.base/jdk.internal.reflect.NativeMethodAccessorImpl.invoke(NativeMethodAccessorImpl.java:75)
[2025-12-25T07:33:42.574+0000] {subprocess.py:93} INFO - 	at java.base/jdk.internal.reflect.DelegatingMethodAccessorImpl.invoke(DelegatingMethodAccessorImpl.java:52)
[2025-12-25T07:33:42.574+0000] {subprocess.py:93} INFO - 	at java.base/java.lang.reflect.Method.invoke(Method.java:580)
[2025-12-25T07:33:42.574+0000] {subprocess.py:93} INFO - 	at py4j.reflection.MethodInvoker.invoke(MethodInvoker.java:244)
[2025-12-25T07:33:42.574+0000] {subprocess.py:93} INFO - 	at py4j.reflection.ReflectionEngine.invoke(ReflectionEngine.java:374)
[2025-12-25T07:33:42.575+0000] {subprocess.py:93} INFO - 	at py4j.Gateway.invoke(Gateway.java:282)
[2025-12-25T07:33:42.575+0000] {subprocess.py:93} INFO - 	at py4j.commands.AbstractCommand.invokeMethod(AbstractCommand.java:132)
[2025-12-25T07:33:42.575+0000] {subprocess.py:93} INFO - 	at py4j.commands.CallCommand.execute(CallCommand.java:79)
[2025-12-25T07:33:42.575+0000] {subprocess.py:93} INFO - 	at py4j.ClientServerConnection.waitForCommands(ClientServerConnection.java:184)
[2025-12-25T07:33:42.575+0000] {subprocess.py:93} INFO - 	at py4j.ClientServerConnection.run(ClientServerConnection.java:108)
[2025-12-25T07:33:42.575+0000] {subprocess.py:93} INFO - 	at java.base/java.lang.Thread.run(Thread.java:1583)
[2025-12-25T07:33:42.575+0000] {subprocess.py:93} INFO - 	Suppressed: org.apache.spark.util.Utils$OriginalTryStackTraceException: Full stacktrace of original doTryWithCallerStacktrace caller
[2025-12-25T07:33:42.575+0000] {subprocess.py:93} INFO - 		at com.mongodb.internal.connection.BaseCluster.getDescription(BaseCluster.java:184)
[2025-12-25T07:33:42.575+0000] {subprocess.py:93} INFO - 		at com.mongodb.internal.connection.SingleServerCluster.getDescription(SingleServerCluster.java:46)
[2025-12-25T07:33:42.575+0000] {subprocess.py:93} INFO - 		at com.mongodb.client.internal.MongoClientDelegate.getConnectedClusterDescription(MongoClientDelegate.java:144)
[2025-12-25T07:33:42.575+0000] {subprocess.py:93} INFO - 		at com.mongodb.client.internal.MongoClientDelegate.createClientSession(MongoClientDelegate.java:101)
[2025-12-25T07:33:42.575+0000] {subprocess.py:93} INFO - 		at com.mongodb.client.internal.MongoClientDelegate$DelegateOperationExecutor.getClientSession(MongoClientDelegate.java:291)
[2025-12-25T07:33:42.575+0000] {subprocess.py:93} INFO - 		at com.mongodb.client.internal.MongoClientDelegate$DelegateOperationExecutor.execute(MongoClientDelegate.java:183)
[2025-12-25T07:33:42.575+0000] {subprocess.py:93} INFO - 		at com.mongodb.client.internal.MongoIterableImpl.execute(MongoIterableImpl.java:133)
[2025-12-25T07:33:42.575+0000] {subprocess.py:93} INFO - 		at com.mongodb.client.internal.MongoIterableImpl.iterator(MongoIterableImpl.java:90)
[2025-12-25T07:33:42.575+0000] {subprocess.py:93} INFO - 		at com.mongodb.client.internal.MongoIterableImpl.forEach(MongoIterableImpl.java:119)
[2025-12-25T07:33:42.576+0000] {subprocess.py:93} INFO - 		at com.mongodb.client.internal.MongoIterableImpl.into(MongoIterableImpl.java:128)
[2025-12-25T07:33:42.576+0000] {subprocess.py:93} INFO - 		at com.mongodb.spark.sql.connector.schema.InferSchema.lambda$inferSchema$0(InferSchema.java:86)
[2025-12-25T07:33:42.576+0000] {subprocess.py:93} INFO - 		at com.mongodb.spark.sql.connector.config.AbstractMongoConfig.withCollection(AbstractMongoConfig.java:173)
[2025-12-25T07:33:42.576+0000] {subprocess.py:93} INFO - 		at com.mongodb.spark.sql.connector.config.ReadConfig.withCollection(ReadConfig.java:45)
[2025-12-25T07:33:42.576+0000] {subprocess.py:93} INFO - 		at com.mongodb.spark.sql.connector.schema.InferSchema.inferSchema(InferSchema.java:82)
[2025-12-25T07:33:42.576+0000] {subprocess.py:93} INFO - 		at com.mongodb.spark.sql.connector.MongoTableProvider.inferSchema(MongoTableProvider.java:62)
[2025-12-25T07:33:42.576+0000] {subprocess.py:93} INFO - 		at org.apache.spark.sql.execution.datasources.v2.DataSourceV2Utils$.getTableFromProvider(DataSourceV2Utils.scala:96)
[2025-12-25T07:33:42.576+0000] {subprocess.py:93} INFO - 		at org.apache.spark.sql.execution.datasources.v2.DataSourceV2Utils$.loadV2Source(DataSourceV2Utils.scala:147)
[2025-12-25T07:33:42.576+0000] {subprocess.py:93} INFO - 		at org.apache.spark.sql.catalyst.analysis.ResolveDataSource$$anonfun$apply$1.$anonfun$applyOrElse$1(ResolveDataSource.scala:60)
[2025-12-25T07:33:42.576+0000] {subprocess.py:93} INFO - 		at scala.Option.flatMap(Option.scala:283)
[2025-12-25T07:33:42.576+0000] {subprocess.py:93} INFO - 		at org.apache.spark.sql.catalyst.analysis.ResolveDataSource$$anonfun$apply$1.applyOrElse(ResolveDataSource.scala:58)
[2025-12-25T07:33:42.576+0000] {subprocess.py:93} INFO - 		at org.apache.spark.sql.catalyst.analysis.ResolveDataSource$$anonfun$apply$1.applyOrElse(ResolveDataSource.scala:45)
[2025-12-25T07:33:42.576+0000] {subprocess.py:93} INFO - 		at org.apache.spark.sql.catalyst.plans.logical.AnalysisHelper.$anonfun$resolveOperatorsUpWithPruning$3(AnalysisHelper.scala:139)
[2025-12-25T07:33:42.576+0000] {subprocess.py:93} INFO - 		at org.apache.spark.sql.catalyst.trees.CurrentOrigin$.withOrigin(origin.scala:86)
[2025-12-25T07:33:42.576+0000] {subprocess.py:93} INFO - 		at org.apache.spark.sql.catalyst.plans.logical.AnalysisHelper.$anonfun$resolveOperatorsUpWithPruning$1(AnalysisHelper.scala:139)
[2025-12-25T07:33:42.576+0000] {subprocess.py:93} INFO - 		at org.apache.spark.sql.catalyst.plans.logical.AnalysisHelper$.allowInvokingTransformsInAnalyzer(AnalysisHelper.scala:416)
[2025-12-25T07:33:42.577+0000] {subprocess.py:93} INFO - 		at org.apache.spark.sql.catalyst.plans.logical.AnalysisHelper.resolveOperatorsUpWithPruning(AnalysisHelper.scala:135)
[2025-12-25T07:33:42.577+0000] {subprocess.py:93} INFO - 		at org.apache.spark.sql.catalyst.plans.logical.AnalysisHelper.resolveOperatorsUpWithPruning$(AnalysisHelper.scala:131)
[2025-12-25T07:33:42.577+0000] {subprocess.py:93} INFO - 		at org.apache.spark.sql.catalyst.plans.logical.LogicalPlan.resolveOperatorsUpWithPruning(LogicalPlan.scala:37)
[2025-12-25T07:33:42.577+0000] {subprocess.py:93} INFO - 		at org.apache.spark.sql.catalyst.plans.logical.AnalysisHelper.resolveOperatorsUp(AnalysisHelper.scala:112)
[2025-12-25T07:33:42.577+0000] {subprocess.py:93} INFO - 		at org.apache.spark.sql.catalyst.plans.logical.AnalysisHelper.resolveOperatorsUp$(AnalysisHelper.scala:111)
[2025-12-25T07:33:42.577+0000] {subprocess.py:93} INFO - 		at org.apache.spark.sql.catalyst.plans.logical.LogicalPlan.resolveOperatorsUp(LogicalPlan.scala:37)
[2025-12-25T07:33:42.577+0000] {subprocess.py:93} INFO - 		at org.apache.spark.sql.catalyst.analysis.ResolveDataSource.apply(ResolveDataSource.scala:45)
[2025-12-25T07:33:42.577+0000] {subprocess.py:93} INFO - 		at org.apache.spark.sql.catalyst.analysis.ResolveDataSource.apply(ResolveDataSource.scala:43)
[2025-12-25T07:33:42.577+0000] {subprocess.py:93} INFO - 		at org.apache.spark.sql.catalyst.rules.RuleExecutor.$anonfun$execute$2(RuleExecutor.scala:242)
[2025-12-25T07:33:42.577+0000] {subprocess.py:93} INFO - 		at scala.collection.LinearSeqOps.foldLeft(LinearSeq.scala:183)
[2025-12-25T07:33:42.577+0000] {subprocess.py:93} INFO - 		at scala.collection.LinearSeqOps.foldLeft$(LinearSeq.scala:179)
[2025-12-25T07:33:42.577+0000] {subprocess.py:93} INFO - 		at scala.collection.immutable.List.foldLeft(List.scala:79)
[2025-12-25T07:33:42.577+0000] {subprocess.py:93} INFO - 		at org.apache.spark.sql.catalyst.rules.RuleExecutor.$anonfun$execute$1(RuleExecutor.scala:239)
[2025-12-25T07:33:42.578+0000] {subprocess.py:93} INFO - 		at org.apache.spark.sql.catalyst.rules.RuleExecutor.$anonfun$execute$1$adapted(RuleExecutor.scala:231)
[2025-12-25T07:33:42.578+0000] {subprocess.py:93} INFO - 		at scala.collection.immutable.List.foreach(List.scala:334)
[2025-12-25T07:33:42.578+0000] {subprocess.py:93} INFO - 		at org.apache.spark.sql.catalyst.rules.RuleExecutor.execute(RuleExecutor.scala:231)
[2025-12-25T07:33:42.578+0000] {subprocess.py:93} INFO - 		at org.apache.spark.sql.catalyst.analysis.Analyzer.org$apache$spark$sql$catalyst$analysis$Analyzer$$executeSameContext(Analyzer.scala:340)
[2025-12-25T07:33:42.578+0000] {subprocess.py:93} INFO - 		at org.apache.spark.sql.catalyst.analysis.Analyzer.$anonfun$execute$1(Analyzer.scala:336)
[2025-12-25T07:33:42.578+0000] {subprocess.py:93} INFO - 		at org.apache.spark.sql.catalyst.analysis.AnalysisContext$.withNewAnalysisContext(Analyzer.scala:234)
[2025-12-25T07:33:42.578+0000] {subprocess.py:93} INFO - 		at org.apache.spark.sql.catalyst.analysis.Analyzer.execute(Analyzer.scala:336)
[2025-12-25T07:33:42.579+0000] {subprocess.py:93} INFO - 		at org.apache.spark.sql.catalyst.analysis.Analyzer.execute(Analyzer.scala:299)
[2025-12-25T07:33:42.579+0000] {subprocess.py:93} INFO - 		at org.apache.spark.sql.catalyst.rules.RuleExecutor.$anonfun$executeAndTrack$1(RuleExecutor.scala:201)
[2025-12-25T07:33:42.579+0000] {subprocess.py:93} INFO - 		at org.apache.spark.sql.catalyst.QueryPlanningTracker$.withTracker(QueryPlanningTracker.scala:89)
[2025-12-25T07:33:42.579+0000] {subprocess.py:93} INFO - 		at org.apache.spark.sql.catalyst.rules.RuleExecutor.executeAndTrack(RuleExecutor.scala:201)
[2025-12-25T07:33:42.579+0000] {subprocess.py:93} INFO - 		at org.apache.spark.sql.catalyst.analysis.resolver.HybridAnalyzer.resolveInFixedPoint(HybridAnalyzer.scala:190)
[2025-12-25T07:33:42.579+0000] {subprocess.py:93} INFO - 		at org.apache.spark.sql.catalyst.analysis.resolver.HybridAnalyzer.$anonfun$apply$1(HybridAnalyzer.scala:76)
[2025-12-25T07:33:42.579+0000] {subprocess.py:93} INFO - 		at org.apache.spark.sql.catalyst.analysis.resolver.HybridAnalyzer.withTrackedAnalyzerBridgeState(HybridAnalyzer.scala:111)
[2025-12-25T07:33:42.579+0000] {subprocess.py:93} INFO - 		at org.apache.spark.sql.catalyst.analysis.resolver.HybridAnalyzer.apply(HybridAnalyzer.scala:71)
[2025-12-25T07:33:42.579+0000] {subprocess.py:93} INFO - 		at org.apache.spark.sql.catalyst.analysis.Analyzer.$anonfun$executeAndCheck$1(Analyzer.scala:330)
[2025-12-25T07:33:42.580+0000] {subprocess.py:93} INFO - 		at org.apache.spark.sql.catalyst.plans.logical.AnalysisHelper$.markInAnalyzer(AnalysisHelper.scala:423)
[2025-12-25T07:33:42.581+0000] {subprocess.py:93} INFO - 		at org.apache.spark.sql.catalyst.analysis.Analyzer.executeAndCheck(Analyzer.scala:330)
[2025-12-25T07:33:42.581+0000] {subprocess.py:93} INFO - 		at org.apache.spark.sql.execution.QueryExecution.$anonfun$lazyAnalyzed$2(QueryExecution.scala:110)
[2025-12-25T07:33:42.581+0000] {subprocess.py:93} INFO - 		at org.apache.spark.sql.catalyst.QueryPlanningTracker.measurePhase(QueryPlanningTracker.scala:148)
[2025-12-25T07:33:42.581+0000] {subprocess.py:93} INFO - 		at org.apache.spark.sql.execution.QueryExecution.$anonfun$executePhase$2(QueryExecution.scala:278)
[2025-12-25T07:33:42.581+0000] {subprocess.py:93} INFO - 		at org.apache.spark.sql.execution.QueryExecution$.withInternalError(QueryExecution.scala:654)
[2025-12-25T07:33:42.581+0000] {subprocess.py:93} INFO - 		at org.apache.spark.sql.execution.QueryExecution.$anonfun$executePhase$1(QueryExecution.scala:278)
[2025-12-25T07:33:42.581+0000] {subprocess.py:93} INFO - 		at org.apache.spark.sql.SparkSession.withActive(SparkSession.scala:804)
[2025-12-25T07:33:42.581+0000] {subprocess.py:93} INFO - 		at org.apache.spark.sql.execution.QueryExecution.executePhase(QueryExecution.scala:277)
[2025-12-25T07:33:42.581+0000] {subprocess.py:93} INFO - 		at org.apache.spark.sql.execution.QueryExecution.$anonfun$lazyAnalyzed$1(QueryExecution.scala:110)
[2025-12-25T07:33:42.582+0000] {subprocess.py:93} INFO - 		at scala.util.Try$.apply(Try.scala:217)
[2025-12-25T07:33:42.582+0000] {subprocess.py:93} INFO - 		at org.apache.spark.util.Utils$.doTryWithCallerStacktrace(Utils.scala:1378)
[2025-12-25T07:33:42.582+0000] {subprocess.py:93} INFO - 		at org.apache.spark.util.LazyTry.tryT$lzycompute(LazyTry.scala:46)
[2025-12-25T07:33:42.582+0000] {subprocess.py:93} INFO - 		at org.apache.spark.util.LazyTry.tryT(LazyTry.scala:46)
[2025-12-25T07:33:42.582+0000] {subprocess.py:93} INFO - 		... 21 more
[2025-12-25T07:33:42.582+0000] {subprocess.py:93} INFO - 
[2025-12-25T07:33:42.813+0000] {subprocess.py:93} INFO - Traceback (most recent call last):
[2025-12-25T07:33:42.814+0000] {subprocess.py:93} INFO -   File "/opt/spark-apps/compute_kpis.py", line 328, in <module>
[2025-12-25T07:33:42.814+0000] {subprocess.py:93} INFO -     main()
[2025-12-25T07:33:42.814+0000] {subprocess.py:93} INFO -   File "/opt/spark-apps/compute_kpis.py", line 101, in main
[2025-12-25T07:33:42.815+0000] {subprocess.py:93} INFO -     .load()
[2025-12-25T07:33:42.815+0000] {subprocess.py:93} INFO -   File "/opt/spark/python/lib/pyspark.zip/pyspark/sql/readwriter.py", line 318, in load
[2025-12-25T07:33:42.815+0000] {subprocess.py:93} INFO -   File "/opt/spark/python/lib/py4j-0.10.9.9-src.zip/py4j/java_gateway.py", line 1362, in __call__
[2025-12-25T07:33:42.815+0000] {subprocess.py:93} INFO -   File "/opt/spark/python/lib/pyspark.zip/pyspark/errors/exceptions/captured.py", line 282, in deco
[2025-12-25T07:33:42.815+0000] {subprocess.py:93} INFO -   File "/opt/spark/python/lib/py4j-0.10.9.9-src.zip/py4j/protocol.py", line 327, in get_return_value
[2025-12-25T07:33:42.858+0000] {subprocess.py:93} INFO - py4j.protocol.Py4JJavaError: An error occurred while calling o45.load.
[2025-12-25T07:33:42.858+0000] {subprocess.py:93} INFO - : com.mongodb.MongoTimeoutException: Timed out after 30000 ms while waiting to connect. Client view of cluster state is {type=UNKNOWN, servers=[{address=localhost:27017, type=UNKNOWN, state=CONNECTING, exception={com.mongodb.MongoSocketOpenException: Exception opening socket}, caused by {java.net.ConnectException: Connection refused}}]
[2025-12-25T07:33:42.858+0000] {subprocess.py:93} INFO - 	at com.mongodb.internal.connection.BaseCluster.getDescription(BaseCluster.java:184)
[2025-12-25T07:33:42.858+0000] {subprocess.py:93} INFO - 	at com.mongodb.internal.connection.SingleServerCluster.getDescription(SingleServerCluster.java:46)
[2025-12-25T07:33:42.858+0000] {subprocess.py:93} INFO - 	at com.mongodb.client.internal.MongoClientDelegate.getConnectedClusterDescription(MongoClientDelegate.java:144)
[2025-12-25T07:33:42.858+0000] {subprocess.py:93} INFO - 	at com.mongodb.client.internal.MongoClientDelegate.createClientSession(MongoClientDelegate.java:101)
[2025-12-25T07:33:42.858+0000] {subprocess.py:93} INFO - 	at com.mongodb.client.internal.MongoClientDelegate$DelegateOperationExecutor.getClientSession(MongoClientDelegate.java:291)
[2025-12-25T07:33:42.858+0000] {subprocess.py:93} INFO - 	at com.mongodb.client.internal.MongoClientDelegate$DelegateOperationExecutor.execute(MongoClientDelegate.java:183)
[2025-12-25T07:33:42.859+0000] {subprocess.py:93} INFO - 	at com.mongodb.client.internal.MongoIterableImpl.execute(MongoIterableImpl.java:133)
[2025-12-25T07:33:42.859+0000] {subprocess.py:93} INFO - 	at com.mongodb.client.internal.MongoIterableImpl.iterator(MongoIterableImpl.java:90)
[2025-12-25T07:33:42.859+0000] {subprocess.py:93} INFO - 	at com.mongodb.client.internal.MongoIterableImpl.forEach(MongoIterableImpl.java:119)
[2025-12-25T07:33:42.859+0000] {subprocess.py:93} INFO - 	at com.mongodb.client.internal.MongoIterableImpl.into(MongoIterableImpl.java:128)
[2025-12-25T07:33:42.859+0000] {subprocess.py:93} INFO - 	at com.mongodb.spark.sql.connector.schema.InferSchema.lambda$inferSchema$0(InferSchema.java:86)
[2025-12-25T07:33:42.859+0000] {subprocess.py:93} INFO - 	at com.mongodb.spark.sql.connector.config.AbstractMongoConfig.withCollection(AbstractMongoConfig.java:173)
[2025-12-25T07:33:42.859+0000] {subprocess.py:93} INFO - 	at com.mongodb.spark.sql.connector.config.ReadConfig.withCollection(ReadConfig.java:45)
[2025-12-25T07:33:42.859+0000] {subprocess.py:93} INFO - 	at com.mongodb.spark.sql.connector.schema.InferSchema.inferSchema(InferSchema.java:82)
[2025-12-25T07:33:42.859+0000] {subprocess.py:93} INFO - 	at com.mongodb.spark.sql.connector.MongoTableProvider.inferSchema(MongoTableProvider.java:62)
[2025-12-25T07:33:42.859+0000] {subprocess.py:93} INFO - 	at org.apache.spark.sql.execution.datasources.v2.DataSourceV2Utils$.getTableFromProvider(DataSourceV2Utils.scala:96)
[2025-12-25T07:33:42.859+0000] {subprocess.py:93} INFO - 	at org.apache.spark.sql.execution.datasources.v2.DataSourceV2Utils$.loadV2Source(DataSourceV2Utils.scala:147)
[2025-12-25T07:33:42.859+0000] {subprocess.py:93} INFO - 	at org.apache.spark.sql.catalyst.analysis.ResolveDataSource$$anonfun$apply$1.$anonfun$applyOrElse$1(ResolveDataSource.scala:60)
[2025-12-25T07:33:42.859+0000] {subprocess.py:93} INFO - 	at scala.Option.flatMap(Option.scala:283)
[2025-12-25T07:33:42.860+0000] {subprocess.py:93} INFO - 	at org.apache.spark.sql.catalyst.analysis.ResolveDataSource$$anonfun$apply$1.applyOrElse(ResolveDataSource.scala:58)
[2025-12-25T07:33:42.860+0000] {subprocess.py:93} INFO - 	at org.apache.spark.sql.catalyst.analysis.ResolveDataSource$$anonfun$apply$1.applyOrElse(ResolveDataSource.scala:45)
[2025-12-25T07:33:42.860+0000] {subprocess.py:93} INFO - 	at org.apache.spark.sql.catalyst.plans.logical.AnalysisHelper.$anonfun$resolveOperatorsUpWithPruning$3(AnalysisHelper.scala:139)
[2025-12-25T07:33:42.860+0000] {subprocess.py:93} INFO - 	at org.apache.spark.sql.catalyst.trees.CurrentOrigin$.withOrigin(origin.scala:86)
[2025-12-25T07:33:42.860+0000] {subprocess.py:93} INFO - 	at org.apache.spark.sql.catalyst.plans.logical.AnalysisHelper.$anonfun$resolveOperatorsUpWithPruning$1(AnalysisHelper.scala:139)
[2025-12-25T07:33:42.860+0000] {subprocess.py:93} INFO - 	at org.apache.spark.sql.catalyst.plans.logical.AnalysisHelper$.allowInvokingTransformsInAnalyzer(AnalysisHelper.scala:416)
[2025-12-25T07:33:42.860+0000] {subprocess.py:93} INFO - 	at org.apache.spark.sql.catalyst.plans.logical.AnalysisHelper.resolveOperatorsUpWithPruning(AnalysisHelper.scala:135)
[2025-12-25T07:33:42.860+0000] {subprocess.py:93} INFO - 	at org.apache.spark.sql.catalyst.plans.logical.AnalysisHelper.resolveOperatorsUpWithPruning$(AnalysisHelper.scala:131)
[2025-12-25T07:33:42.860+0000] {subprocess.py:93} INFO - 	at org.apache.spark.sql.catalyst.plans.logical.LogicalPlan.resolveOperatorsUpWithPruning(LogicalPlan.scala:37)
[2025-12-25T07:33:42.860+0000] {subprocess.py:93} INFO - 	at org.apache.spark.sql.catalyst.plans.logical.AnalysisHelper.resolveOperatorsUp(AnalysisHelper.scala:112)
[2025-12-25T07:33:42.860+0000] {subprocess.py:93} INFO - 	at org.apache.spark.sql.catalyst.plans.logical.AnalysisHelper.resolveOperatorsUp$(AnalysisHelper.scala:111)
[2025-12-25T07:33:42.860+0000] {subprocess.py:93} INFO - 	at org.apache.spark.sql.catalyst.plans.logical.LogicalPlan.resolveOperatorsUp(LogicalPlan.scala:37)
[2025-12-25T07:33:42.860+0000] {subprocess.py:93} INFO - 	at org.apache.spark.sql.catalyst.analysis.ResolveDataSource.apply(ResolveDataSource.scala:45)
[2025-12-25T07:33:42.861+0000] {subprocess.py:93} INFO - 	at org.apache.spark.sql.catalyst.analysis.ResolveDataSource.apply(ResolveDataSource.scala:43)
[2025-12-25T07:33:42.861+0000] {subprocess.py:93} INFO - 	at org.apache.spark.sql.catalyst.rules.RuleExecutor.$anonfun$execute$2(RuleExecutor.scala:242)
[2025-12-25T07:33:42.861+0000] {subprocess.py:93} INFO - 	at scala.collection.LinearSeqOps.foldLeft(LinearSeq.scala:183)
[2025-12-25T07:33:42.861+0000] {subprocess.py:93} INFO - 	at scala.collection.LinearSeqOps.foldLeft$(LinearSeq.scala:179)
[2025-12-25T07:33:42.861+0000] {subprocess.py:93} INFO - 	at scala.collection.immutable.List.foldLeft(List.scala:79)
[2025-12-25T07:33:42.861+0000] {subprocess.py:93} INFO - 	at org.apache.spark.sql.catalyst.rules.RuleExecutor.$anonfun$execute$1(RuleExecutor.scala:239)
[2025-12-25T07:33:42.861+0000] {subprocess.py:93} INFO - 	at org.apache.spark.sql.catalyst.rules.RuleExecutor.$anonfun$execute$1$adapted(RuleExecutor.scala:231)
[2025-12-25T07:33:42.861+0000] {subprocess.py:93} INFO - 	at scala.collection.immutable.List.foreach(List.scala:334)
[2025-12-25T07:33:42.861+0000] {subprocess.py:93} INFO - 	at org.apache.spark.sql.catalyst.rules.RuleExecutor.execute(RuleExecutor.scala:231)
[2025-12-25T07:33:42.861+0000] {subprocess.py:93} INFO - 	at org.apache.spark.sql.catalyst.analysis.Analyzer.org$apache$spark$sql$catalyst$analysis$Analyzer$$executeSameContext(Analyzer.scala:340)
[2025-12-25T07:33:42.861+0000] {subprocess.py:93} INFO - 	at org.apache.spark.sql.catalyst.analysis.Analyzer.$anonfun$execute$1(Analyzer.scala:336)
[2025-12-25T07:33:42.861+0000] {subprocess.py:93} INFO - 	at org.apache.spark.sql.catalyst.analysis.AnalysisContext$.withNewAnalysisContext(Analyzer.scala:234)
[2025-12-25T07:33:42.861+0000] {subprocess.py:93} INFO - 	at org.apache.spark.sql.catalyst.analysis.Analyzer.execute(Analyzer.scala:336)
[2025-12-25T07:33:42.861+0000] {subprocess.py:93} INFO - 	at org.apache.spark.sql.catalyst.analysis.Analyzer.execute(Analyzer.scala:299)
[2025-12-25T07:33:42.861+0000] {subprocess.py:93} INFO - 	at org.apache.spark.sql.catalyst.rules.RuleExecutor.$anonfun$executeAndTrack$1(RuleExecutor.scala:201)
[2025-12-25T07:33:42.861+0000] {subprocess.py:93} INFO - 	at org.apache.spark.sql.catalyst.QueryPlanningTracker$.withTracker(QueryPlanningTracker.scala:89)
[2025-12-25T07:33:42.861+0000] {subprocess.py:93} INFO - 	at org.apache.spark.sql.catalyst.rules.RuleExecutor.executeAndTrack(RuleExecutor.scala:201)
[2025-12-25T07:33:42.862+0000] {subprocess.py:93} INFO - 	at org.apache.spark.sql.catalyst.analysis.resolver.HybridAnalyzer.resolveInFixedPoint(HybridAnalyzer.scala:190)
[2025-12-25T07:33:42.862+0000] {subprocess.py:93} INFO - 	at org.apache.spark.sql.catalyst.analysis.resolver.HybridAnalyzer.$anonfun$apply$1(HybridAnalyzer.scala:76)
[2025-12-25T07:33:42.862+0000] {subprocess.py:93} INFO - 	at org.apache.spark.sql.catalyst.analysis.resolver.HybridAnalyzer.withTrackedAnalyzerBridgeState(HybridAnalyzer.scala:111)
[2025-12-25T07:33:42.862+0000] {subprocess.py:93} INFO - 	at org.apache.spark.sql.catalyst.analysis.resolver.HybridAnalyzer.apply(HybridAnalyzer.scala:71)
[2025-12-25T07:33:42.862+0000] {subprocess.py:93} INFO - 	at org.apache.spark.sql.catalyst.analysis.Analyzer.$anonfun$executeAndCheck$1(Analyzer.scala:330)
[2025-12-25T07:33:42.862+0000] {subprocess.py:93} INFO - 	at org.apache.spark.sql.catalyst.plans.logical.AnalysisHelper$.markInAnalyzer(AnalysisHelper.scala:423)
[2025-12-25T07:33:42.862+0000] {subprocess.py:93} INFO - 	at org.apache.spark.sql.catalyst.analysis.Analyzer.executeAndCheck(Analyzer.scala:330)
[2025-12-25T07:33:42.862+0000] {subprocess.py:93} INFO - 	at org.apache.spark.sql.execution.QueryExecution.$anonfun$lazyAnalyzed$2(QueryExecution.scala:110)
[2025-12-25T07:33:42.862+0000] {subprocess.py:93} INFO - 	at org.apache.spark.sql.catalyst.QueryPlanningTracker.measurePhase(QueryPlanningTracker.scala:148)
[2025-12-25T07:33:42.862+0000] {subprocess.py:93} INFO - 	at org.apache.spark.sql.execution.QueryExecution.$anonfun$executePhase$2(QueryExecution.scala:278)
[2025-12-25T07:33:42.862+0000] {subprocess.py:93} INFO - 	at org.apache.spark.sql.execution.QueryExecution$.withInternalError(QueryExecution.scala:654)
[2025-12-25T07:33:42.862+0000] {subprocess.py:93} INFO - 	at org.apache.spark.sql.execution.QueryExecution.$anonfun$executePhase$1(QueryExecution.scala:278)
[2025-12-25T07:33:42.864+0000] {subprocess.py:93} INFO - 	at org.apache.spark.sql.SparkSession.withActive(SparkSession.scala:804)
[2025-12-25T07:33:42.864+0000] {subprocess.py:93} INFO - 	at org.apache.spark.sql.execution.QueryExecution.executePhase(QueryExecution.scala:277)
[2025-12-25T07:33:42.864+0000] {subprocess.py:93} INFO - 	at org.apache.spark.sql.execution.QueryExecution.$anonfun$lazyAnalyzed$1(QueryExecution.scala:110)
[2025-12-25T07:33:42.864+0000] {subprocess.py:93} INFO - 	at scala.util.Try$.apply(Try.scala:217)
[2025-12-25T07:33:42.864+0000] {subprocess.py:93} INFO - 	at org.apache.spark.util.Utils$.doTryWithCallerStacktrace(Utils.scala:1378)
[2025-12-25T07:33:42.864+0000] {subprocess.py:93} INFO - 	at org.apache.spark.util.Utils$.getTryWithCallerStacktrace(Utils.scala:1439)
[2025-12-25T07:33:42.864+0000] {subprocess.py:93} INFO - 	at org.apache.spark.util.LazyTry.get(LazyTry.scala:58)
[2025-12-25T07:33:42.864+0000] {subprocess.py:93} INFO - 	at org.apache.spark.sql.execution.QueryExecution.analyzed(QueryExecution.scala:121)
[2025-12-25T07:33:42.864+0000] {subprocess.py:93} INFO - 	at org.apache.spark.sql.execution.QueryExecution.assertAnalyzed(QueryExecution.scala:80)
[2025-12-25T07:33:42.864+0000] {subprocess.py:93} INFO - 	at org.apache.spark.sql.classic.Dataset$.$anonfun$ofRows$1(Dataset.scala:115)
[2025-12-25T07:33:42.864+0000] {subprocess.py:93} INFO - 	at org.apache.spark.sql.SparkSession.withActive(SparkSession.scala:804)
[2025-12-25T07:33:42.864+0000] {subprocess.py:93} INFO - 	at org.apache.spark.sql.classic.Dataset$.ofRows(Dataset.scala:113)
[2025-12-25T07:33:42.865+0000] {subprocess.py:93} INFO - 	at org.apache.spark.sql.classic.DataFrameReader.load(DataFrameReader.scala:109)
[2025-12-25T07:33:42.865+0000] {subprocess.py:93} INFO - 	at org.apache.spark.sql.classic.DataFrameReader.load(DataFrameReader.scala:92)
[2025-12-25T07:33:42.865+0000] {subprocess.py:93} INFO - 	at org.apache.spark.sql.classic.DataFrameReader.load(DataFrameReader.scala:58)
[2025-12-25T07:33:42.866+0000] {subprocess.py:93} INFO - 	at java.base/jdk.internal.reflect.NativeMethodAccessorImpl.invoke0(Native Method)
[2025-12-25T07:33:42.866+0000] {subprocess.py:93} INFO - 	at java.base/jdk.internal.reflect.NativeMethodAccessorImpl.invoke(NativeMethodAccessorImpl.java:75)
[2025-12-25T07:33:42.866+0000] {subprocess.py:93} INFO - 	at java.base/jdk.internal.reflect.DelegatingMethodAccessorImpl.invoke(DelegatingMethodAccessorImpl.java:52)
[2025-12-25T07:33:42.866+0000] {subprocess.py:93} INFO - 	at java.base/java.lang.reflect.Method.invoke(Method.java:580)
[2025-12-25T07:33:42.866+0000] {subprocess.py:93} INFO - 	at py4j.reflection.MethodInvoker.invoke(MethodInvoker.java:244)
[2025-12-25T07:33:42.866+0000] {subprocess.py:93} INFO - 	at py4j.reflection.ReflectionEngine.invoke(ReflectionEngine.java:374)
[2025-12-25T07:33:42.866+0000] {subprocess.py:93} INFO - 	at py4j.Gateway.invoke(Gateway.java:282)
[2025-12-25T07:33:42.866+0000] {subprocess.py:93} INFO - 	at py4j.commands.AbstractCommand.invokeMethod(AbstractCommand.java:132)
[2025-12-25T07:33:42.866+0000] {subprocess.py:93} INFO - 	at py4j.commands.CallCommand.execute(CallCommand.java:79)
[2025-12-25T07:33:42.866+0000] {subprocess.py:93} INFO - 	at py4j.ClientServerConnection.waitForCommands(ClientServerConnection.java:184)
[2025-12-25T07:33:42.866+0000] {subprocess.py:93} INFO - 	at py4j.ClientServerConnection.run(ClientServerConnection.java:108)
[2025-12-25T07:33:42.867+0000] {subprocess.py:93} INFO - 	at java.base/java.lang.Thread.run(Thread.java:1583)
[2025-12-25T07:33:42.867+0000] {subprocess.py:93} INFO - 	Suppressed: org.apache.spark.util.Utils$OriginalTryStackTraceException: Full stacktrace of original doTryWithCallerStacktrace caller
[2025-12-25T07:33:42.867+0000] {subprocess.py:93} INFO - 		at com.mongodb.internal.connection.BaseCluster.getDescription(BaseCluster.java:184)
[2025-12-25T07:33:42.867+0000] {subprocess.py:93} INFO - 		at com.mongodb.internal.connection.SingleServerCluster.getDescription(SingleServerCluster.java:46)
[2025-12-25T07:33:42.867+0000] {subprocess.py:93} INFO - 		at com.mongodb.client.internal.MongoClientDelegate.getConnectedClusterDescription(MongoClientDelegate.java:144)
[2025-12-25T07:33:42.867+0000] {subprocess.py:93} INFO - 		at com.mongodb.client.internal.MongoClientDelegate.createClientSession(MongoClientDelegate.java:101)
[2025-12-25T07:33:42.867+0000] {subprocess.py:93} INFO - 		at com.mongodb.client.internal.MongoClientDelegate$DelegateOperationExecutor.getClientSession(MongoClientDelegate.java:291)
[2025-12-25T07:33:42.867+0000] {subprocess.py:93} INFO - 		at com.mongodb.client.internal.MongoClientDelegate$DelegateOperationExecutor.execute(MongoClientDelegate.java:183)
[2025-12-25T07:33:42.867+0000] {subprocess.py:93} INFO - 		at com.mongodb.client.internal.MongoIterableImpl.execute(MongoIterableImpl.java:133)
[2025-12-25T07:33:42.867+0000] {subprocess.py:93} INFO - 		at com.mongodb.client.internal.MongoIterableImpl.iterator(MongoIterableImpl.java:90)
[2025-12-25T07:33:42.867+0000] {subprocess.py:93} INFO - 		at com.mongodb.client.internal.MongoIterableImpl.forEach(MongoIterableImpl.java:119)
[2025-12-25T07:33:42.867+0000] {subprocess.py:93} INFO - 		at com.mongodb.client.internal.MongoIterableImpl.into(MongoIterableImpl.java:128)
[2025-12-25T07:33:42.867+0000] {subprocess.py:93} INFO - 		at com.mongodb.spark.sql.connector.schema.InferSchema.lambda$inferSchema$0(InferSchema.java:86)
[2025-12-25T07:33:42.867+0000] {subprocess.py:93} INFO - 		at com.mongodb.spark.sql.connector.config.AbstractMongoConfig.withCollection(AbstractMongoConfig.java:173)
[2025-12-25T07:33:42.867+0000] {subprocess.py:93} INFO - 		at com.mongodb.spark.sql.connector.config.ReadConfig.withCollection(ReadConfig.java:45)
[2025-12-25T07:33:42.868+0000] {subprocess.py:93} INFO - 		at com.mongodb.spark.sql.connector.schema.InferSchema.inferSchema(InferSchema.java:82)
[2025-12-25T07:33:42.868+0000] {subprocess.py:93} INFO - 		at com.mongodb.spark.sql.connector.MongoTableProvider.inferSchema(MongoTableProvider.java:62)
[2025-12-25T07:33:42.868+0000] {subprocess.py:93} INFO - 		at org.apache.spark.sql.execution.datasources.v2.DataSourceV2Utils$.getTableFromProvider(DataSourceV2Utils.scala:96)
[2025-12-25T07:33:42.868+0000] {subprocess.py:93} INFO - 		at org.apache.spark.sql.execution.datasources.v2.DataSourceV2Utils$.loadV2Source(DataSourceV2Utils.scala:147)
[2025-12-25T07:33:42.868+0000] {subprocess.py:93} INFO - 		at org.apache.spark.sql.catalyst.analysis.ResolveDataSource$$anonfun$apply$1.$anonfun$applyOrElse$1(ResolveDataSource.scala:60)
[2025-12-25T07:33:42.868+0000] {subprocess.py:93} INFO - 		at scala.Option.flatMap(Option.scala:283)
[2025-12-25T07:33:42.868+0000] {subprocess.py:93} INFO - 		at org.apache.spark.sql.catalyst.analysis.ResolveDataSource$$anonfun$apply$1.applyOrElse(ResolveDataSource.scala:58)
[2025-12-25T07:33:42.868+0000] {subprocess.py:93} INFO - 		at org.apache.spark.sql.catalyst.analysis.ResolveDataSource$$anonfun$apply$1.applyOrElse(ResolveDataSource.scala:45)
[2025-12-25T07:33:42.868+0000] {subprocess.py:93} INFO - 		at org.apache.spark.sql.catalyst.plans.logical.AnalysisHelper.$anonfun$resolveOperatorsUpWithPruning$3(AnalysisHelper.scala:139)
[2025-12-25T07:33:42.868+0000] {subprocess.py:93} INFO - 		at org.apache.spark.sql.catalyst.trees.CurrentOrigin$.withOrigin(origin.scala:86)
[2025-12-25T07:33:42.868+0000] {subprocess.py:93} INFO - 		at org.apache.spark.sql.catalyst.plans.logical.AnalysisHelper.$anonfun$resolveOperatorsUpWithPruning$1(AnalysisHelper.scala:139)
[2025-12-25T07:33:42.868+0000] {subprocess.py:93} INFO - 		at org.apache.spark.sql.catalyst.plans.logical.AnalysisHelper$.allowInvokingTransformsInAnalyzer(AnalysisHelper.scala:416)
[2025-12-25T07:33:42.869+0000] {subprocess.py:93} INFO - 		at org.apache.spark.sql.catalyst.plans.logical.AnalysisHelper.resolveOperatorsUpWithPruning(AnalysisHelper.scala:135)
[2025-12-25T07:33:42.869+0000] {subprocess.py:93} INFO - 		at org.apache.spark.sql.catalyst.plans.logical.AnalysisHelper.resolveOperatorsUpWithPruning$(AnalysisHelper.scala:131)
[2025-12-25T07:33:42.869+0000] {subprocess.py:93} INFO - 		at org.apache.spark.sql.catalyst.plans.logical.LogicalPlan.resolveOperatorsUpWithPruning(LogicalPlan.scala:37)
[2025-12-25T07:33:42.869+0000] {subprocess.py:93} INFO - 		at org.apache.spark.sql.catalyst.plans.logical.AnalysisHelper.resolveOperatorsUp(AnalysisHelper.scala:112)
[2025-12-25T07:33:42.869+0000] {subprocess.py:93} INFO - 		at org.apache.spark.sql.catalyst.plans.logical.AnalysisHelper.resolveOperatorsUp$(AnalysisHelper.scala:111)
[2025-12-25T07:33:42.870+0000] {subprocess.py:93} INFO - 		at org.apache.spark.sql.catalyst.plans.logical.LogicalPlan.resolveOperatorsUp(LogicalPlan.scala:37)
[2025-12-25T07:33:42.870+0000] {subprocess.py:93} INFO - 		at org.apache.spark.sql.catalyst.analysis.ResolveDataSource.apply(ResolveDataSource.scala:45)
[2025-12-25T07:33:42.870+0000] {subprocess.py:93} INFO - 		at org.apache.spark.sql.catalyst.analysis.ResolveDataSource.apply(ResolveDataSource.scala:43)
[2025-12-25T07:33:42.870+0000] {subprocess.py:93} INFO - 		at org.apache.spark.sql.catalyst.rules.RuleExecutor.$anonfun$execute$2(RuleExecutor.scala:242)
[2025-12-25T07:33:42.870+0000] {subprocess.py:93} INFO - 		at scala.collection.LinearSeqOps.foldLeft(LinearSeq.scala:183)
[2025-12-25T07:33:42.870+0000] {subprocess.py:93} INFO - 		at scala.collection.LinearSeqOps.foldLeft$(LinearSeq.scala:179)
[2025-12-25T07:33:42.870+0000] {subprocess.py:93} INFO - 		at scala.collection.immutable.List.foldLeft(List.scala:79)
[2025-12-25T07:33:42.870+0000] {subprocess.py:93} INFO - 		at org.apache.spark.sql.catalyst.rules.RuleExecutor.$anonfun$execute$1(RuleExecutor.scala:239)
[2025-12-25T07:33:42.870+0000] {subprocess.py:93} INFO - 		at org.apache.spark.sql.catalyst.rules.RuleExecutor.$anonfun$execute$1$adapted(RuleExecutor.scala:231)
[2025-12-25T07:33:42.870+0000] {subprocess.py:93} INFO - 		at scala.collection.immutable.List.foreach(List.scala:334)
[2025-12-25T07:33:42.870+0000] {subprocess.py:93} INFO - 		at org.apache.spark.sql.catalyst.rules.RuleExecutor.execute(RuleExecutor.scala:231)
[2025-12-25T07:33:42.870+0000] {subprocess.py:93} INFO - 		at org.apache.spark.sql.catalyst.analysis.Analyzer.org$apache$spark$sql$catalyst$analysis$Analyzer$$executeSameContext(Analyzer.scala:340)
[2025-12-25T07:33:42.871+0000] {subprocess.py:93} INFO - 		at org.apache.spark.sql.catalyst.analysis.Analyzer.$anonfun$execute$1(Analyzer.scala:336)
[2025-12-25T07:33:42.871+0000] {subprocess.py:93} INFO - 		at org.apache.spark.sql.catalyst.analysis.AnalysisContext$.withNewAnalysisContext(Analyzer.scala:234)
[2025-12-25T07:33:42.871+0000] {subprocess.py:93} INFO - 		at org.apache.spark.sql.catalyst.analysis.Analyzer.execute(Analyzer.scala:336)
[2025-12-25T07:33:42.871+0000] {subprocess.py:93} INFO - 		at org.apache.spark.sql.catalyst.analysis.Analyzer.execute(Analyzer.scala:299)
[2025-12-25T07:33:42.872+0000] {subprocess.py:93} INFO - 		at org.apache.spark.sql.catalyst.rules.RuleExecutor.$anonfun$executeAndTrack$1(RuleExecutor.scala:201)
[2025-12-25T07:33:42.872+0000] {subprocess.py:93} INFO - 		at org.apache.spark.sql.catalyst.QueryPlanningTracker$.withTracker(QueryPlanningTracker.scala:89)
[2025-12-25T07:33:42.872+0000] {subprocess.py:93} INFO - 		at org.apache.spark.sql.catalyst.rules.RuleExecutor.executeAndTrack(RuleExecutor.scala:201)
[2025-12-25T07:33:42.872+0000] {subprocess.py:93} INFO - 		at org.apache.spark.sql.catalyst.analysis.resolver.HybridAnalyzer.resolveInFixedPoint(HybridAnalyzer.scala:190)
[2025-12-25T07:33:42.872+0000] {subprocess.py:93} INFO - 		at org.apache.spark.sql.catalyst.analysis.resolver.HybridAnalyzer.$anonfun$apply$1(HybridAnalyzer.scala:76)
[2025-12-25T07:33:42.872+0000] {subprocess.py:93} INFO - 		at org.apache.spark.sql.catalyst.analysis.resolver.HybridAnalyzer.withTrackedAnalyzerBridgeState(HybridAnalyzer.scala:111)
[2025-12-25T07:33:42.872+0000] {subprocess.py:93} INFO - 		at org.apache.spark.sql.catalyst.analysis.resolver.HybridAnalyzer.apply(HybridAnalyzer.scala:71)
[2025-12-25T07:33:42.873+0000] {subprocess.py:93} INFO - 		at org.apache.spark.sql.catalyst.analysis.Analyzer.$anonfun$executeAndCheck$1(Analyzer.scala:330)
[2025-12-25T07:33:42.873+0000] {subprocess.py:93} INFO - 		at org.apache.spark.sql.catalyst.plans.logical.AnalysisHelper$.markInAnalyzer(AnalysisHelper.scala:423)
[2025-12-25T07:33:42.873+0000] {subprocess.py:93} INFO - 		at org.apache.spark.sql.catalyst.analysis.Analyzer.executeAndCheck(Analyzer.scala:330)
[2025-12-25T07:33:42.873+0000] {subprocess.py:93} INFO - 		at org.apache.spark.sql.execution.QueryExecution.$anonfun$lazyAnalyzed$2(QueryExecution.scala:110)
[2025-12-25T07:33:42.873+0000] {subprocess.py:93} INFO - 		at org.apache.spark.sql.catalyst.QueryPlanningTracker.measurePhase(QueryPlanningTracker.scala:148)
[2025-12-25T07:33:42.873+0000] {subprocess.py:93} INFO - 		at org.apache.spark.sql.execution.QueryExecution.$anonfun$executePhase$2(QueryExecution.scala:278)
[2025-12-25T07:33:42.873+0000] {subprocess.py:93} INFO - 		at org.apache.spark.sql.execution.QueryExecution$.withInternalError(QueryExecution.scala:654)
[2025-12-25T07:33:42.873+0000] {subprocess.py:93} INFO - 		at org.apache.spark.sql.execution.QueryExecution.$anonfun$executePhase$1(QueryExecution.scala:278)
[2025-12-25T07:33:42.873+0000] {subprocess.py:93} INFO - 		at org.apache.spark.sql.SparkSession.withActive(SparkSession.scala:804)
[2025-12-25T07:33:42.873+0000] {subprocess.py:93} INFO - 		at org.apache.spark.sql.execution.QueryExecution.executePhase(QueryExecution.scala:277)
[2025-12-25T07:33:42.873+0000] {subprocess.py:93} INFO - 		at org.apache.spark.sql.execution.QueryExecution.$anonfun$lazyAnalyzed$1(QueryExecution.scala:110)
[2025-12-25T07:33:42.873+0000] {subprocess.py:93} INFO - 		at scala.util.Try$.apply(Try.scala:217)
[2025-12-25T07:33:42.873+0000] {subprocess.py:93} INFO - 		at org.apache.spark.util.Utils$.doTryWithCallerStacktrace(Utils.scala:1378)
[2025-12-25T07:33:42.874+0000] {subprocess.py:93} INFO - 		at org.apache.spark.util.LazyTry.tryT$lzycompute(LazyTry.scala:46)
[2025-12-25T07:33:42.874+0000] {subprocess.py:93} INFO - 		at org.apache.spark.util.LazyTry.tryT(LazyTry.scala:46)
[2025-12-25T07:33:42.874+0000] {subprocess.py:93} INFO - 		... 21 more
[2025-12-25T07:33:42.874+0000] {subprocess.py:93} INFO - 
[2025-12-25T07:33:43.047+0000] {subprocess.py:97} INFO - Command exited with return code 1
[2025-12-25T07:33:43.071+0000] {taskinstance.py:1772} ERROR - Task failed with exception
Traceback (most recent call last):
  File "/home/airflow/.local/lib/python3.7/site-packages/airflow/operators/bash.py", line 197, in execute
    f"Bash command failed. The command returned a non-zero exit code {result.exit_code}."
airflow.exceptions.AirflowException: Bash command failed. The command returned a non-zero exit code 1.
[2025-12-25T07:33:43.077+0000] {taskinstance.py:1327} INFO - Marking task as UP_FOR_RETRY. dag_id=spark_compute_kpis, task_id=compute_kpis_spark, execution_date=20251225T063649, start_date=20251225T073256, end_date=20251225T073343
[2025-12-25T07:33:43.098+0000] {standard_task_runner.py:105} ERROR - Failed to execute job 12 for task compute_kpis_spark (Bash command failed. The command returned a non-zero exit code 1.; 92)
[2025-12-25T07:33:43.124+0000] {local_task_job.py:159} INFO - Task exited with return code 1
[2025-12-25T07:33:43.172+0000] {taskinstance.py:2582} INFO - 0 downstream tasks scheduled from follow-on schedule check
