[2025-12-25T07:31:36.406+0000] {taskinstance.py:1087} INFO - Dependencies all met for <TaskInstance: spark_compute_kpis.compute_kpis_spark scheduled__2025-12-25T06:33:00+00:00 [up_for_retry]>
[2025-12-25T07:31:36.421+0000] {taskinstance.py:1087} INFO - Dependencies all met for <TaskInstance: spark_compute_kpis.compute_kpis_spark scheduled__2025-12-25T06:33:00+00:00 [up_for_retry]>
[2025-12-25T07:31:36.422+0000] {taskinstance.py:1283} INFO - 
--------------------------------------------------------------------------------
[2025-12-25T07:31:36.422+0000] {taskinstance.py:1284} INFO - Starting attempt 2 of 2
[2025-12-25T07:31:36.422+0000] {taskinstance.py:1285} INFO - 
--------------------------------------------------------------------------------
[2025-12-25T07:31:36.440+0000] {taskinstance.py:1304} INFO - Executing <Task(BashOperator): compute_kpis_spark> on 2025-12-25 06:33:00+00:00
[2025-12-25T07:31:36.456+0000] {standard_task_runner.py:55} INFO - Started process 594 to run task
[2025-12-25T07:31:36.462+0000] {standard_task_runner.py:82} INFO - Running: ['***', 'tasks', 'run', 'spark_compute_kpis', 'compute_kpis_spark', 'scheduled__2025-12-25T06:33:00+00:00', '--job-id', '9', '--raw', '--subdir', 'DAGS_FOLDER/dag_spark_kpi_computation.py', '--cfg-path', '/tmp/tmp94jxhkye']
[2025-12-25T07:31:36.464+0000] {standard_task_runner.py:83} INFO - Job 9: Subtask compute_kpis_spark
[2025-12-25T07:31:36.588+0000] {task_command.py:389} INFO - Running <TaskInstance: spark_compute_kpis.compute_kpis_spark scheduled__2025-12-25T06:33:00+00:00 [running]> on host 0691eab7d88e
[2025-12-25T07:31:36.740+0000] {taskinstance.py:1513} INFO - Exporting the following env vars:
AIRFLOW_CTX_DAG_OWNER=data-engineering
AIRFLOW_CTX_DAG_ID=spark_compute_kpis
AIRFLOW_CTX_TASK_ID=compute_kpis_spark
AIRFLOW_CTX_EXECUTION_DATE=2025-12-25T06:33:00+00:00
AIRFLOW_CTX_TRY_NUMBER=2
AIRFLOW_CTX_DAG_RUN_ID=scheduled__2025-12-25T06:33:00+00:00
[2025-12-25T07:31:36.742+0000] {subprocess.py:63} INFO - Tmp dir root location: 
 /tmp
[2025-12-25T07:31:36.743+0000] {subprocess.py:75} INFO - Running command: ['/bin/bash', '-c', '\n    # Use docker exec to submit Spark job from Spark master container\n    DOCKER_API_VERSION=1.44 docker exec spark-master bash -c \'\n        mkdir -p /tmp/.ivy2/cache /tmp/.ivy2/jars 2>/dev/null || true\n        export IVY_HOME=/tmp/.ivy2\n        export SPARK_SUBMIT_OPTS="-Divy.home=/tmp/.ivy2"\n        /opt/spark/bin/spark-submit           --master spark://spark-master:7077           --driver-memory 1g           --executor-memory 1g           --executor-cores 2           --deploy-mode client           --conf spark.mongodb.input.uri=mongodb://root:password123@mongo:27017/food_delivery           --conf spark.mongodb.output.uri=mongodb://root:password123@mongo:27017/food_delivery           --packages org.mongodb.spark:mongo-spark-connector_2.12:10.1.1           /opt/spark-apps/compute_kpis.py\n    \'\n    ']
[2025-12-25T07:31:36.771+0000] {subprocess.py:86} INFO - Output:
[2025-12-25T07:31:38.088+0000] {subprocess.py:93} INFO - WARNING: Using incubator modules: jdk.incubator.vector
