[2025-12-25T05:48:16.818+0000] {taskinstance.py:1081} INFO - Dependencies not met for <TaskInstance: spark_compute_kpis.compute_kpis_spark manual__2025-12-25T05:37:37+00:00 [up_for_retry]>, dependency 'Not In Retry Period' FAILED: Task is not ready for retry yet but will be retried automatically. Current date is 2025-12-25T05:48:16.818319+00:00 and task will be retried at 2025-12-25T05:50:02.848866+00:00.
[2025-12-25T05:48:16.821+0000] {local_task_job.py:98} INFO - Task is not able to be run
[2025-12-25T05:51:12.187+0000] {taskinstance.py:1087} INFO - Dependencies all met for <TaskInstance: spark_compute_kpis.compute_kpis_spark manual__2025-12-25T05:37:37+00:00 [queued]>
[2025-12-25T05:51:12.205+0000] {taskinstance.py:1087} INFO - Dependencies all met for <TaskInstance: spark_compute_kpis.compute_kpis_spark manual__2025-12-25T05:37:37+00:00 [queued]>
[2025-12-25T05:51:12.205+0000] {taskinstance.py:1283} INFO - 
--------------------------------------------------------------------------------
[2025-12-25T05:51:12.206+0000] {taskinstance.py:1284} INFO - Starting attempt 2 of 2
[2025-12-25T05:51:12.206+0000] {taskinstance.py:1285} INFO - 
--------------------------------------------------------------------------------
[2025-12-25T05:51:12.237+0000] {taskinstance.py:1304} INFO - Executing <Task(PythonOperator): compute_kpis_spark> on 2025-12-25 05:37:37+00:00
[2025-12-25T05:51:12.248+0000] {standard_task_runner.py:55} INFO - Started process 82 to run task
[2025-12-25T05:51:12.255+0000] {standard_task_runner.py:82} INFO - Running: ['***', 'tasks', 'run', 'spark_compute_kpis', 'compute_kpis_spark', 'manual__2025-12-25T05:37:37+00:00', '--job-id', '1959', '--raw', '--subdir', 'DAGS_FOLDER/dag_spark_kpi_computation.py', '--cfg-path', '/tmp/tmpmum1egoc']
[2025-12-25T05:51:12.257+0000] {standard_task_runner.py:83} INFO - Job 1959: Subtask compute_kpis_spark
[2025-12-25T05:51:12.438+0000] {task_command.py:389} INFO - Running <TaskInstance: spark_compute_kpis.compute_kpis_spark manual__2025-12-25T05:37:37+00:00 [running]> on host c7e42a23ea9f
[2025-12-25T05:51:12.715+0000] {taskinstance.py:1513} INFO - Exporting the following env vars:
AIRFLOW_CTX_DAG_OWNER=data-engineering
AIRFLOW_CTX_DAG_ID=spark_compute_kpis
AIRFLOW_CTX_TASK_ID=compute_kpis_spark
AIRFLOW_CTX_EXECUTION_DATE=2025-12-25T05:37:37+00:00
AIRFLOW_CTX_TRY_NUMBER=2
AIRFLOW_CTX_DAG_RUN_ID=manual__2025-12-25T05:37:37+00:00
[2025-12-25T05:51:12.844+0000] {dag_spark_kpi_computation.py:56} INFO - Spark job stdout: 
[2025-12-25T05:51:12.845+0000] {dag_spark_kpi_computation.py:58} WARNING - Spark job stderr: Error response from daemon: client version 1.41 is too old. Minimum supported API version is 1.44, please upgrade your client to a newer version

[2025-12-25T05:51:12.845+0000] {dag_spark_kpi_computation.py:61} ERROR - Spark job failed with exit code 1
[2025-12-25T05:51:12.845+0000] {dag_spark_kpi_computation.py:71} ERROR - Error submitting Spark job: Spark job failed: Error response from daemon: client version 1.41 is too old. Minimum supported API version is 1.44, please upgrade your client to a newer version

[2025-12-25T05:51:12.846+0000] {taskinstance.py:1772} ERROR - Task failed with exception
Traceback (most recent call last):
  File "/home/airflow/.local/lib/python3.7/site-packages/airflow/operators/python.py", line 175, in execute
    return_value = self.execute_callable()
  File "/home/airflow/.local/lib/python3.7/site-packages/airflow/operators/python.py", line 192, in execute_callable
    return self.python_callable(*self.op_args, **self.op_kwargs)
  File "/home/airflow/gcs/dags/dag_spark_kpi_computation.py", line 62, in submit_spark_job
    raise Exception(f"Spark job failed: {result.stderr}")
Exception: Spark job failed: Error response from daemon: client version 1.41 is too old. Minimum supported API version is 1.44, please upgrade your client to a newer version

[2025-12-25T05:51:12.873+0000] {taskinstance.py:1327} INFO - Marking task as FAILED. dag_id=spark_compute_kpis, task_id=compute_kpis_spark, execution_date=20251225T053737, start_date=20251225T055112, end_date=20251225T055112
[2025-12-25T05:51:12.907+0000] {standard_task_runner.py:105} ERROR - Failed to execute job 1959 for task compute_kpis_spark (Spark job failed: Error response from daemon: client version 1.41 is too old. Minimum supported API version is 1.44, please upgrade your client to a newer version
; 82)
[2025-12-25T05:51:12.965+0000] {local_task_job.py:159} INFO - Task exited with return code 1
[2025-12-25T05:51:13.074+0000] {taskinstance.py:2582} INFO - 0 downstream tasks scheduled from follow-on schedule check
