[2025-12-25T03:39:33.106+0000] {taskinstance.py:1087} INFO - Dependencies all met for <TaskInstance: spark_compute_kpis.compute_kpis_spark scheduled__2025-12-25T03:36:00+00:00 [queued]>
[2025-12-25T03:39:33.125+0000] {taskinstance.py:1087} INFO - Dependencies all met for <TaskInstance: spark_compute_kpis.compute_kpis_spark scheduled__2025-12-25T03:36:00+00:00 [queued]>
[2025-12-25T03:39:33.125+0000] {taskinstance.py:1283} INFO - 
--------------------------------------------------------------------------------
[2025-12-25T03:39:33.126+0000] {taskinstance.py:1284} INFO - Starting attempt 2 of 2
[2025-12-25T03:39:33.126+0000] {taskinstance.py:1285} INFO - 
--------------------------------------------------------------------------------
[2025-12-25T03:39:33.149+0000] {taskinstance.py:1304} INFO - Executing <Task(BashOperator): compute_kpis_spark> on 2025-12-25 03:36:00+00:00
[2025-12-25T03:39:33.158+0000] {standard_task_runner.py:55} INFO - Started process 20627 to run task
[2025-12-25T03:39:33.166+0000] {standard_task_runner.py:82} INFO - Running: ['***', 'tasks', 'run', 'spark_compute_kpis', 'compute_kpis_spark', 'scheduled__2025-12-25T03:36:00+00:00', '--job-id', '1428', '--raw', '--subdir', 'DAGS_FOLDER/dag_spark_kpi_computation.py', '--cfg-path', '/tmp/tmp0bry3ksk']
[2025-12-25T03:39:33.167+0000] {standard_task_runner.py:83} INFO - Job 1428: Subtask compute_kpis_spark
[2025-12-25T03:39:33.289+0000] {task_command.py:389} INFO - Running <TaskInstance: spark_compute_kpis.compute_kpis_spark scheduled__2025-12-25T03:36:00+00:00 [running]> on host de865afe45c0
[2025-12-25T03:39:33.413+0000] {taskinstance.py:1513} INFO - Exporting the following env vars:
AIRFLOW_CTX_DAG_OWNER=data-engineering
AIRFLOW_CTX_DAG_ID=spark_compute_kpis
AIRFLOW_CTX_TASK_ID=compute_kpis_spark
AIRFLOW_CTX_EXECUTION_DATE=2025-12-25T03:36:00+00:00
AIRFLOW_CTX_TRY_NUMBER=2
AIRFLOW_CTX_DAG_RUN_ID=scheduled__2025-12-25T03:36:00+00:00
[2025-12-25T03:39:33.415+0000] {subprocess.py:63} INFO - Tmp dir root location: 
 /tmp
[2025-12-25T03:39:33.415+0000] {subprocess.py:75} INFO - Running command: ['/bin/bash', '-c', '\n    docker exec spark-master bash -c "\n      mkdir -p /tmp/.ivy2/cache /tmp/.ivy2/jars 2>/dev/null || true\n      export IVY_HOME=/tmp/.ivy2\n      export SPARK_SUBMIT_OPTS=\'-Divy.home=/tmp/.ivy2\'\n      /opt/spark/bin/spark-submit         --master spark://spark-master:7077         --driver-memory 1g         --executor-memory 1g         --executor-cores 2         --conf spark.jars.packages=org.mongodb.spark:mongo-spark-connector_2.12:10.1.1         /opt/spark-apps/compute_kpis.py || echo \'Spark job completed with exit code: $?\'\n    "\n    ']
[2025-12-25T03:39:33.433+0000] {subprocess.py:86} INFO - Output:
[2025-12-25T03:39:33.470+0000] {subprocess.py:93} INFO - Cannot connect to the Docker daemon at unix:///var/run/docker.sock. Is the docker daemon running?
[2025-12-25T03:39:33.477+0000] {subprocess.py:97} INFO - Command exited with return code 1
[2025-12-25T03:39:33.501+0000] {taskinstance.py:1772} ERROR - Task failed with exception
Traceback (most recent call last):
  File "/home/airflow/.local/lib/python3.7/site-packages/airflow/operators/bash.py", line 197, in execute
    f"Bash command failed. The command returned a non-zero exit code {result.exit_code}."
airflow.exceptions.AirflowException: Bash command failed. The command returned a non-zero exit code 1.
[2025-12-25T03:39:33.506+0000] {taskinstance.py:1327} INFO - Marking task as FAILED. dag_id=spark_compute_kpis, task_id=compute_kpis_spark, execution_date=20251225T033600, start_date=20251225T033933, end_date=20251225T033933
[2025-12-25T03:39:33.522+0000] {standard_task_runner.py:105} ERROR - Failed to execute job 1428 for task compute_kpis_spark (Bash command failed. The command returned a non-zero exit code 1.; 20627)
[2025-12-25T03:39:33.541+0000] {local_task_job.py:159} INFO - Task exited with return code 1
[2025-12-25T03:39:33.579+0000] {taskinstance.py:2582} INFO - 0 downstream tasks scheduled from follow-on schedule check
