[2025-12-25T07:33:46.667+0000] {taskinstance.py:1087} INFO - Dependencies all met for <TaskInstance: spark_compute_kpis.compute_kpis_spark scheduled__2025-12-25T07:30:00+00:00 [queued]>
[2025-12-25T07:33:46.679+0000] {taskinstance.py:1087} INFO - Dependencies all met for <TaskInstance: spark_compute_kpis.compute_kpis_spark scheduled__2025-12-25T07:30:00+00:00 [queued]>
[2025-12-25T07:33:46.680+0000] {taskinstance.py:1283} INFO - 
--------------------------------------------------------------------------------
[2025-12-25T07:33:46.680+0000] {taskinstance.py:1284} INFO - Starting attempt 1 of 2
[2025-12-25T07:33:46.680+0000] {taskinstance.py:1285} INFO - 
--------------------------------------------------------------------------------
[2025-12-25T07:33:46.697+0000] {taskinstance.py:1304} INFO - Executing <Task(BashOperator): compute_kpis_spark> on 2025-12-25 07:30:00+00:00
[2025-12-25T07:33:46.705+0000] {standard_task_runner.py:55} INFO - Started process 113 to run task
[2025-12-25T07:33:46.710+0000] {standard_task_runner.py:82} INFO - Running: ['***', 'tasks', 'run', 'spark_compute_kpis', 'compute_kpis_spark', 'scheduled__2025-12-25T07:30:00+00:00', '--job-id', '13', '--raw', '--subdir', 'DAGS_FOLDER/dag_spark_kpi_computation.py', '--cfg-path', '/tmp/tmplimoact4']
[2025-12-25T07:33:46.712+0000] {standard_task_runner.py:83} INFO - Job 13: Subtask compute_kpis_spark
[2025-12-25T07:33:46.833+0000] {task_command.py:389} INFO - Running <TaskInstance: spark_compute_kpis.compute_kpis_spark scheduled__2025-12-25T07:30:00+00:00 [running]> on host 0691eab7d88e
[2025-12-25T07:33:46.967+0000] {taskinstance.py:1513} INFO - Exporting the following env vars:
AIRFLOW_CTX_DAG_OWNER=data-engineering
AIRFLOW_CTX_DAG_ID=spark_compute_kpis
AIRFLOW_CTX_TASK_ID=compute_kpis_spark
AIRFLOW_CTX_EXECUTION_DATE=2025-12-25T07:30:00+00:00
AIRFLOW_CTX_TRY_NUMBER=1
AIRFLOW_CTX_DAG_RUN_ID=scheduled__2025-12-25T07:30:00+00:00
[2025-12-25T07:33:46.968+0000] {subprocess.py:63} INFO - Tmp dir root location: 
 /tmp
[2025-12-25T07:33:46.969+0000] {subprocess.py:75} INFO - Running command: ['/bin/bash', '-c', '\n    # Use docker exec to submit Spark job from Spark master container\n    DOCKER_API_VERSION=1.44 docker exec spark-master bash -c \'\n        mkdir -p /tmp/.ivy2/cache /tmp/.ivy2/jars 2>/dev/null || true\n        export IVY_HOME=/tmp/.ivy2\n        export SPARK_SUBMIT_OPTS="-Divy.home=/tmp/.ivy2"\n        /opt/spark/bin/spark-submit           --master spark://spark-master:7077           --driver-memory 1g           --executor-memory 1g           --executor-cores 2           --deploy-mode client           --conf spark.mongodb.input.uri=mongodb://root:password123@mongo:27017/food_delivery           --conf spark.mongodb.output.uri=mongodb://root:password123@mongo:27017/food_delivery           --packages org.mongodb.spark:mongo-spark-connector_2.12:10.1.1           /opt/spark-apps/compute_kpis.py\n    \'\n    ']
[2025-12-25T07:33:46.981+0000] {subprocess.py:86} INFO - Output:
[2025-12-25T07:33:47.415+0000] {subprocess.py:93} INFO - WARNING: Using incubator modules: jdk.incubator.vector
[2025-12-25T07:33:49.111+0000] {subprocess.py:93} INFO - :: loading settings :: url = jar:file:/opt/spark/jars/ivy-2.5.3.jar!/org/apache/ivy/core/settings/ivysettings.xml
[2025-12-25T07:33:49.190+0000] {subprocess.py:93} INFO - Ivy Default Cache set to: /tmp/.ivy2/cache
[2025-12-25T07:33:49.191+0000] {subprocess.py:93} INFO - The jars for the packages stored in: /tmp/.ivy2/jars
[2025-12-25T07:33:49.196+0000] {subprocess.py:93} INFO - org.mongodb.spark#mongo-spark-connector_2.12 added as a dependency
[2025-12-25T07:33:49.198+0000] {subprocess.py:93} INFO - :: resolving dependencies :: org.apache.spark#spark-submit-parent-ae5ed60e-7de7-4bb8-86b0-24f50c62a74e;1.0
[2025-12-25T07:33:49.199+0000] {subprocess.py:93} INFO - 	confs: [default]
[2025-12-25T07:33:49.329+0000] {subprocess.py:93} INFO - 	found org.mongodb.spark#mongo-spark-connector_2.12;10.1.1 in central
[2025-12-25T07:33:52.712+0000] {subprocess.py:93} INFO - 	found org.mongodb#mongodb-driver-sync;4.8.2 in central
[2025-12-25T07:33:52.713+0000] {subprocess.py:93} INFO - 	[4.8.2] org.mongodb#mongodb-driver-sync;[4.8.1,4.8.99)
[2025-12-25T07:33:52.744+0000] {subprocess.py:93} INFO - 	found org.mongodb#bson;4.8.2 in central
[2025-12-25T07:33:52.776+0000] {subprocess.py:93} INFO - 	found org.mongodb#mongodb-driver-core;4.8.2 in central
[2025-12-25T07:33:52.805+0000] {subprocess.py:93} INFO - 	found org.mongodb#bson-record-codec;4.8.2 in central
[2025-12-25T07:33:52.826+0000] {subprocess.py:93} INFO - :: resolution report :: resolve 3620ms :: artifacts dl 7ms
[2025-12-25T07:33:52.826+0000] {subprocess.py:93} INFO - 	:: modules in use:
[2025-12-25T07:33:52.826+0000] {subprocess.py:93} INFO - 	org.mongodb#bson;4.8.2 from central in [default]
[2025-12-25T07:33:52.826+0000] {subprocess.py:93} INFO - 	org.mongodb#bson-record-codec;4.8.2 from central in [default]
[2025-12-25T07:33:52.826+0000] {subprocess.py:93} INFO - 	org.mongodb#mongodb-driver-core;4.8.2 from central in [default]
[2025-12-25T07:33:52.826+0000] {subprocess.py:93} INFO - 	org.mongodb#mongodb-driver-sync;4.8.2 from central in [default]
[2025-12-25T07:33:52.827+0000] {subprocess.py:93} INFO - 	org.mongodb.spark#mongo-spark-connector_2.12;10.1.1 from central in [default]
[2025-12-25T07:33:52.827+0000] {subprocess.py:93} INFO - 	---------------------------------------------------------------------
[2025-12-25T07:33:52.827+0000] {subprocess.py:93} INFO - 	|                  |            modules            ||   artifacts   |
[2025-12-25T07:33:52.827+0000] {subprocess.py:93} INFO - 	|       conf       | number| search|dwnlded|evicted|| number|dwnlded|
[2025-12-25T07:33:52.827+0000] {subprocess.py:93} INFO - 	---------------------------------------------------------------------
[2025-12-25T07:33:52.827+0000] {subprocess.py:93} INFO - 	|      default     |   5   |   1   |   0   |   0   ||   5   |   0   |
[2025-12-25T07:33:52.827+0000] {subprocess.py:93} INFO - 	---------------------------------------------------------------------
[2025-12-25T07:33:52.829+0000] {subprocess.py:93} INFO - :: retrieving :: org.apache.spark#spark-submit-parent-ae5ed60e-7de7-4bb8-86b0-24f50c62a74e
[2025-12-25T07:33:52.830+0000] {subprocess.py:93} INFO - 	confs: [default]
[2025-12-25T07:33:52.839+0000] {subprocess.py:93} INFO - 	0 artifacts copied, 5 already retrieved (0kB/7ms)
[2025-12-25T07:33:53.151+0000] {subprocess.py:93} INFO - 25/12/25 07:33:53 WARN NativeCodeLoader: Unable to load native-hadoop library for your platform... using builtin-java classes where applicable
[2025-12-25T07:33:54.438+0000] {subprocess.py:93} INFO - Using Spark's default log4j profile: org/apache/spark/log4j2-defaults.properties
[2025-12-25T07:33:54.445+0000] {subprocess.py:93} INFO - 25/12/25 07:33:54 INFO SparkContext: Running Spark version 4.0.1
[2025-12-25T07:33:54.448+0000] {subprocess.py:93} INFO - 25/12/25 07:33:54 INFO SparkContext: OS info Linux, 6.14.0-36-generic, amd64
[2025-12-25T07:33:54.449+0000] {subprocess.py:93} INFO - 25/12/25 07:33:54 INFO SparkContext: Java version 21.0.8
[2025-12-25T07:33:54.480+0000] {subprocess.py:93} INFO - 25/12/25 07:33:54 INFO ResourceUtils: ==============================================================
[2025-12-25T07:33:54.480+0000] {subprocess.py:93} INFO - 25/12/25 07:33:54 INFO ResourceUtils: No custom resources configured for spark.driver.
[2025-12-25T07:33:54.481+0000] {subprocess.py:93} INFO - 25/12/25 07:33:54 INFO ResourceUtils: ==============================================================
[2025-12-25T07:33:54.482+0000] {subprocess.py:93} INFO - 25/12/25 07:33:54 INFO SparkContext: Submitted application: FoodDeliveryKPIs
[2025-12-25T07:33:54.519+0000] {subprocess.py:93} INFO - 25/12/25 07:33:54 INFO ResourceProfile: Default ResourceProfile created, executor resources: Map(cores -> name: cores, amount: 2, script: , vendor: , memory -> name: memory, amount: 1024, script: , vendor: , offHeap -> name: offHeap, amount: 0, script: , vendor: ), task resources: Map(cpus -> name: cpus, amount: 1.0)
[2025-12-25T07:33:54.530+0000] {subprocess.py:93} INFO - 25/12/25 07:33:54 INFO ResourceProfile: Limiting resource is cpus at 2 tasks per executor
[2025-12-25T07:33:54.533+0000] {subprocess.py:93} INFO - 25/12/25 07:33:54 INFO ResourceProfileManager: Added ResourceProfile id: 0
[2025-12-25T07:33:54.594+0000] {subprocess.py:93} INFO - 25/12/25 07:33:54 INFO SecurityManager: Changing view acls to: spark
[2025-12-25T07:33:54.595+0000] {subprocess.py:93} INFO - 25/12/25 07:33:54 INFO SecurityManager: Changing modify acls to: spark
[2025-12-25T07:33:54.597+0000] {subprocess.py:93} INFO - 25/12/25 07:33:54 INFO SecurityManager: Changing view acls groups to: spark
[2025-12-25T07:33:54.601+0000] {subprocess.py:93} INFO - 25/12/25 07:33:54 INFO SecurityManager: Changing modify acls groups to: spark
[2025-12-25T07:33:54.603+0000] {subprocess.py:93} INFO - 25/12/25 07:33:54 INFO SecurityManager: SecurityManager: authentication disabled; ui acls disabled; users with view permissions: spark groups with view permissions: EMPTY; users with modify permissions: spark; groups with modify permissions: EMPTY; RPC SSL disabled
[2025-12-25T07:33:54.904+0000] {subprocess.py:93} INFO - 25/12/25 07:33:54 INFO Utils: Successfully started service 'sparkDriver' on port 38121.
[2025-12-25T07:33:54.945+0000] {subprocess.py:93} INFO - 25/12/25 07:33:54 INFO SparkEnv: Registering MapOutputTracker
[2025-12-25T07:33:54.961+0000] {subprocess.py:93} INFO - 25/12/25 07:33:54 INFO SparkEnv: Registering BlockManagerMaster
[2025-12-25T07:33:54.983+0000] {subprocess.py:93} INFO - 25/12/25 07:33:54 INFO BlockManagerMasterEndpoint: Using org.apache.spark.storage.DefaultTopologyMapper for getting topology information
[2025-12-25T07:33:54.984+0000] {subprocess.py:93} INFO - 25/12/25 07:33:54 INFO BlockManagerMasterEndpoint: BlockManagerMasterEndpoint up
[2025-12-25T07:33:54.986+0000] {subprocess.py:93} INFO - 25/12/25 07:33:54 INFO SparkEnv: Registering BlockManagerMasterHeartbeat
[2025-12-25T07:33:55.022+0000] {subprocess.py:93} INFO - 25/12/25 07:33:55 INFO DiskBlockManager: Created local directory at /tmp/blockmgr-61e82cc7-ec2b-4551-aee0-8cc7ac487b1b
[2025-12-25T07:33:55.058+0000] {subprocess.py:93} INFO - 25/12/25 07:33:55 INFO SparkEnv: Registering OutputCommitCoordinator
[2025-12-25T07:33:55.185+0000] {subprocess.py:93} INFO - 25/12/25 07:33:55 INFO JettyUtils: Start Jetty 0.0.0.0:4040 for SparkUI
[2025-12-25T07:33:55.283+0000] {subprocess.py:93} INFO - 25/12/25 07:33:55 INFO Utils: Successfully started service 'SparkUI' on port 4040.
[2025-12-25T07:33:55.327+0000] {subprocess.py:93} INFO - 25/12/25 07:33:55 INFO SparkContext: Added JAR file:///tmp/.ivy2/jars/org.mongodb.spark_mongo-spark-connector_2.12-10.1.1.jar at spark://100e91d4fece:38121/jars/org.mongodb.spark_mongo-spark-connector_2.12-10.1.1.jar with timestamp 1766648034425
[2025-12-25T07:33:55.329+0000] {subprocess.py:93} INFO - 25/12/25 07:33:55 INFO SparkContext: Added JAR file:///tmp/.ivy2/jars/org.mongodb_mongodb-driver-sync-4.8.2.jar at spark://100e91d4fece:38121/jars/org.mongodb_mongodb-driver-sync-4.8.2.jar with timestamp 1766648034425
[2025-12-25T07:33:55.329+0000] {subprocess.py:93} INFO - 25/12/25 07:33:55 INFO SparkContext: Added JAR file:///tmp/.ivy2/jars/org.mongodb_bson-4.8.2.jar at spark://100e91d4fece:38121/jars/org.mongodb_bson-4.8.2.jar with timestamp 1766648034425
[2025-12-25T07:33:55.329+0000] {subprocess.py:93} INFO - 25/12/25 07:33:55 INFO SparkContext: Added JAR file:///tmp/.ivy2/jars/org.mongodb_mongodb-driver-core-4.8.2.jar at spark://100e91d4fece:38121/jars/org.mongodb_mongodb-driver-core-4.8.2.jar with timestamp 1766648034425
[2025-12-25T07:33:55.329+0000] {subprocess.py:93} INFO - 25/12/25 07:33:55 INFO SparkContext: Added JAR file:///tmp/.ivy2/jars/org.mongodb_bson-record-codec-4.8.2.jar at spark://100e91d4fece:38121/jars/org.mongodb_bson-record-codec-4.8.2.jar with timestamp 1766648034425
[2025-12-25T07:33:55.334+0000] {subprocess.py:93} INFO - 25/12/25 07:33:55 INFO SparkContext: Added file file:///tmp/.ivy2/jars/org.mongodb.spark_mongo-spark-connector_2.12-10.1.1.jar at spark://100e91d4fece:38121/files/org.mongodb.spark_mongo-spark-connector_2.12-10.1.1.jar with timestamp 1766648034425
[2025-12-25T07:33:55.335+0000] {subprocess.py:93} INFO - 25/12/25 07:33:55 INFO Utils: Copying /tmp/.ivy2/jars/org.mongodb.spark_mongo-spark-connector_2.12-10.1.1.jar to /tmp/spark-4f1d7044-389b-4145-b559-99a348bd1714/userFiles-6cded231-aba7-47b5-9edb-c418b295301b/org.mongodb.spark_mongo-spark-connector_2.12-10.1.1.jar
[2025-12-25T07:33:55.345+0000] {subprocess.py:93} INFO - 25/12/25 07:33:55 INFO SparkContext: Added file file:///tmp/.ivy2/jars/org.mongodb_mongodb-driver-sync-4.8.2.jar at spark://100e91d4fece:38121/files/org.mongodb_mongodb-driver-sync-4.8.2.jar with timestamp 1766648034425
[2025-12-25T07:33:55.346+0000] {subprocess.py:93} INFO - 25/12/25 07:33:55 INFO Utils: Copying /tmp/.ivy2/jars/org.mongodb_mongodb-driver-sync-4.8.2.jar to /tmp/spark-4f1d7044-389b-4145-b559-99a348bd1714/userFiles-6cded231-aba7-47b5-9edb-c418b295301b/org.mongodb_mongodb-driver-sync-4.8.2.jar
[2025-12-25T07:33:55.350+0000] {subprocess.py:93} INFO - 25/12/25 07:33:55 INFO SparkContext: Added file file:///tmp/.ivy2/jars/org.mongodb_bson-4.8.2.jar at spark://100e91d4fece:38121/files/org.mongodb_bson-4.8.2.jar with timestamp 1766648034425
[2025-12-25T07:33:55.351+0000] {subprocess.py:93} INFO - 25/12/25 07:33:55 INFO Utils: Copying /tmp/.ivy2/jars/org.mongodb_bson-4.8.2.jar to /tmp/spark-4f1d7044-389b-4145-b559-99a348bd1714/userFiles-6cded231-aba7-47b5-9edb-c418b295301b/org.mongodb_bson-4.8.2.jar
[2025-12-25T07:33:55.353+0000] {subprocess.py:93} INFO - 25/12/25 07:33:55 INFO SparkContext: Added file file:///tmp/.ivy2/jars/org.mongodb_mongodb-driver-core-4.8.2.jar at spark://100e91d4fece:38121/files/org.mongodb_mongodb-driver-core-4.8.2.jar with timestamp 1766648034425
[2025-12-25T07:33:55.354+0000] {subprocess.py:93} INFO - 25/12/25 07:33:55 INFO Utils: Copying /tmp/.ivy2/jars/org.mongodb_mongodb-driver-core-4.8.2.jar to /tmp/spark-4f1d7044-389b-4145-b559-99a348bd1714/userFiles-6cded231-aba7-47b5-9edb-c418b295301b/org.mongodb_mongodb-driver-core-4.8.2.jar
[2025-12-25T07:33:55.358+0000] {subprocess.py:93} INFO - 25/12/25 07:33:55 INFO SparkContext: Added file file:///tmp/.ivy2/jars/org.mongodb_bson-record-codec-4.8.2.jar at spark://100e91d4fece:38121/files/org.mongodb_bson-record-codec-4.8.2.jar with timestamp 1766648034425
[2025-12-25T07:33:55.358+0000] {subprocess.py:93} INFO - 25/12/25 07:33:55 INFO Utils: Copying /tmp/.ivy2/jars/org.mongodb_bson-record-codec-4.8.2.jar to /tmp/spark-4f1d7044-389b-4145-b559-99a348bd1714/userFiles-6cded231-aba7-47b5-9edb-c418b295301b/org.mongodb_bson-record-codec-4.8.2.jar
[2025-12-25T07:33:55.397+0000] {subprocess.py:93} INFO - 25/12/25 07:33:55 INFO SecurityManager: Changing view acls to: spark
[2025-12-25T07:33:55.397+0000] {subprocess.py:93} INFO - 25/12/25 07:33:55 INFO SecurityManager: Changing modify acls to: spark
[2025-12-25T07:33:55.398+0000] {subprocess.py:93} INFO - 25/12/25 07:33:55 INFO SecurityManager: Changing view acls groups to: spark
[2025-12-25T07:33:55.398+0000] {subprocess.py:93} INFO - 25/12/25 07:33:55 INFO SecurityManager: Changing modify acls groups to: spark
[2025-12-25T07:33:55.398+0000] {subprocess.py:93} INFO - 25/12/25 07:33:55 INFO SecurityManager: SecurityManager: authentication disabled; ui acls disabled; users with view permissions: spark groups with view permissions: EMPTY; users with modify permissions: spark; groups with modify permissions: EMPTY; RPC SSL disabled
[2025-12-25T07:33:55.588+0000] {subprocess.py:93} INFO - 25/12/25 07:33:55 INFO StandaloneAppClient$ClientEndpoint: Connecting to master spark://spark-master:7077...
[2025-12-25T07:33:55.663+0000] {subprocess.py:93} INFO - 25/12/25 07:33:55 INFO TransportClientFactory: Successfully created connection to spark-master/172.19.0.4:7077 after 29 ms (0 ms spent in bootstraps)
[2025-12-25T07:33:55.756+0000] {subprocess.py:93} INFO - 25/12/25 07:33:55 INFO StandaloneSchedulerBackend: Connected to Spark cluster with app ID app-20251225073355-0003
[2025-12-25T07:33:55.764+0000] {subprocess.py:93} INFO - 25/12/25 07:33:55 INFO Utils: Successfully started service 'org.apache.spark.network.netty.NettyBlockTransferService' on port 34065.
[2025-12-25T07:33:55.764+0000] {subprocess.py:93} INFO - 25/12/25 07:33:55 INFO NettyBlockTransferService: Server created on 100e91d4fece:34065
[2025-12-25T07:33:55.767+0000] {subprocess.py:93} INFO - 25/12/25 07:33:55 INFO BlockManager: Using org.apache.spark.storage.RandomBlockReplicationPolicy for block replication policy
[2025-12-25T07:33:55.783+0000] {subprocess.py:93} INFO - 25/12/25 07:33:55 INFO BlockManagerMaster: Registering BlockManager BlockManagerId(driver, 100e91d4fece, 34065, None)
[2025-12-25T07:33:55.792+0000] {subprocess.py:93} INFO - 25/12/25 07:33:55 INFO BlockManagerMasterEndpoint: Registering block manager 100e91d4fece:34065 with 434.4 MiB RAM, BlockManagerId(driver, 100e91d4fece, 34065, None)
[2025-12-25T07:33:55.795+0000] {subprocess.py:93} INFO - 25/12/25 07:33:55 INFO BlockManagerMaster: Registered BlockManager BlockManagerId(driver, 100e91d4fece, 34065, None)
[2025-12-25T07:33:55.796+0000] {subprocess.py:93} INFO - 25/12/25 07:33:55 INFO BlockManager: Initialized BlockManager: BlockManagerId(driver, 100e91d4fece, 34065, None)
[2025-12-25T07:33:55.927+0000] {subprocess.py:93} INFO - 25/12/25 07:33:55 INFO StandaloneSchedulerBackend: SchedulerBackend is ready for scheduling beginning after reached minRegisteredResourcesRatio: 0.0
[2025-12-25T07:33:58.638+0000] {subprocess.py:93} INFO - ✅ Spark session created
[2025-12-25T07:33:58.638+0000] {subprocess.py:93} INFO - 📖 Reading fact tables from MongoDB...
[2025-12-25T07:34:29.947+0000] {subprocess.py:93} INFO - ❌ Error in Spark job: An error occurred while calling o45.load.
[2025-12-25T07:34:29.947+0000] {subprocess.py:93} INFO - : com.mongodb.MongoTimeoutException: Timed out after 30000 ms while waiting to connect. Client view of cluster state is {type=UNKNOWN, servers=[{address=localhost:27017, type=UNKNOWN, state=CONNECTING, exception={com.mongodb.MongoSocketOpenException: Exception opening socket}, caused by {java.net.ConnectException: Connection refused}}]
[2025-12-25T07:34:29.949+0000] {subprocess.py:93} INFO - 	at com.mongodb.internal.connection.BaseCluster.getDescription(BaseCluster.java:184)
[2025-12-25T07:34:29.950+0000] {subprocess.py:93} INFO - 	at com.mongodb.internal.connection.SingleServerCluster.getDescription(SingleServerCluster.java:46)
[2025-12-25T07:34:29.950+0000] {subprocess.py:93} INFO - 	at com.mongodb.client.internal.MongoClientDelegate.getConnectedClusterDescription(MongoClientDelegate.java:144)
[2025-12-25T07:34:29.950+0000] {subprocess.py:93} INFO - 	at com.mongodb.client.internal.MongoClientDelegate.createClientSession(MongoClientDelegate.java:101)
[2025-12-25T07:34:29.950+0000] {subprocess.py:93} INFO - 	at com.mongodb.client.internal.MongoClientDelegate$DelegateOperationExecutor.getClientSession(MongoClientDelegate.java:291)
[2025-12-25T07:34:29.950+0000] {subprocess.py:93} INFO - 	at com.mongodb.client.internal.MongoClientDelegate$DelegateOperationExecutor.execute(MongoClientDelegate.java:183)
[2025-12-25T07:34:29.950+0000] {subprocess.py:93} INFO - 	at com.mongodb.client.internal.MongoIterableImpl.execute(MongoIterableImpl.java:133)
[2025-12-25T07:34:29.950+0000] {subprocess.py:93} INFO - 	at com.mongodb.client.internal.MongoIterableImpl.iterator(MongoIterableImpl.java:90)
[2025-12-25T07:34:29.950+0000] {subprocess.py:93} INFO - 	at com.mongodb.client.internal.MongoIterableImpl.forEach(MongoIterableImpl.java:119)
[2025-12-25T07:34:29.950+0000] {subprocess.py:93} INFO - 	at com.mongodb.client.internal.MongoIterableImpl.into(MongoIterableImpl.java:128)
[2025-12-25T07:34:29.950+0000] {subprocess.py:93} INFO - 	at com.mongodb.spark.sql.connector.schema.InferSchema.lambda$inferSchema$0(InferSchema.java:86)
[2025-12-25T07:34:29.950+0000] {subprocess.py:93} INFO - 	at com.mongodb.spark.sql.connector.config.AbstractMongoConfig.withCollection(AbstractMongoConfig.java:173)
[2025-12-25T07:34:29.951+0000] {subprocess.py:93} INFO - 	at com.mongodb.spark.sql.connector.config.ReadConfig.withCollection(ReadConfig.java:45)
[2025-12-25T07:34:29.951+0000] {subprocess.py:93} INFO - 	at com.mongodb.spark.sql.connector.schema.InferSchema.inferSchema(InferSchema.java:82)
[2025-12-25T07:34:29.951+0000] {subprocess.py:93} INFO - 	at com.mongodb.spark.sql.connector.MongoTableProvider.inferSchema(MongoTableProvider.java:62)
[2025-12-25T07:34:29.951+0000] {subprocess.py:93} INFO - 	at org.apache.spark.sql.execution.datasources.v2.DataSourceV2Utils$.getTableFromProvider(DataSourceV2Utils.scala:96)
[2025-12-25T07:34:29.951+0000] {subprocess.py:93} INFO - 	at org.apache.spark.sql.execution.datasources.v2.DataSourceV2Utils$.loadV2Source(DataSourceV2Utils.scala:147)
[2025-12-25T07:34:29.951+0000] {subprocess.py:93} INFO - 	at org.apache.spark.sql.catalyst.analysis.ResolveDataSource$$anonfun$apply$1.$anonfun$applyOrElse$1(ResolveDataSource.scala:60)
[2025-12-25T07:34:29.951+0000] {subprocess.py:93} INFO - 	at scala.Option.flatMap(Option.scala:283)
[2025-12-25T07:34:29.951+0000] {subprocess.py:93} INFO - 	at org.apache.spark.sql.catalyst.analysis.ResolveDataSource$$anonfun$apply$1.applyOrElse(ResolveDataSource.scala:58)
[2025-12-25T07:34:29.951+0000] {subprocess.py:93} INFO - 	at org.apache.spark.sql.catalyst.analysis.ResolveDataSource$$anonfun$apply$1.applyOrElse(ResolveDataSource.scala:45)
[2025-12-25T07:34:29.954+0000] {subprocess.py:93} INFO - 	at org.apache.spark.sql.catalyst.plans.logical.AnalysisHelper.$anonfun$resolveOperatorsUpWithPruning$3(AnalysisHelper.scala:139)
[2025-12-25T07:34:29.955+0000] {subprocess.py:93} INFO - 	at org.apache.spark.sql.catalyst.trees.CurrentOrigin$.withOrigin(origin.scala:86)
[2025-12-25T07:34:29.955+0000] {subprocess.py:93} INFO - 	at org.apache.spark.sql.catalyst.plans.logical.AnalysisHelper.$anonfun$resolveOperatorsUpWithPruning$1(AnalysisHelper.scala:139)
[2025-12-25T07:34:29.955+0000] {subprocess.py:93} INFO - 	at org.apache.spark.sql.catalyst.plans.logical.AnalysisHelper$.allowInvokingTransformsInAnalyzer(AnalysisHelper.scala:416)
[2025-12-25T07:34:29.955+0000] {subprocess.py:93} INFO - 	at org.apache.spark.sql.catalyst.plans.logical.AnalysisHelper.resolveOperatorsUpWithPruning(AnalysisHelper.scala:135)
[2025-12-25T07:34:29.955+0000] {subprocess.py:93} INFO - 	at org.apache.spark.sql.catalyst.plans.logical.AnalysisHelper.resolveOperatorsUpWithPruning$(AnalysisHelper.scala:131)
[2025-12-25T07:34:29.955+0000] {subprocess.py:93} INFO - 	at org.apache.spark.sql.catalyst.plans.logical.LogicalPlan.resolveOperatorsUpWithPruning(LogicalPlan.scala:37)
[2025-12-25T07:34:29.955+0000] {subprocess.py:93} INFO - 	at org.apache.spark.sql.catalyst.plans.logical.AnalysisHelper.resolveOperatorsUp(AnalysisHelper.scala:112)
[2025-12-25T07:34:29.955+0000] {subprocess.py:93} INFO - 	at org.apache.spark.sql.catalyst.plans.logical.AnalysisHelper.resolveOperatorsUp$(AnalysisHelper.scala:111)
[2025-12-25T07:34:29.955+0000] {subprocess.py:93} INFO - 	at org.apache.spark.sql.catalyst.plans.logical.LogicalPlan.resolveOperatorsUp(LogicalPlan.scala:37)
[2025-12-25T07:34:29.955+0000] {subprocess.py:93} INFO - 	at org.apache.spark.sql.catalyst.analysis.ResolveDataSource.apply(ResolveDataSource.scala:45)
[2025-12-25T07:34:29.956+0000] {subprocess.py:93} INFO - 	at org.apache.spark.sql.catalyst.analysis.ResolveDataSource.apply(ResolveDataSource.scala:43)
[2025-12-25T07:34:29.956+0000] {subprocess.py:93} INFO - 	at org.apache.spark.sql.catalyst.rules.RuleExecutor.$anonfun$execute$2(RuleExecutor.scala:242)
[2025-12-25T07:34:29.956+0000] {subprocess.py:93} INFO - 	at scala.collection.LinearSeqOps.foldLeft(LinearSeq.scala:183)
[2025-12-25T07:34:29.956+0000] {subprocess.py:93} INFO - 	at scala.collection.LinearSeqOps.foldLeft$(LinearSeq.scala:179)
[2025-12-25T07:34:29.956+0000] {subprocess.py:93} INFO - 	at scala.collection.immutable.List.foldLeft(List.scala:79)
[2025-12-25T07:34:29.956+0000] {subprocess.py:93} INFO - 	at org.apache.spark.sql.catalyst.rules.RuleExecutor.$anonfun$execute$1(RuleExecutor.scala:239)
[2025-12-25T07:34:29.956+0000] {subprocess.py:93} INFO - 	at org.apache.spark.sql.catalyst.rules.RuleExecutor.$anonfun$execute$1$adapted(RuleExecutor.scala:231)
[2025-12-25T07:34:29.956+0000] {subprocess.py:93} INFO - 	at scala.collection.immutable.List.foreach(List.scala:334)
[2025-12-25T07:34:29.956+0000] {subprocess.py:93} INFO - 	at org.apache.spark.sql.catalyst.rules.RuleExecutor.execute(RuleExecutor.scala:231)
[2025-12-25T07:34:29.959+0000] {subprocess.py:93} INFO - 	at org.apache.spark.sql.catalyst.analysis.Analyzer.org$apache$spark$sql$catalyst$analysis$Analyzer$$executeSameContext(Analyzer.scala:340)
[2025-12-25T07:34:29.960+0000] {subprocess.py:93} INFO - 	at org.apache.spark.sql.catalyst.analysis.Analyzer.$anonfun$execute$1(Analyzer.scala:336)
[2025-12-25T07:34:29.960+0000] {subprocess.py:93} INFO - 	at org.apache.spark.sql.catalyst.analysis.AnalysisContext$.withNewAnalysisContext(Analyzer.scala:234)
[2025-12-25T07:34:29.960+0000] {subprocess.py:93} INFO - 	at org.apache.spark.sql.catalyst.analysis.Analyzer.execute(Analyzer.scala:336)
[2025-12-25T07:34:29.960+0000] {subprocess.py:93} INFO - 	at org.apache.spark.sql.catalyst.analysis.Analyzer.execute(Analyzer.scala:299)
[2025-12-25T07:34:29.960+0000] {subprocess.py:93} INFO - 	at org.apache.spark.sql.catalyst.rules.RuleExecutor.$anonfun$executeAndTrack$1(RuleExecutor.scala:201)
[2025-12-25T07:34:29.960+0000] {subprocess.py:93} INFO - 	at org.apache.spark.sql.catalyst.QueryPlanningTracker$.withTracker(QueryPlanningTracker.scala:89)
[2025-12-25T07:34:29.960+0000] {subprocess.py:93} INFO - 	at org.apache.spark.sql.catalyst.rules.RuleExecutor.executeAndTrack(RuleExecutor.scala:201)
[2025-12-25T07:34:29.960+0000] {subprocess.py:93} INFO - 	at org.apache.spark.sql.catalyst.analysis.resolver.HybridAnalyzer.resolveInFixedPoint(HybridAnalyzer.scala:190)
[2025-12-25T07:34:29.960+0000] {subprocess.py:93} INFO - 	at org.apache.spark.sql.catalyst.analysis.resolver.HybridAnalyzer.$anonfun$apply$1(HybridAnalyzer.scala:76)
[2025-12-25T07:34:29.961+0000] {subprocess.py:93} INFO - 	at org.apache.spark.sql.catalyst.analysis.resolver.HybridAnalyzer.withTrackedAnalyzerBridgeState(HybridAnalyzer.scala:111)
[2025-12-25T07:34:29.961+0000] {subprocess.py:93} INFO - 	at org.apache.spark.sql.catalyst.analysis.resolver.HybridAnalyzer.apply(HybridAnalyzer.scala:71)
[2025-12-25T07:34:29.961+0000] {subprocess.py:93} INFO - 	at org.apache.spark.sql.catalyst.analysis.Analyzer.$anonfun$executeAndCheck$1(Analyzer.scala:330)
[2025-12-25T07:34:29.961+0000] {subprocess.py:93} INFO - 	at org.apache.spark.sql.catalyst.plans.logical.AnalysisHelper$.markInAnalyzer(AnalysisHelper.scala:423)
[2025-12-25T07:34:29.961+0000] {subprocess.py:93} INFO - 	at org.apache.spark.sql.catalyst.analysis.Analyzer.executeAndCheck(Analyzer.scala:330)
[2025-12-25T07:34:29.961+0000] {subprocess.py:93} INFO - 	at org.apache.spark.sql.execution.QueryExecution.$anonfun$lazyAnalyzed$2(QueryExecution.scala:110)
[2025-12-25T07:34:29.961+0000] {subprocess.py:93} INFO - 	at org.apache.spark.sql.catalyst.QueryPlanningTracker.measurePhase(QueryPlanningTracker.scala:148)
[2025-12-25T07:34:29.961+0000] {subprocess.py:93} INFO - 	at org.apache.spark.sql.execution.QueryExecution.$anonfun$executePhase$2(QueryExecution.scala:278)
[2025-12-25T07:34:29.961+0000] {subprocess.py:93} INFO - 	at org.apache.spark.sql.execution.QueryExecution$.withInternalError(QueryExecution.scala:654)
[2025-12-25T07:34:29.961+0000] {subprocess.py:93} INFO - 	at org.apache.spark.sql.execution.QueryExecution.$anonfun$executePhase$1(QueryExecution.scala:278)
[2025-12-25T07:34:29.961+0000] {subprocess.py:93} INFO - 	at org.apache.spark.sql.SparkSession.withActive(SparkSession.scala:804)
[2025-12-25T07:34:29.961+0000] {subprocess.py:93} INFO - 	at org.apache.spark.sql.execution.QueryExecution.executePhase(QueryExecution.scala:277)
[2025-12-25T07:34:29.961+0000] {subprocess.py:93} INFO - 	at org.apache.spark.sql.execution.QueryExecution.$anonfun$lazyAnalyzed$1(QueryExecution.scala:110)
[2025-12-25T07:34:29.962+0000] {subprocess.py:93} INFO - 	at scala.util.Try$.apply(Try.scala:217)
[2025-12-25T07:34:29.962+0000] {subprocess.py:93} INFO - 	at org.apache.spark.util.Utils$.doTryWithCallerStacktrace(Utils.scala:1378)
[2025-12-25T07:34:29.962+0000] {subprocess.py:93} INFO - 	at org.apache.spark.util.Utils$.getTryWithCallerStacktrace(Utils.scala:1439)
[2025-12-25T07:34:29.962+0000] {subprocess.py:93} INFO - 	at org.apache.spark.util.LazyTry.get(LazyTry.scala:58)
[2025-12-25T07:34:29.962+0000] {subprocess.py:93} INFO - 	at org.apache.spark.sql.execution.QueryExecution.analyzed(QueryExecution.scala:121)
[2025-12-25T07:34:29.962+0000] {subprocess.py:93} INFO - 	at org.apache.spark.sql.execution.QueryExecution.assertAnalyzed(QueryExecution.scala:80)
[2025-12-25T07:34:29.962+0000] {subprocess.py:93} INFO - 	at org.apache.spark.sql.classic.Dataset$.$anonfun$ofRows$1(Dataset.scala:115)
[2025-12-25T07:34:29.962+0000] {subprocess.py:93} INFO - 	at org.apache.spark.sql.SparkSession.withActive(SparkSession.scala:804)
[2025-12-25T07:34:29.962+0000] {subprocess.py:93} INFO - 	at org.apache.spark.sql.classic.Dataset$.ofRows(Dataset.scala:113)
[2025-12-25T07:34:29.963+0000] {subprocess.py:93} INFO - 	at org.apache.spark.sql.classic.DataFrameReader.load(DataFrameReader.scala:109)
[2025-12-25T07:34:29.964+0000] {subprocess.py:93} INFO - 	at org.apache.spark.sql.classic.DataFrameReader.load(DataFrameReader.scala:92)
[2025-12-25T07:34:29.964+0000] {subprocess.py:93} INFO - 	at org.apache.spark.sql.classic.DataFrameReader.load(DataFrameReader.scala:58)
[2025-12-25T07:34:29.964+0000] {subprocess.py:93} INFO - 	at java.base/jdk.internal.reflect.NativeMethodAccessorImpl.invoke0(Native Method)
[2025-12-25T07:34:29.964+0000] {subprocess.py:93} INFO - 	at java.base/jdk.internal.reflect.NativeMethodAccessorImpl.invoke(NativeMethodAccessorImpl.java:75)
[2025-12-25T07:34:29.964+0000] {subprocess.py:93} INFO - 	at java.base/jdk.internal.reflect.DelegatingMethodAccessorImpl.invoke(DelegatingMethodAccessorImpl.java:52)
[2025-12-25T07:34:29.964+0000] {subprocess.py:93} INFO - 	at java.base/java.lang.reflect.Method.invoke(Method.java:580)
[2025-12-25T07:34:29.964+0000] {subprocess.py:93} INFO - 	at py4j.reflection.MethodInvoker.invoke(MethodInvoker.java:244)
[2025-12-25T07:34:29.964+0000] {subprocess.py:93} INFO - 	at py4j.reflection.ReflectionEngine.invoke(ReflectionEngine.java:374)
[2025-12-25T07:34:29.965+0000] {subprocess.py:93} INFO - 	at py4j.Gateway.invoke(Gateway.java:282)
[2025-12-25T07:34:29.965+0000] {subprocess.py:93} INFO - 	at py4j.commands.AbstractCommand.invokeMethod(AbstractCommand.java:132)
[2025-12-25T07:34:29.965+0000] {subprocess.py:93} INFO - 	at py4j.commands.CallCommand.execute(CallCommand.java:79)
[2025-12-25T07:34:29.965+0000] {subprocess.py:93} INFO - 	at py4j.ClientServerConnection.waitForCommands(ClientServerConnection.java:184)
[2025-12-25T07:34:29.965+0000] {subprocess.py:93} INFO - 	at py4j.ClientServerConnection.run(ClientServerConnection.java:108)
[2025-12-25T07:34:29.965+0000] {subprocess.py:93} INFO - 	at java.base/java.lang.Thread.run(Thread.java:1583)
[2025-12-25T07:34:29.965+0000] {subprocess.py:93} INFO - 	Suppressed: org.apache.spark.util.Utils$OriginalTryStackTraceException: Full stacktrace of original doTryWithCallerStacktrace caller
[2025-12-25T07:34:29.965+0000] {subprocess.py:93} INFO - 		at com.mongodb.internal.connection.BaseCluster.getDescription(BaseCluster.java:184)
[2025-12-25T07:34:29.966+0000] {subprocess.py:93} INFO - 		at com.mongodb.internal.connection.SingleServerCluster.getDescription(SingleServerCluster.java:46)
[2025-12-25T07:34:29.966+0000] {subprocess.py:93} INFO - 		at com.mongodb.client.internal.MongoClientDelegate.getConnectedClusterDescription(MongoClientDelegate.java:144)
[2025-12-25T07:34:29.966+0000] {subprocess.py:93} INFO - 		at com.mongodb.client.internal.MongoClientDelegate.createClientSession(MongoClientDelegate.java:101)
[2025-12-25T07:34:29.966+0000] {subprocess.py:93} INFO - 		at com.mongodb.client.internal.MongoClientDelegate$DelegateOperationExecutor.getClientSession(MongoClientDelegate.java:291)
[2025-12-25T07:34:29.966+0000] {subprocess.py:93} INFO - 		at com.mongodb.client.internal.MongoClientDelegate$DelegateOperationExecutor.execute(MongoClientDelegate.java:183)
[2025-12-25T07:34:29.966+0000] {subprocess.py:93} INFO - 		at com.mongodb.client.internal.MongoIterableImpl.execute(MongoIterableImpl.java:133)
[2025-12-25T07:34:29.966+0000] {subprocess.py:93} INFO - 		at com.mongodb.client.internal.MongoIterableImpl.iterator(MongoIterableImpl.java:90)
[2025-12-25T07:34:29.968+0000] {subprocess.py:93} INFO - 		at com.mongodb.client.internal.MongoIterableImpl.forEach(MongoIterableImpl.java:119)
[2025-12-25T07:34:29.968+0000] {subprocess.py:93} INFO - 		at com.mongodb.client.internal.MongoIterableImpl.into(MongoIterableImpl.java:128)
[2025-12-25T07:34:29.968+0000] {subprocess.py:93} INFO - 		at com.mongodb.spark.sql.connector.schema.InferSchema.lambda$inferSchema$0(InferSchema.java:86)
[2025-12-25T07:34:29.968+0000] {subprocess.py:93} INFO - 		at com.mongodb.spark.sql.connector.config.AbstractMongoConfig.withCollection(AbstractMongoConfig.java:173)
[2025-12-25T07:34:29.968+0000] {subprocess.py:93} INFO - 		at com.mongodb.spark.sql.connector.config.ReadConfig.withCollection(ReadConfig.java:45)
[2025-12-25T07:34:29.968+0000] {subprocess.py:93} INFO - 		at com.mongodb.spark.sql.connector.schema.InferSchema.inferSchema(InferSchema.java:82)
[2025-12-25T07:34:29.968+0000] {subprocess.py:93} INFO - 		at com.mongodb.spark.sql.connector.MongoTableProvider.inferSchema(MongoTableProvider.java:62)
[2025-12-25T07:34:29.968+0000] {subprocess.py:93} INFO - 		at org.apache.spark.sql.execution.datasources.v2.DataSourceV2Utils$.getTableFromProvider(DataSourceV2Utils.scala:96)
[2025-12-25T07:34:29.968+0000] {subprocess.py:93} INFO - 		at org.apache.spark.sql.execution.datasources.v2.DataSourceV2Utils$.loadV2Source(DataSourceV2Utils.scala:147)
[2025-12-25T07:34:29.968+0000] {subprocess.py:93} INFO - 		at org.apache.spark.sql.catalyst.analysis.ResolveDataSource$$anonfun$apply$1.$anonfun$applyOrElse$1(ResolveDataSource.scala:60)
[2025-12-25T07:34:29.968+0000] {subprocess.py:93} INFO - 		at scala.Option.flatMap(Option.scala:283)
[2025-12-25T07:34:29.968+0000] {subprocess.py:93} INFO - 		at org.apache.spark.sql.catalyst.analysis.ResolveDataSource$$anonfun$apply$1.applyOrElse(ResolveDataSource.scala:58)
[2025-12-25T07:34:29.968+0000] {subprocess.py:93} INFO - 		at org.apache.spark.sql.catalyst.analysis.ResolveDataSource$$anonfun$apply$1.applyOrElse(ResolveDataSource.scala:45)
[2025-12-25T07:34:29.968+0000] {subprocess.py:93} INFO - 		at org.apache.spark.sql.catalyst.plans.logical.AnalysisHelper.$anonfun$resolveOperatorsUpWithPruning$3(AnalysisHelper.scala:139)
[2025-12-25T07:34:29.969+0000] {subprocess.py:93} INFO - 		at org.apache.spark.sql.catalyst.trees.CurrentOrigin$.withOrigin(origin.scala:86)
[2025-12-25T07:34:29.969+0000] {subprocess.py:93} INFO - 		at org.apache.spark.sql.catalyst.plans.logical.AnalysisHelper.$anonfun$resolveOperatorsUpWithPruning$1(AnalysisHelper.scala:139)
[2025-12-25T07:34:29.969+0000] {subprocess.py:93} INFO - 		at org.apache.spark.sql.catalyst.plans.logical.AnalysisHelper$.allowInvokingTransformsInAnalyzer(AnalysisHelper.scala:416)
[2025-12-25T07:34:29.969+0000] {subprocess.py:93} INFO - 		at org.apache.spark.sql.catalyst.plans.logical.AnalysisHelper.resolveOperatorsUpWithPruning(AnalysisHelper.scala:135)
[2025-12-25T07:34:29.969+0000] {subprocess.py:93} INFO - 		at org.apache.spark.sql.catalyst.plans.logical.AnalysisHelper.resolveOperatorsUpWithPruning$(AnalysisHelper.scala:131)
[2025-12-25T07:34:29.969+0000] {subprocess.py:93} INFO - 		at org.apache.spark.sql.catalyst.plans.logical.LogicalPlan.resolveOperatorsUpWithPruning(LogicalPlan.scala:37)
[2025-12-25T07:34:29.969+0000] {subprocess.py:93} INFO - 		at org.apache.spark.sql.catalyst.plans.logical.AnalysisHelper.resolveOperatorsUp(AnalysisHelper.scala:112)
[2025-12-25T07:34:29.969+0000] {subprocess.py:93} INFO - 		at org.apache.spark.sql.catalyst.plans.logical.AnalysisHelper.resolveOperatorsUp$(AnalysisHelper.scala:111)
[2025-12-25T07:34:29.969+0000] {subprocess.py:93} INFO - 		at org.apache.spark.sql.catalyst.plans.logical.LogicalPlan.resolveOperatorsUp(LogicalPlan.scala:37)
[2025-12-25T07:34:29.969+0000] {subprocess.py:93} INFO - 		at org.apache.spark.sql.catalyst.analysis.ResolveDataSource.apply(ResolveDataSource.scala:45)
[2025-12-25T07:34:29.969+0000] {subprocess.py:93} INFO - 		at org.apache.spark.sql.catalyst.analysis.ResolveDataSource.apply(ResolveDataSource.scala:43)
[2025-12-25T07:34:29.970+0000] {subprocess.py:93} INFO - 		at org.apache.spark.sql.catalyst.rules.RuleExecutor.$anonfun$execute$2(RuleExecutor.scala:242)
[2025-12-25T07:34:29.970+0000] {subprocess.py:93} INFO - 		at scala.collection.LinearSeqOps.foldLeft(LinearSeq.scala:183)
[2025-12-25T07:34:29.970+0000] {subprocess.py:93} INFO - 		at scala.collection.LinearSeqOps.foldLeft$(LinearSeq.scala:179)
[2025-12-25T07:34:29.970+0000] {subprocess.py:93} INFO - 		at scala.collection.immutable.List.foldLeft(List.scala:79)
[2025-12-25T07:34:29.970+0000] {subprocess.py:93} INFO - 		at org.apache.spark.sql.catalyst.rules.RuleExecutor.$anonfun$execute$1(RuleExecutor.scala:239)
[2025-12-25T07:34:29.970+0000] {subprocess.py:93} INFO - 		at org.apache.spark.sql.catalyst.rules.RuleExecutor.$anonfun$execute$1$adapted(RuleExecutor.scala:231)
[2025-12-25T07:34:29.970+0000] {subprocess.py:93} INFO - 		at scala.collection.immutable.List.foreach(List.scala:334)
[2025-12-25T07:34:29.970+0000] {subprocess.py:93} INFO - 		at org.apache.spark.sql.catalyst.rules.RuleExecutor.execute(RuleExecutor.scala:231)
[2025-12-25T07:34:29.970+0000] {subprocess.py:93} INFO - 		at org.apache.spark.sql.catalyst.analysis.Analyzer.org$apache$spark$sql$catalyst$analysis$Analyzer$$executeSameContext(Analyzer.scala:340)
[2025-12-25T07:34:29.971+0000] {subprocess.py:93} INFO - 		at org.apache.spark.sql.catalyst.analysis.Analyzer.$anonfun$execute$1(Analyzer.scala:336)
[2025-12-25T07:34:29.971+0000] {subprocess.py:93} INFO - 		at org.apache.spark.sql.catalyst.analysis.AnalysisContext$.withNewAnalysisContext(Analyzer.scala:234)
[2025-12-25T07:34:29.971+0000] {subprocess.py:93} INFO - 		at org.apache.spark.sql.catalyst.analysis.Analyzer.execute(Analyzer.scala:336)
[2025-12-25T07:34:29.971+0000] {subprocess.py:93} INFO - 		at org.apache.spark.sql.catalyst.analysis.Analyzer.execute(Analyzer.scala:299)
[2025-12-25T07:34:29.971+0000] {subprocess.py:93} INFO - 		at org.apache.spark.sql.catalyst.rules.RuleExecutor.$anonfun$executeAndTrack$1(RuleExecutor.scala:201)
[2025-12-25T07:34:29.971+0000] {subprocess.py:93} INFO - 		at org.apache.spark.sql.catalyst.QueryPlanningTracker$.withTracker(QueryPlanningTracker.scala:89)
[2025-12-25T07:34:29.971+0000] {subprocess.py:93} INFO - 		at org.apache.spark.sql.catalyst.rules.RuleExecutor.executeAndTrack(RuleExecutor.scala:201)
[2025-12-25T07:34:29.971+0000] {subprocess.py:93} INFO - 		at org.apache.spark.sql.catalyst.analysis.resolver.HybridAnalyzer.resolveInFixedPoint(HybridAnalyzer.scala:190)
[2025-12-25T07:34:29.971+0000] {subprocess.py:93} INFO - 		at org.apache.spark.sql.catalyst.analysis.resolver.HybridAnalyzer.$anonfun$apply$1(HybridAnalyzer.scala:76)
[2025-12-25T07:34:29.971+0000] {subprocess.py:93} INFO - 		at org.apache.spark.sql.catalyst.analysis.resolver.HybridAnalyzer.withTrackedAnalyzerBridgeState(HybridAnalyzer.scala:111)
[2025-12-25T07:34:29.971+0000] {subprocess.py:93} INFO - 		at org.apache.spark.sql.catalyst.analysis.resolver.HybridAnalyzer.apply(HybridAnalyzer.scala:71)
[2025-12-25T07:34:29.971+0000] {subprocess.py:93} INFO - 		at org.apache.spark.sql.catalyst.analysis.Analyzer.$anonfun$executeAndCheck$1(Analyzer.scala:330)
[2025-12-25T07:34:29.971+0000] {subprocess.py:93} INFO - 		at org.apache.spark.sql.catalyst.plans.logical.AnalysisHelper$.markInAnalyzer(AnalysisHelper.scala:423)
[2025-12-25T07:34:29.971+0000] {subprocess.py:93} INFO - 		at org.apache.spark.sql.catalyst.analysis.Analyzer.executeAndCheck(Analyzer.scala:330)
[2025-12-25T07:34:29.971+0000] {subprocess.py:93} INFO - 		at org.apache.spark.sql.execution.QueryExecution.$anonfun$lazyAnalyzed$2(QueryExecution.scala:110)
[2025-12-25T07:34:29.971+0000] {subprocess.py:93} INFO - 		at org.apache.spark.sql.catalyst.QueryPlanningTracker.measurePhase(QueryPlanningTracker.scala:148)
[2025-12-25T07:34:29.971+0000] {subprocess.py:93} INFO - 		at org.apache.spark.sql.execution.QueryExecution.$anonfun$executePhase$2(QueryExecution.scala:278)
[2025-12-25T07:34:29.971+0000] {subprocess.py:93} INFO - 		at org.apache.spark.sql.execution.QueryExecution$.withInternalError(QueryExecution.scala:654)
[2025-12-25T07:34:29.971+0000] {subprocess.py:93} INFO - 		at org.apache.spark.sql.execution.QueryExecution.$anonfun$executePhase$1(QueryExecution.scala:278)
[2025-12-25T07:34:29.972+0000] {subprocess.py:93} INFO - 		at org.apache.spark.sql.SparkSession.withActive(SparkSession.scala:804)
[2025-12-25T07:34:29.972+0000] {subprocess.py:93} INFO - 		at org.apache.spark.sql.execution.QueryExecution.executePhase(QueryExecution.scala:277)
[2025-12-25T07:34:29.972+0000] {subprocess.py:93} INFO - 		at org.apache.spark.sql.execution.QueryExecution.$anonfun$lazyAnalyzed$1(QueryExecution.scala:110)
[2025-12-25T07:34:29.972+0000] {subprocess.py:93} INFO - 		at scala.util.Try$.apply(Try.scala:217)
[2025-12-25T07:34:29.972+0000] {subprocess.py:93} INFO - 		at org.apache.spark.util.Utils$.doTryWithCallerStacktrace(Utils.scala:1378)
[2025-12-25T07:34:29.972+0000] {subprocess.py:93} INFO - 		at org.apache.spark.util.LazyTry.tryT$lzycompute(LazyTry.scala:46)
[2025-12-25T07:34:29.972+0000] {subprocess.py:93} INFO - 		at org.apache.spark.util.LazyTry.tryT(LazyTry.scala:46)
[2025-12-25T07:34:29.972+0000] {subprocess.py:93} INFO - 		... 21 more
[2025-12-25T07:34:29.972+0000] {subprocess.py:93} INFO - 
[2025-12-25T07:34:29.992+0000] {subprocess.py:93} INFO - Traceback (most recent call last):
[2025-12-25T07:34:29.993+0000] {subprocess.py:93} INFO -   File "/opt/spark-apps/compute_kpis.py", line 101, in main
[2025-12-25T07:34:29.993+0000] {subprocess.py:93} INFO -     .load()
[2025-12-25T07:34:29.993+0000] {subprocess.py:93} INFO -   File "/opt/spark/python/lib/pyspark.zip/pyspark/sql/readwriter.py", line 318, in load
[2025-12-25T07:34:29.993+0000] {subprocess.py:93} INFO -     return self._df(self._jreader.load())
[2025-12-25T07:34:29.993+0000] {subprocess.py:93} INFO -   File "/opt/spark/python/lib/py4j-0.10.9.9-src.zip/py4j/java_gateway.py", line 1362, in __call__
[2025-12-25T07:34:29.993+0000] {subprocess.py:93} INFO -     return_value = get_return_value(
[2025-12-25T07:34:29.993+0000] {subprocess.py:93} INFO -   File "/opt/spark/python/lib/pyspark.zip/pyspark/errors/exceptions/captured.py", line 282, in deco
[2025-12-25T07:34:29.993+0000] {subprocess.py:93} INFO -     return f(*a, **kw)
[2025-12-25T07:34:29.993+0000] {subprocess.py:93} INFO -   File "/opt/spark/python/lib/py4j-0.10.9.9-src.zip/py4j/protocol.py", line 327, in get_return_value
[2025-12-25T07:34:29.993+0000] {subprocess.py:93} INFO -     raise Py4JJavaError(
[2025-12-25T07:34:29.993+0000] {subprocess.py:93} INFO - py4j.protocol.Py4JJavaError: An error occurred while calling o45.load.
[2025-12-25T07:34:29.993+0000] {subprocess.py:93} INFO - : com.mongodb.MongoTimeoutException: Timed out after 30000 ms while waiting to connect. Client view of cluster state is {type=UNKNOWN, servers=[{address=localhost:27017, type=UNKNOWN, state=CONNECTING, exception={com.mongodb.MongoSocketOpenException: Exception opening socket}, caused by {java.net.ConnectException: Connection refused}}]
[2025-12-25T07:34:29.993+0000] {subprocess.py:93} INFO - 	at com.mongodb.internal.connection.BaseCluster.getDescription(BaseCluster.java:184)
[2025-12-25T07:34:29.993+0000] {subprocess.py:93} INFO - 	at com.mongodb.internal.connection.SingleServerCluster.getDescription(SingleServerCluster.java:46)
[2025-12-25T07:34:29.993+0000] {subprocess.py:93} INFO - 	at com.mongodb.client.internal.MongoClientDelegate.getConnectedClusterDescription(MongoClientDelegate.java:144)
[2025-12-25T07:34:29.994+0000] {subprocess.py:93} INFO - 	at com.mongodb.client.internal.MongoClientDelegate.createClientSession(MongoClientDelegate.java:101)
[2025-12-25T07:34:29.994+0000] {subprocess.py:93} INFO - 	at com.mongodb.client.internal.MongoClientDelegate$DelegateOperationExecutor.getClientSession(MongoClientDelegate.java:291)
[2025-12-25T07:34:29.994+0000] {subprocess.py:93} INFO - 	at com.mongodb.client.internal.MongoClientDelegate$DelegateOperationExecutor.execute(MongoClientDelegate.java:183)
[2025-12-25T07:34:29.994+0000] {subprocess.py:93} INFO - 	at com.mongodb.client.internal.MongoIterableImpl.execute(MongoIterableImpl.java:133)
[2025-12-25T07:34:29.994+0000] {subprocess.py:93} INFO - 	at com.mongodb.client.internal.MongoIterableImpl.iterator(MongoIterableImpl.java:90)
[2025-12-25T07:34:29.994+0000] {subprocess.py:93} INFO - 	at com.mongodb.client.internal.MongoIterableImpl.forEach(MongoIterableImpl.java:119)
[2025-12-25T07:34:29.994+0000] {subprocess.py:93} INFO - 	at com.mongodb.client.internal.MongoIterableImpl.into(MongoIterableImpl.java:128)
[2025-12-25T07:34:29.994+0000] {subprocess.py:93} INFO - 	at com.mongodb.spark.sql.connector.schema.InferSchema.lambda$inferSchema$0(InferSchema.java:86)
[2025-12-25T07:34:29.994+0000] {subprocess.py:93} INFO - 	at com.mongodb.spark.sql.connector.config.AbstractMongoConfig.withCollection(AbstractMongoConfig.java:173)
[2025-12-25T07:34:29.994+0000] {subprocess.py:93} INFO - 	at com.mongodb.spark.sql.connector.config.ReadConfig.withCollection(ReadConfig.java:45)
[2025-12-25T07:34:29.994+0000] {subprocess.py:93} INFO - 	at com.mongodb.spark.sql.connector.schema.InferSchema.inferSchema(InferSchema.java:82)
[2025-12-25T07:34:29.994+0000] {subprocess.py:93} INFO - 	at com.mongodb.spark.sql.connector.MongoTableProvider.inferSchema(MongoTableProvider.java:62)
[2025-12-25T07:34:29.994+0000] {subprocess.py:93} INFO - 	at org.apache.spark.sql.execution.datasources.v2.DataSourceV2Utils$.getTableFromProvider(DataSourceV2Utils.scala:96)
[2025-12-25T07:34:29.994+0000] {subprocess.py:93} INFO - 	at org.apache.spark.sql.execution.datasources.v2.DataSourceV2Utils$.loadV2Source(DataSourceV2Utils.scala:147)
[2025-12-25T07:34:29.995+0000] {subprocess.py:93} INFO - 	at org.apache.spark.sql.catalyst.analysis.ResolveDataSource$$anonfun$apply$1.$anonfun$applyOrElse$1(ResolveDataSource.scala:60)
[2025-12-25T07:34:29.995+0000] {subprocess.py:93} INFO - 	at scala.Option.flatMap(Option.scala:283)
[2025-12-25T07:34:29.995+0000] {subprocess.py:93} INFO - 	at org.apache.spark.sql.catalyst.analysis.ResolveDataSource$$anonfun$apply$1.applyOrElse(ResolveDataSource.scala:58)
[2025-12-25T07:34:29.995+0000] {subprocess.py:93} INFO - 	at org.apache.spark.sql.catalyst.analysis.ResolveDataSource$$anonfun$apply$1.applyOrElse(ResolveDataSource.scala:45)
[2025-12-25T07:34:29.995+0000] {subprocess.py:93} INFO - 	at org.apache.spark.sql.catalyst.plans.logical.AnalysisHelper.$anonfun$resolveOperatorsUpWithPruning$3(AnalysisHelper.scala:139)
[2025-12-25T07:34:29.995+0000] {subprocess.py:93} INFO - 	at org.apache.spark.sql.catalyst.trees.CurrentOrigin$.withOrigin(origin.scala:86)
[2025-12-25T07:34:29.995+0000] {subprocess.py:93} INFO - 	at org.apache.spark.sql.catalyst.plans.logical.AnalysisHelper.$anonfun$resolveOperatorsUpWithPruning$1(AnalysisHelper.scala:139)
[2025-12-25T07:34:29.995+0000] {subprocess.py:93} INFO - 	at org.apache.spark.sql.catalyst.plans.logical.AnalysisHelper$.allowInvokingTransformsInAnalyzer(AnalysisHelper.scala:416)
[2025-12-25T07:34:29.995+0000] {subprocess.py:93} INFO - 	at org.apache.spark.sql.catalyst.plans.logical.AnalysisHelper.resolveOperatorsUpWithPruning(AnalysisHelper.scala:135)
[2025-12-25T07:34:29.995+0000] {subprocess.py:93} INFO - 	at org.apache.spark.sql.catalyst.plans.logical.AnalysisHelper.resolveOperatorsUpWithPruning$(AnalysisHelper.scala:131)
[2025-12-25T07:34:29.995+0000] {subprocess.py:93} INFO - 	at org.apache.spark.sql.catalyst.plans.logical.LogicalPlan.resolveOperatorsUpWithPruning(LogicalPlan.scala:37)
[2025-12-25T07:34:29.995+0000] {subprocess.py:93} INFO - 	at org.apache.spark.sql.catalyst.plans.logical.AnalysisHelper.resolveOperatorsUp(AnalysisHelper.scala:112)
[2025-12-25T07:34:29.995+0000] {subprocess.py:93} INFO - 	at org.apache.spark.sql.catalyst.plans.logical.AnalysisHelper.resolveOperatorsUp$(AnalysisHelper.scala:111)
[2025-12-25T07:34:29.995+0000] {subprocess.py:93} INFO - 	at org.apache.spark.sql.catalyst.plans.logical.LogicalPlan.resolveOperatorsUp(LogicalPlan.scala:37)
[2025-12-25T07:34:29.995+0000] {subprocess.py:93} INFO - 	at org.apache.spark.sql.catalyst.analysis.ResolveDataSource.apply(ResolveDataSource.scala:45)
[2025-12-25T07:34:29.995+0000] {subprocess.py:93} INFO - 	at org.apache.spark.sql.catalyst.analysis.ResolveDataSource.apply(ResolveDataSource.scala:43)
[2025-12-25T07:34:29.995+0000] {subprocess.py:93} INFO - 	at org.apache.spark.sql.catalyst.rules.RuleExecutor.$anonfun$execute$2(RuleExecutor.scala:242)
[2025-12-25T07:34:29.995+0000] {subprocess.py:93} INFO - 	at scala.collection.LinearSeqOps.foldLeft(LinearSeq.scala:183)
[2025-12-25T07:34:29.996+0000] {subprocess.py:93} INFO - 	at scala.collection.LinearSeqOps.foldLeft$(LinearSeq.scala:179)
[2025-12-25T07:34:29.996+0000] {subprocess.py:93} INFO - 	at scala.collection.immutable.List.foldLeft(List.scala:79)
[2025-12-25T07:34:29.996+0000] {subprocess.py:93} INFO - 	at org.apache.spark.sql.catalyst.rules.RuleExecutor.$anonfun$execute$1(RuleExecutor.scala:239)
[2025-12-25T07:34:29.996+0000] {subprocess.py:93} INFO - 	at org.apache.spark.sql.catalyst.rules.RuleExecutor.$anonfun$execute$1$adapted(RuleExecutor.scala:231)
[2025-12-25T07:34:29.996+0000] {subprocess.py:93} INFO - 	at scala.collection.immutable.List.foreach(List.scala:334)
[2025-12-25T07:34:29.996+0000] {subprocess.py:93} INFO - 	at org.apache.spark.sql.catalyst.rules.RuleExecutor.execute(RuleExecutor.scala:231)
[2025-12-25T07:34:29.996+0000] {subprocess.py:93} INFO - 	at org.apache.spark.sql.catalyst.analysis.Analyzer.org$apache$spark$sql$catalyst$analysis$Analyzer$$executeSameContext(Analyzer.scala:340)
[2025-12-25T07:34:29.996+0000] {subprocess.py:93} INFO - 	at org.apache.spark.sql.catalyst.analysis.Analyzer.$anonfun$execute$1(Analyzer.scala:336)
[2025-12-25T07:34:29.996+0000] {subprocess.py:93} INFO - 	at org.apache.spark.sql.catalyst.analysis.AnalysisContext$.withNewAnalysisContext(Analyzer.scala:234)
[2025-12-25T07:34:29.996+0000] {subprocess.py:93} INFO - 	at org.apache.spark.sql.catalyst.analysis.Analyzer.execute(Analyzer.scala:336)
[2025-12-25T07:34:29.996+0000] {subprocess.py:93} INFO - 	at org.apache.spark.sql.catalyst.analysis.Analyzer.execute(Analyzer.scala:299)
[2025-12-25T07:34:29.996+0000] {subprocess.py:93} INFO - 	at org.apache.spark.sql.catalyst.rules.RuleExecutor.$anonfun$executeAndTrack$1(RuleExecutor.scala:201)
[2025-12-25T07:34:29.996+0000] {subprocess.py:93} INFO - 	at org.apache.spark.sql.catalyst.QueryPlanningTracker$.withTracker(QueryPlanningTracker.scala:89)
[2025-12-25T07:34:29.996+0000] {subprocess.py:93} INFO - 	at org.apache.spark.sql.catalyst.rules.RuleExecutor.executeAndTrack(RuleExecutor.scala:201)
[2025-12-25T07:34:29.996+0000] {subprocess.py:93} INFO - 	at org.apache.spark.sql.catalyst.analysis.resolver.HybridAnalyzer.resolveInFixedPoint(HybridAnalyzer.scala:190)
[2025-12-25T07:34:29.996+0000] {subprocess.py:93} INFO - 	at org.apache.spark.sql.catalyst.analysis.resolver.HybridAnalyzer.$anonfun$apply$1(HybridAnalyzer.scala:76)
[2025-12-25T07:34:29.997+0000] {subprocess.py:93} INFO - 	at org.apache.spark.sql.catalyst.analysis.resolver.HybridAnalyzer.withTrackedAnalyzerBridgeState(HybridAnalyzer.scala:111)
[2025-12-25T07:34:29.997+0000] {subprocess.py:93} INFO - 	at org.apache.spark.sql.catalyst.analysis.resolver.HybridAnalyzer.apply(HybridAnalyzer.scala:71)
[2025-12-25T07:34:29.997+0000] {subprocess.py:93} INFO - 	at org.apache.spark.sql.catalyst.analysis.Analyzer.$anonfun$executeAndCheck$1(Analyzer.scala:330)
[2025-12-25T07:34:29.997+0000] {subprocess.py:93} INFO - 	at org.apache.spark.sql.catalyst.plans.logical.AnalysisHelper$.markInAnalyzer(AnalysisHelper.scala:423)
[2025-12-25T07:34:29.997+0000] {subprocess.py:93} INFO - 	at org.apache.spark.sql.catalyst.analysis.Analyzer.executeAndCheck(Analyzer.scala:330)
[2025-12-25T07:34:29.997+0000] {subprocess.py:93} INFO - 	at org.apache.spark.sql.execution.QueryExecution.$anonfun$lazyAnalyzed$2(QueryExecution.scala:110)
[2025-12-25T07:34:29.997+0000] {subprocess.py:93} INFO - 	at org.apache.spark.sql.catalyst.QueryPlanningTracker.measurePhase(QueryPlanningTracker.scala:148)
[2025-12-25T07:34:29.997+0000] {subprocess.py:93} INFO - 	at org.apache.spark.sql.execution.QueryExecution.$anonfun$executePhase$2(QueryExecution.scala:278)
[2025-12-25T07:34:29.997+0000] {subprocess.py:93} INFO - 	at org.apache.spark.sql.execution.QueryExecution$.withInternalError(QueryExecution.scala:654)
[2025-12-25T07:34:29.997+0000] {subprocess.py:93} INFO - 	at org.apache.spark.sql.execution.QueryExecution.$anonfun$executePhase$1(QueryExecution.scala:278)
[2025-12-25T07:34:29.997+0000] {subprocess.py:93} INFO - 	at org.apache.spark.sql.SparkSession.withActive(SparkSession.scala:804)
[2025-12-25T07:34:29.997+0000] {subprocess.py:93} INFO - 	at org.apache.spark.sql.execution.QueryExecution.executePhase(QueryExecution.scala:277)
[2025-12-25T07:34:29.997+0000] {subprocess.py:93} INFO - 	at org.apache.spark.sql.execution.QueryExecution.$anonfun$lazyAnalyzed$1(QueryExecution.scala:110)
[2025-12-25T07:34:29.997+0000] {subprocess.py:93} INFO - 	at scala.util.Try$.apply(Try.scala:217)
[2025-12-25T07:34:29.997+0000] {subprocess.py:93} INFO - 	at org.apache.spark.util.Utils$.doTryWithCallerStacktrace(Utils.scala:1378)
[2025-12-25T07:34:29.998+0000] {subprocess.py:93} INFO - 	at org.apache.spark.util.Utils$.getTryWithCallerStacktrace(Utils.scala:1439)
[2025-12-25T07:34:29.998+0000] {subprocess.py:93} INFO - 	at org.apache.spark.util.LazyTry.get(LazyTry.scala:58)
[2025-12-25T07:34:29.998+0000] {subprocess.py:93} INFO - 	at org.apache.spark.sql.execution.QueryExecution.analyzed(QueryExecution.scala:121)
[2025-12-25T07:34:29.998+0000] {subprocess.py:93} INFO - 	at org.apache.spark.sql.execution.QueryExecution.assertAnalyzed(QueryExecution.scala:80)
[2025-12-25T07:34:29.998+0000] {subprocess.py:93} INFO - 	at org.apache.spark.sql.classic.Dataset$.$anonfun$ofRows$1(Dataset.scala:115)
[2025-12-25T07:34:29.998+0000] {subprocess.py:93} INFO - 	at org.apache.spark.sql.SparkSession.withActive(SparkSession.scala:804)
[2025-12-25T07:34:29.998+0000] {subprocess.py:93} INFO - 	at org.apache.spark.sql.classic.Dataset$.ofRows(Dataset.scala:113)
[2025-12-25T07:34:29.998+0000] {subprocess.py:93} INFO - 	at org.apache.spark.sql.classic.DataFrameReader.load(DataFrameReader.scala:109)
[2025-12-25T07:34:29.998+0000] {subprocess.py:93} INFO - 	at org.apache.spark.sql.classic.DataFrameReader.load(DataFrameReader.scala:92)
[2025-12-25T07:34:29.998+0000] {subprocess.py:93} INFO - 	at org.apache.spark.sql.classic.DataFrameReader.load(DataFrameReader.scala:58)
[2025-12-25T07:34:29.998+0000] {subprocess.py:93} INFO - 	at java.base/jdk.internal.reflect.NativeMethodAccessorImpl.invoke0(Native Method)
[2025-12-25T07:34:29.998+0000] {subprocess.py:93} INFO - 	at java.base/jdk.internal.reflect.NativeMethodAccessorImpl.invoke(NativeMethodAccessorImpl.java:75)
[2025-12-25T07:34:29.998+0000] {subprocess.py:93} INFO - 	at java.base/jdk.internal.reflect.DelegatingMethodAccessorImpl.invoke(DelegatingMethodAccessorImpl.java:52)
[2025-12-25T07:34:29.998+0000] {subprocess.py:93} INFO - 	at java.base/java.lang.reflect.Method.invoke(Method.java:580)
[2025-12-25T07:34:29.998+0000] {subprocess.py:93} INFO - 	at py4j.reflection.MethodInvoker.invoke(MethodInvoker.java:244)
[2025-12-25T07:34:29.998+0000] {subprocess.py:93} INFO - 	at py4j.reflection.ReflectionEngine.invoke(ReflectionEngine.java:374)
[2025-12-25T07:34:29.998+0000] {subprocess.py:93} INFO - 	at py4j.Gateway.invoke(Gateway.java:282)
[2025-12-25T07:34:29.998+0000] {subprocess.py:93} INFO - 	at py4j.commands.AbstractCommand.invokeMethod(AbstractCommand.java:132)
[2025-12-25T07:34:29.998+0000] {subprocess.py:93} INFO - 	at py4j.commands.CallCommand.execute(CallCommand.java:79)
[2025-12-25T07:34:29.998+0000] {subprocess.py:93} INFO - 	at py4j.ClientServerConnection.waitForCommands(ClientServerConnection.java:184)
[2025-12-25T07:34:29.999+0000] {subprocess.py:93} INFO - 	at py4j.ClientServerConnection.run(ClientServerConnection.java:108)
[2025-12-25T07:34:29.999+0000] {subprocess.py:93} INFO - 	at java.base/java.lang.Thread.run(Thread.java:1583)
[2025-12-25T07:34:29.999+0000] {subprocess.py:93} INFO - 	Suppressed: org.apache.spark.util.Utils$OriginalTryStackTraceException: Full stacktrace of original doTryWithCallerStacktrace caller
[2025-12-25T07:34:29.999+0000] {subprocess.py:93} INFO - 		at com.mongodb.internal.connection.BaseCluster.getDescription(BaseCluster.java:184)
[2025-12-25T07:34:29.999+0000] {subprocess.py:93} INFO - 		at com.mongodb.internal.connection.SingleServerCluster.getDescription(SingleServerCluster.java:46)
[2025-12-25T07:34:29.999+0000] {subprocess.py:93} INFO - 		at com.mongodb.client.internal.MongoClientDelegate.getConnectedClusterDescription(MongoClientDelegate.java:144)
[2025-12-25T07:34:29.999+0000] {subprocess.py:93} INFO - 		at com.mongodb.client.internal.MongoClientDelegate.createClientSession(MongoClientDelegate.java:101)
[2025-12-25T07:34:29.999+0000] {subprocess.py:93} INFO - 		at com.mongodb.client.internal.MongoClientDelegate$DelegateOperationExecutor.getClientSession(MongoClientDelegate.java:291)
[2025-12-25T07:34:29.999+0000] {subprocess.py:93} INFO - 		at com.mongodb.client.internal.MongoClientDelegate$DelegateOperationExecutor.execute(MongoClientDelegate.java:183)
[2025-12-25T07:34:29.999+0000] {subprocess.py:93} INFO - 		at com.mongodb.client.internal.MongoIterableImpl.execute(MongoIterableImpl.java:133)
[2025-12-25T07:34:29.999+0000] {subprocess.py:93} INFO - 		at com.mongodb.client.internal.MongoIterableImpl.iterator(MongoIterableImpl.java:90)
[2025-12-25T07:34:29.999+0000] {subprocess.py:93} INFO - 		at com.mongodb.client.internal.MongoIterableImpl.forEach(MongoIterableImpl.java:119)
[2025-12-25T07:34:29.999+0000] {subprocess.py:93} INFO - 		at com.mongodb.client.internal.MongoIterableImpl.into(MongoIterableImpl.java:128)
[2025-12-25T07:34:29.999+0000] {subprocess.py:93} INFO - 		at com.mongodb.spark.sql.connector.schema.InferSchema.lambda$inferSchema$0(InferSchema.java:86)
[2025-12-25T07:34:29.999+0000] {subprocess.py:93} INFO - 		at com.mongodb.spark.sql.connector.config.AbstractMongoConfig.withCollection(AbstractMongoConfig.java:173)
[2025-12-25T07:34:29.999+0000] {subprocess.py:93} INFO - 		at com.mongodb.spark.sql.connector.config.ReadConfig.withCollection(ReadConfig.java:45)
[2025-12-25T07:34:29.999+0000] {subprocess.py:93} INFO - 		at com.mongodb.spark.sql.connector.schema.InferSchema.inferSchema(InferSchema.java:82)
[2025-12-25T07:34:29.999+0000] {subprocess.py:93} INFO - 		at com.mongodb.spark.sql.connector.MongoTableProvider.inferSchema(MongoTableProvider.java:62)
[2025-12-25T07:34:29.999+0000] {subprocess.py:93} INFO - 		at org.apache.spark.sql.execution.datasources.v2.DataSourceV2Utils$.getTableFromProvider(DataSourceV2Utils.scala:96)
[2025-12-25T07:34:30.000+0000] {subprocess.py:93} INFO - 		at org.apache.spark.sql.execution.datasources.v2.DataSourceV2Utils$.loadV2Source(DataSourceV2Utils.scala:147)
[2025-12-25T07:34:30.000+0000] {subprocess.py:93} INFO - 		at org.apache.spark.sql.catalyst.analysis.ResolveDataSource$$anonfun$apply$1.$anonfun$applyOrElse$1(ResolveDataSource.scala:60)
[2025-12-25T07:34:30.000+0000] {subprocess.py:93} INFO - 		at scala.Option.flatMap(Option.scala:283)
[2025-12-25T07:34:30.000+0000] {subprocess.py:93} INFO - 		at org.apache.spark.sql.catalyst.analysis.ResolveDataSource$$anonfun$apply$1.applyOrElse(ResolveDataSource.scala:58)
[2025-12-25T07:34:30.000+0000] {subprocess.py:93} INFO - 		at org.apache.spark.sql.catalyst.analysis.ResolveDataSource$$anonfun$apply$1.applyOrElse(ResolveDataSource.scala:45)
[2025-12-25T07:34:30.000+0000] {subprocess.py:93} INFO - 		at org.apache.spark.sql.catalyst.plans.logical.AnalysisHelper.$anonfun$resolveOperatorsUpWithPruning$3(AnalysisHelper.scala:139)
[2025-12-25T07:34:30.000+0000] {subprocess.py:93} INFO - 		at org.apache.spark.sql.catalyst.trees.CurrentOrigin$.withOrigin(origin.scala:86)
[2025-12-25T07:34:30.000+0000] {subprocess.py:93} INFO - 		at org.apache.spark.sql.catalyst.plans.logical.AnalysisHelper.$anonfun$resolveOperatorsUpWithPruning$1(AnalysisHelper.scala:139)
[2025-12-25T07:34:30.000+0000] {subprocess.py:93} INFO - 		at org.apache.spark.sql.catalyst.plans.logical.AnalysisHelper$.allowInvokingTransformsInAnalyzer(AnalysisHelper.scala:416)
[2025-12-25T07:34:30.000+0000] {subprocess.py:93} INFO - 		at org.apache.spark.sql.catalyst.plans.logical.AnalysisHelper.resolveOperatorsUpWithPruning(AnalysisHelper.scala:135)
[2025-12-25T07:34:30.000+0000] {subprocess.py:93} INFO - 		at org.apache.spark.sql.catalyst.plans.logical.AnalysisHelper.resolveOperatorsUpWithPruning$(AnalysisHelper.scala:131)
[2025-12-25T07:34:30.000+0000] {subprocess.py:93} INFO - 		at org.apache.spark.sql.catalyst.plans.logical.LogicalPlan.resolveOperatorsUpWithPruning(LogicalPlan.scala:37)
[2025-12-25T07:34:30.000+0000] {subprocess.py:93} INFO - 		at org.apache.spark.sql.catalyst.plans.logical.AnalysisHelper.resolveOperatorsUp(AnalysisHelper.scala:112)
[2025-12-25T07:34:30.000+0000] {subprocess.py:93} INFO - 		at org.apache.spark.sql.catalyst.plans.logical.AnalysisHelper.resolveOperatorsUp$(AnalysisHelper.scala:111)
[2025-12-25T07:34:30.000+0000] {subprocess.py:93} INFO - 		at org.apache.spark.sql.catalyst.plans.logical.LogicalPlan.resolveOperatorsUp(LogicalPlan.scala:37)
[2025-12-25T07:34:30.000+0000] {subprocess.py:93} INFO - 		at org.apache.spark.sql.catalyst.analysis.ResolveDataSource.apply(ResolveDataSource.scala:45)
[2025-12-25T07:34:30.001+0000] {subprocess.py:93} INFO - 		at org.apache.spark.sql.catalyst.analysis.ResolveDataSource.apply(ResolveDataSource.scala:43)
[2025-12-25T07:34:30.001+0000] {subprocess.py:93} INFO - 		at org.apache.spark.sql.catalyst.rules.RuleExecutor.$anonfun$execute$2(RuleExecutor.scala:242)
[2025-12-25T07:34:30.001+0000] {subprocess.py:93} INFO - 		at scala.collection.LinearSeqOps.foldLeft(LinearSeq.scala:183)
[2025-12-25T07:34:30.001+0000] {subprocess.py:93} INFO - 		at scala.collection.LinearSeqOps.foldLeft$(LinearSeq.scala:179)
[2025-12-25T07:34:30.001+0000] {subprocess.py:93} INFO - 		at scala.collection.immutable.List.foldLeft(List.scala:79)
[2025-12-25T07:34:30.001+0000] {subprocess.py:93} INFO - 		at org.apache.spark.sql.catalyst.rules.RuleExecutor.$anonfun$execute$1(RuleExecutor.scala:239)
[2025-12-25T07:34:30.001+0000] {subprocess.py:93} INFO - 		at org.apache.spark.sql.catalyst.rules.RuleExecutor.$anonfun$execute$1$adapted(RuleExecutor.scala:231)
[2025-12-25T07:34:30.001+0000] {subprocess.py:93} INFO - 		at scala.collection.immutable.List.foreach(List.scala:334)
[2025-12-25T07:34:30.001+0000] {subprocess.py:93} INFO - 		at org.apache.spark.sql.catalyst.rules.RuleExecutor.execute(RuleExecutor.scala:231)
[2025-12-25T07:34:30.001+0000] {subprocess.py:93} INFO - 		at org.apache.spark.sql.catalyst.analysis.Analyzer.org$apache$spark$sql$catalyst$analysis$Analyzer$$executeSameContext(Analyzer.scala:340)
[2025-12-25T07:34:30.001+0000] {subprocess.py:93} INFO - 		at org.apache.spark.sql.catalyst.analysis.Analyzer.$anonfun$execute$1(Analyzer.scala:336)
[2025-12-25T07:34:30.001+0000] {subprocess.py:93} INFO - 		at org.apache.spark.sql.catalyst.analysis.AnalysisContext$.withNewAnalysisContext(Analyzer.scala:234)
[2025-12-25T07:34:30.001+0000] {subprocess.py:93} INFO - 		at org.apache.spark.sql.catalyst.analysis.Analyzer.execute(Analyzer.scala:336)
[2025-12-25T07:34:30.002+0000] {subprocess.py:93} INFO - 		at org.apache.spark.sql.catalyst.analysis.Analyzer.execute(Analyzer.scala:299)
[2025-12-25T07:34:30.002+0000] {subprocess.py:93} INFO - 		at org.apache.spark.sql.catalyst.rules.RuleExecutor.$anonfun$executeAndTrack$1(RuleExecutor.scala:201)
[2025-12-25T07:34:30.002+0000] {subprocess.py:93} INFO - 		at org.apache.spark.sql.catalyst.QueryPlanningTracker$.withTracker(QueryPlanningTracker.scala:89)
[2025-12-25T07:34:30.002+0000] {subprocess.py:93} INFO - 		at org.apache.spark.sql.catalyst.rules.RuleExecutor.executeAndTrack(RuleExecutor.scala:201)
[2025-12-25T07:34:30.002+0000] {subprocess.py:93} INFO - 		at org.apache.spark.sql.catalyst.analysis.resolver.HybridAnalyzer.resolveInFixedPoint(HybridAnalyzer.scala:190)
[2025-12-25T07:34:30.002+0000] {subprocess.py:93} INFO - 		at org.apache.spark.sql.catalyst.analysis.resolver.HybridAnalyzer.$anonfun$apply$1(HybridAnalyzer.scala:76)
[2025-12-25T07:34:30.002+0000] {subprocess.py:93} INFO - 		at org.apache.spark.sql.catalyst.analysis.resolver.HybridAnalyzer.withTrackedAnalyzerBridgeState(HybridAnalyzer.scala:111)
[2025-12-25T07:34:30.002+0000] {subprocess.py:93} INFO - 		at org.apache.spark.sql.catalyst.analysis.resolver.HybridAnalyzer.apply(HybridAnalyzer.scala:71)
[2025-12-25T07:34:30.002+0000] {subprocess.py:93} INFO - 		at org.apache.spark.sql.catalyst.analysis.Analyzer.$anonfun$executeAndCheck$1(Analyzer.scala:330)
[2025-12-25T07:34:30.002+0000] {subprocess.py:93} INFO - 		at org.apache.spark.sql.catalyst.plans.logical.AnalysisHelper$.markInAnalyzer(AnalysisHelper.scala:423)
[2025-12-25T07:34:30.002+0000] {subprocess.py:93} INFO - 		at org.apache.spark.sql.catalyst.analysis.Analyzer.executeAndCheck(Analyzer.scala:330)
[2025-12-25T07:34:30.002+0000] {subprocess.py:93} INFO - 		at org.apache.spark.sql.execution.QueryExecution.$anonfun$lazyAnalyzed$2(QueryExecution.scala:110)
[2025-12-25T07:34:30.002+0000] {subprocess.py:93} INFO - 		at org.apache.spark.sql.catalyst.QueryPlanningTracker.measurePhase(QueryPlanningTracker.scala:148)
[2025-12-25T07:34:30.002+0000] {subprocess.py:93} INFO - 		at org.apache.spark.sql.execution.QueryExecution.$anonfun$executePhase$2(QueryExecution.scala:278)
[2025-12-25T07:34:30.003+0000] {subprocess.py:93} INFO - 		at org.apache.spark.sql.execution.QueryExecution$.withInternalError(QueryExecution.scala:654)
[2025-12-25T07:34:30.003+0000] {subprocess.py:93} INFO - 		at org.apache.spark.sql.execution.QueryExecution.$anonfun$executePhase$1(QueryExecution.scala:278)
[2025-12-25T07:34:30.003+0000] {subprocess.py:93} INFO - 		at org.apache.spark.sql.SparkSession.withActive(SparkSession.scala:804)
[2025-12-25T07:34:30.003+0000] {subprocess.py:93} INFO - 		at org.apache.spark.sql.execution.QueryExecution.executePhase(QueryExecution.scala:277)
[2025-12-25T07:34:30.003+0000] {subprocess.py:93} INFO - 		at org.apache.spark.sql.execution.QueryExecution.$anonfun$lazyAnalyzed$1(QueryExecution.scala:110)
[2025-12-25T07:34:30.003+0000] {subprocess.py:93} INFO - 		at scala.util.Try$.apply(Try.scala:217)
[2025-12-25T07:34:30.003+0000] {subprocess.py:93} INFO - 		at org.apache.spark.util.Utils$.doTryWithCallerStacktrace(Utils.scala:1378)
[2025-12-25T07:34:30.003+0000] {subprocess.py:93} INFO - 		at org.apache.spark.util.LazyTry.tryT$lzycompute(LazyTry.scala:46)
[2025-12-25T07:34:30.003+0000] {subprocess.py:93} INFO - 		at org.apache.spark.util.LazyTry.tryT(LazyTry.scala:46)
[2025-12-25T07:34:30.003+0000] {subprocess.py:93} INFO - 		... 21 more
[2025-12-25T07:34:30.003+0000] {subprocess.py:93} INFO - 
[2025-12-25T07:34:30.514+0000] {subprocess.py:93} INFO - Traceback (most recent call last):
[2025-12-25T07:34:30.515+0000] {subprocess.py:93} INFO -   File "/opt/spark-apps/compute_kpis.py", line 328, in <module>
[2025-12-25T07:34:30.516+0000] {subprocess.py:93} INFO -     main()
[2025-12-25T07:34:30.516+0000] {subprocess.py:93} INFO -   File "/opt/spark-apps/compute_kpis.py", line 101, in main
[2025-12-25T07:34:30.516+0000] {subprocess.py:93} INFO -     .load()
[2025-12-25T07:34:30.516+0000] {subprocess.py:93} INFO -   File "/opt/spark/python/lib/pyspark.zip/pyspark/sql/readwriter.py", line 318, in load
[2025-12-25T07:34:30.516+0000] {subprocess.py:93} INFO -   File "/opt/spark/python/lib/py4j-0.10.9.9-src.zip/py4j/java_gateway.py", line 1362, in __call__
[2025-12-25T07:34:30.516+0000] {subprocess.py:93} INFO -   File "/opt/spark/python/lib/pyspark.zip/pyspark/errors/exceptions/captured.py", line 282, in deco
[2025-12-25T07:34:30.516+0000] {subprocess.py:93} INFO -   File "/opt/spark/python/lib/py4j-0.10.9.9-src.zip/py4j/protocol.py", line 327, in get_return_value
[2025-12-25T07:34:30.560+0000] {subprocess.py:93} INFO - py4j.protocol.Py4JJavaError: An error occurred while calling o45.load.
[2025-12-25T07:34:30.560+0000] {subprocess.py:93} INFO - : com.mongodb.MongoTimeoutException: Timed out after 30000 ms while waiting to connect. Client view of cluster state is {type=UNKNOWN, servers=[{address=localhost:27017, type=UNKNOWN, state=CONNECTING, exception={com.mongodb.MongoSocketOpenException: Exception opening socket}, caused by {java.net.ConnectException: Connection refused}}]
[2025-12-25T07:34:30.560+0000] {subprocess.py:93} INFO - 	at com.mongodb.internal.connection.BaseCluster.getDescription(BaseCluster.java:184)
[2025-12-25T07:34:30.560+0000] {subprocess.py:93} INFO - 	at com.mongodb.internal.connection.SingleServerCluster.getDescription(SingleServerCluster.java:46)
[2025-12-25T07:34:30.560+0000] {subprocess.py:93} INFO - 	at com.mongodb.client.internal.MongoClientDelegate.getConnectedClusterDescription(MongoClientDelegate.java:144)
[2025-12-25T07:34:30.560+0000] {subprocess.py:93} INFO - 	at com.mongodb.client.internal.MongoClientDelegate.createClientSession(MongoClientDelegate.java:101)
[2025-12-25T07:34:30.560+0000] {subprocess.py:93} INFO - 	at com.mongodb.client.internal.MongoClientDelegate$DelegateOperationExecutor.getClientSession(MongoClientDelegate.java:291)
[2025-12-25T07:34:30.560+0000] {subprocess.py:93} INFO - 	at com.mongodb.client.internal.MongoClientDelegate$DelegateOperationExecutor.execute(MongoClientDelegate.java:183)
[2025-12-25T07:34:30.560+0000] {subprocess.py:93} INFO - 	at com.mongodb.client.internal.MongoIterableImpl.execute(MongoIterableImpl.java:133)
[2025-12-25T07:34:30.560+0000] {subprocess.py:93} INFO - 	at com.mongodb.client.internal.MongoIterableImpl.iterator(MongoIterableImpl.java:90)
[2025-12-25T07:34:30.561+0000] {subprocess.py:93} INFO - 	at com.mongodb.client.internal.MongoIterableImpl.forEach(MongoIterableImpl.java:119)
[2025-12-25T07:34:30.561+0000] {subprocess.py:93} INFO - 	at com.mongodb.client.internal.MongoIterableImpl.into(MongoIterableImpl.java:128)
[2025-12-25T07:34:30.561+0000] {subprocess.py:93} INFO - 	at com.mongodb.spark.sql.connector.schema.InferSchema.lambda$inferSchema$0(InferSchema.java:86)
[2025-12-25T07:34:30.561+0000] {subprocess.py:93} INFO - 	at com.mongodb.spark.sql.connector.config.AbstractMongoConfig.withCollection(AbstractMongoConfig.java:173)
[2025-12-25T07:34:30.561+0000] {subprocess.py:93} INFO - 	at com.mongodb.spark.sql.connector.config.ReadConfig.withCollection(ReadConfig.java:45)
[2025-12-25T07:34:30.561+0000] {subprocess.py:93} INFO - 	at com.mongodb.spark.sql.connector.schema.InferSchema.inferSchema(InferSchema.java:82)
[2025-12-25T07:34:30.561+0000] {subprocess.py:93} INFO - 	at com.mongodb.spark.sql.connector.MongoTableProvider.inferSchema(MongoTableProvider.java:62)
[2025-12-25T07:34:30.561+0000] {subprocess.py:93} INFO - 	at org.apache.spark.sql.execution.datasources.v2.DataSourceV2Utils$.getTableFromProvider(DataSourceV2Utils.scala:96)
[2025-12-25T07:34:30.561+0000] {subprocess.py:93} INFO - 	at org.apache.spark.sql.execution.datasources.v2.DataSourceV2Utils$.loadV2Source(DataSourceV2Utils.scala:147)
[2025-12-25T07:34:30.561+0000] {subprocess.py:93} INFO - 	at org.apache.spark.sql.catalyst.analysis.ResolveDataSource$$anonfun$apply$1.$anonfun$applyOrElse$1(ResolveDataSource.scala:60)
[2025-12-25T07:34:30.561+0000] {subprocess.py:93} INFO - 	at scala.Option.flatMap(Option.scala:283)
[2025-12-25T07:34:30.561+0000] {subprocess.py:93} INFO - 	at org.apache.spark.sql.catalyst.analysis.ResolveDataSource$$anonfun$apply$1.applyOrElse(ResolveDataSource.scala:58)
[2025-12-25T07:34:30.561+0000] {subprocess.py:93} INFO - 	at org.apache.spark.sql.catalyst.analysis.ResolveDataSource$$anonfun$apply$1.applyOrElse(ResolveDataSource.scala:45)
[2025-12-25T07:34:30.561+0000] {subprocess.py:93} INFO - 	at org.apache.spark.sql.catalyst.plans.logical.AnalysisHelper.$anonfun$resolveOperatorsUpWithPruning$3(AnalysisHelper.scala:139)
[2025-12-25T07:34:30.562+0000] {subprocess.py:93} INFO - 	at org.apache.spark.sql.catalyst.trees.CurrentOrigin$.withOrigin(origin.scala:86)
[2025-12-25T07:34:30.562+0000] {subprocess.py:93} INFO - 	at org.apache.spark.sql.catalyst.plans.logical.AnalysisHelper.$anonfun$resolveOperatorsUpWithPruning$1(AnalysisHelper.scala:139)
[2025-12-25T07:34:30.562+0000] {subprocess.py:93} INFO - 	at org.apache.spark.sql.catalyst.plans.logical.AnalysisHelper$.allowInvokingTransformsInAnalyzer(AnalysisHelper.scala:416)
[2025-12-25T07:34:30.562+0000] {subprocess.py:93} INFO - 	at org.apache.spark.sql.catalyst.plans.logical.AnalysisHelper.resolveOperatorsUpWithPruning(AnalysisHelper.scala:135)
[2025-12-25T07:34:30.562+0000] {subprocess.py:93} INFO - 	at org.apache.spark.sql.catalyst.plans.logical.AnalysisHelper.resolveOperatorsUpWithPruning$(AnalysisHelper.scala:131)
[2025-12-25T07:34:30.562+0000] {subprocess.py:93} INFO - 	at org.apache.spark.sql.catalyst.plans.logical.LogicalPlan.resolveOperatorsUpWithPruning(LogicalPlan.scala:37)
[2025-12-25T07:34:30.562+0000] {subprocess.py:93} INFO - 	at org.apache.spark.sql.catalyst.plans.logical.AnalysisHelper.resolveOperatorsUp(AnalysisHelper.scala:112)
[2025-12-25T07:34:30.562+0000] {subprocess.py:93} INFO - 	at org.apache.spark.sql.catalyst.plans.logical.AnalysisHelper.resolveOperatorsUp$(AnalysisHelper.scala:111)
[2025-12-25T07:34:30.562+0000] {subprocess.py:93} INFO - 	at org.apache.spark.sql.catalyst.plans.logical.LogicalPlan.resolveOperatorsUp(LogicalPlan.scala:37)
[2025-12-25T07:34:30.562+0000] {subprocess.py:93} INFO - 	at org.apache.spark.sql.catalyst.analysis.ResolveDataSource.apply(ResolveDataSource.scala:45)
[2025-12-25T07:34:30.562+0000] {subprocess.py:93} INFO - 	at org.apache.spark.sql.catalyst.analysis.ResolveDataSource.apply(ResolveDataSource.scala:43)
[2025-12-25T07:34:30.562+0000] {subprocess.py:93} INFO - 	at org.apache.spark.sql.catalyst.rules.RuleExecutor.$anonfun$execute$2(RuleExecutor.scala:242)
[2025-12-25T07:34:30.562+0000] {subprocess.py:93} INFO - 	at scala.collection.LinearSeqOps.foldLeft(LinearSeq.scala:183)
[2025-12-25T07:34:30.562+0000] {subprocess.py:93} INFO - 	at scala.collection.LinearSeqOps.foldLeft$(LinearSeq.scala:179)
[2025-12-25T07:34:30.563+0000] {subprocess.py:93} INFO - 	at scala.collection.immutable.List.foldLeft(List.scala:79)
[2025-12-25T07:34:30.563+0000] {subprocess.py:93} INFO - 	at org.apache.spark.sql.catalyst.rules.RuleExecutor.$anonfun$execute$1(RuleExecutor.scala:239)
[2025-12-25T07:34:30.563+0000] {subprocess.py:93} INFO - 	at org.apache.spark.sql.catalyst.rules.RuleExecutor.$anonfun$execute$1$adapted(RuleExecutor.scala:231)
[2025-12-25T07:34:30.563+0000] {subprocess.py:93} INFO - 	at scala.collection.immutable.List.foreach(List.scala:334)
[2025-12-25T07:34:30.563+0000] {subprocess.py:93} INFO - 	at org.apache.spark.sql.catalyst.rules.RuleExecutor.execute(RuleExecutor.scala:231)
[2025-12-25T07:34:30.563+0000] {subprocess.py:93} INFO - 	at org.apache.spark.sql.catalyst.analysis.Analyzer.org$apache$spark$sql$catalyst$analysis$Analyzer$$executeSameContext(Analyzer.scala:340)
[2025-12-25T07:34:30.563+0000] {subprocess.py:93} INFO - 	at org.apache.spark.sql.catalyst.analysis.Analyzer.$anonfun$execute$1(Analyzer.scala:336)
[2025-12-25T07:34:30.563+0000] {subprocess.py:93} INFO - 	at org.apache.spark.sql.catalyst.analysis.AnalysisContext$.withNewAnalysisContext(Analyzer.scala:234)
[2025-12-25T07:34:30.563+0000] {subprocess.py:93} INFO - 	at org.apache.spark.sql.catalyst.analysis.Analyzer.execute(Analyzer.scala:336)
[2025-12-25T07:34:30.563+0000] {subprocess.py:93} INFO - 	at org.apache.spark.sql.catalyst.analysis.Analyzer.execute(Analyzer.scala:299)
[2025-12-25T07:34:30.563+0000] {subprocess.py:93} INFO - 	at org.apache.spark.sql.catalyst.rules.RuleExecutor.$anonfun$executeAndTrack$1(RuleExecutor.scala:201)
[2025-12-25T07:34:30.563+0000] {subprocess.py:93} INFO - 	at org.apache.spark.sql.catalyst.QueryPlanningTracker$.withTracker(QueryPlanningTracker.scala:89)
[2025-12-25T07:34:30.563+0000] {subprocess.py:93} INFO - 	at org.apache.spark.sql.catalyst.rules.RuleExecutor.executeAndTrack(RuleExecutor.scala:201)
[2025-12-25T07:34:30.563+0000] {subprocess.py:93} INFO - 	at org.apache.spark.sql.catalyst.analysis.resolver.HybridAnalyzer.resolveInFixedPoint(HybridAnalyzer.scala:190)
[2025-12-25T07:34:30.563+0000] {subprocess.py:93} INFO - 	at org.apache.spark.sql.catalyst.analysis.resolver.HybridAnalyzer.$anonfun$apply$1(HybridAnalyzer.scala:76)
[2025-12-25T07:34:30.563+0000] {subprocess.py:93} INFO - 	at org.apache.spark.sql.catalyst.analysis.resolver.HybridAnalyzer.withTrackedAnalyzerBridgeState(HybridAnalyzer.scala:111)
[2025-12-25T07:34:30.563+0000] {subprocess.py:93} INFO - 	at org.apache.spark.sql.catalyst.analysis.resolver.HybridAnalyzer.apply(HybridAnalyzer.scala:71)
[2025-12-25T07:34:30.564+0000] {subprocess.py:93} INFO - 	at org.apache.spark.sql.catalyst.analysis.Analyzer.$anonfun$executeAndCheck$1(Analyzer.scala:330)
[2025-12-25T07:34:30.564+0000] {subprocess.py:93} INFO - 	at org.apache.spark.sql.catalyst.plans.logical.AnalysisHelper$.markInAnalyzer(AnalysisHelper.scala:423)
[2025-12-25T07:34:30.564+0000] {subprocess.py:93} INFO - 	at org.apache.spark.sql.catalyst.analysis.Analyzer.executeAndCheck(Analyzer.scala:330)
[2025-12-25T07:34:30.564+0000] {subprocess.py:93} INFO - 	at org.apache.spark.sql.execution.QueryExecution.$anonfun$lazyAnalyzed$2(QueryExecution.scala:110)
[2025-12-25T07:34:30.564+0000] {subprocess.py:93} INFO - 	at org.apache.spark.sql.catalyst.QueryPlanningTracker.measurePhase(QueryPlanningTracker.scala:148)
[2025-12-25T07:34:30.564+0000] {subprocess.py:93} INFO - 	at org.apache.spark.sql.execution.QueryExecution.$anonfun$executePhase$2(QueryExecution.scala:278)
[2025-12-25T07:34:30.564+0000] {subprocess.py:93} INFO - 	at org.apache.spark.sql.execution.QueryExecution$.withInternalError(QueryExecution.scala:654)
[2025-12-25T07:34:30.564+0000] {subprocess.py:93} INFO - 	at org.apache.spark.sql.execution.QueryExecution.$anonfun$executePhase$1(QueryExecution.scala:278)
[2025-12-25T07:34:30.564+0000] {subprocess.py:93} INFO - 	at org.apache.spark.sql.SparkSession.withActive(SparkSession.scala:804)
[2025-12-25T07:34:30.564+0000] {subprocess.py:93} INFO - 	at org.apache.spark.sql.execution.QueryExecution.executePhase(QueryExecution.scala:277)
[2025-12-25T07:34:30.564+0000] {subprocess.py:93} INFO - 	at org.apache.spark.sql.execution.QueryExecution.$anonfun$lazyAnalyzed$1(QueryExecution.scala:110)
[2025-12-25T07:34:30.564+0000] {subprocess.py:93} INFO - 	at scala.util.Try$.apply(Try.scala:217)
[2025-12-25T07:34:30.564+0000] {subprocess.py:93} INFO - 	at org.apache.spark.util.Utils$.doTryWithCallerStacktrace(Utils.scala:1378)
[2025-12-25T07:34:30.564+0000] {subprocess.py:93} INFO - 	at org.apache.spark.util.Utils$.getTryWithCallerStacktrace(Utils.scala:1439)
[2025-12-25T07:34:30.564+0000] {subprocess.py:93} INFO - 	at org.apache.spark.util.LazyTry.get(LazyTry.scala:58)
[2025-12-25T07:34:30.564+0000] {subprocess.py:93} INFO - 	at org.apache.spark.sql.execution.QueryExecution.analyzed(QueryExecution.scala:121)
[2025-12-25T07:34:30.565+0000] {subprocess.py:93} INFO - 	at org.apache.spark.sql.execution.QueryExecution.assertAnalyzed(QueryExecution.scala:80)
[2025-12-25T07:34:30.565+0000] {subprocess.py:93} INFO - 	at org.apache.spark.sql.classic.Dataset$.$anonfun$ofRows$1(Dataset.scala:115)
[2025-12-25T07:34:30.565+0000] {subprocess.py:93} INFO - 	at org.apache.spark.sql.SparkSession.withActive(SparkSession.scala:804)
[2025-12-25T07:34:30.565+0000] {subprocess.py:93} INFO - 	at org.apache.spark.sql.classic.Dataset$.ofRows(Dataset.scala:113)
[2025-12-25T07:34:30.565+0000] {subprocess.py:93} INFO - 	at org.apache.spark.sql.classic.DataFrameReader.load(DataFrameReader.scala:109)
[2025-12-25T07:34:30.565+0000] {subprocess.py:93} INFO - 	at org.apache.spark.sql.classic.DataFrameReader.load(DataFrameReader.scala:92)
[2025-12-25T07:34:30.565+0000] {subprocess.py:93} INFO - 	at org.apache.spark.sql.classic.DataFrameReader.load(DataFrameReader.scala:58)
[2025-12-25T07:34:30.565+0000] {subprocess.py:93} INFO - 	at java.base/jdk.internal.reflect.NativeMethodAccessorImpl.invoke0(Native Method)
[2025-12-25T07:34:30.565+0000] {subprocess.py:93} INFO - 	at java.base/jdk.internal.reflect.NativeMethodAccessorImpl.invoke(NativeMethodAccessorImpl.java:75)
[2025-12-25T07:34:30.565+0000] {subprocess.py:93} INFO - 	at java.base/jdk.internal.reflect.DelegatingMethodAccessorImpl.invoke(DelegatingMethodAccessorImpl.java:52)
[2025-12-25T07:34:30.565+0000] {subprocess.py:93} INFO - 	at java.base/java.lang.reflect.Method.invoke(Method.java:580)
[2025-12-25T07:34:30.565+0000] {subprocess.py:93} INFO - 	at py4j.reflection.MethodInvoker.invoke(MethodInvoker.java:244)
[2025-12-25T07:34:30.565+0000] {subprocess.py:93} INFO - 	at py4j.reflection.ReflectionEngine.invoke(ReflectionEngine.java:374)
[2025-12-25T07:34:30.565+0000] {subprocess.py:93} INFO - 	at py4j.Gateway.invoke(Gateway.java:282)
[2025-12-25T07:34:30.565+0000] {subprocess.py:93} INFO - 	at py4j.commands.AbstractCommand.invokeMethod(AbstractCommand.java:132)
[2025-12-25T07:34:30.566+0000] {subprocess.py:93} INFO - 	at py4j.commands.CallCommand.execute(CallCommand.java:79)
[2025-12-25T07:34:30.566+0000] {subprocess.py:93} INFO - 	at py4j.ClientServerConnection.waitForCommands(ClientServerConnection.java:184)
[2025-12-25T07:34:30.566+0000] {subprocess.py:93} INFO - 	at py4j.ClientServerConnection.run(ClientServerConnection.java:108)
[2025-12-25T07:34:30.566+0000] {subprocess.py:93} INFO - 	at java.base/java.lang.Thread.run(Thread.java:1583)
[2025-12-25T07:34:30.566+0000] {subprocess.py:93} INFO - 	Suppressed: org.apache.spark.util.Utils$OriginalTryStackTraceException: Full stacktrace of original doTryWithCallerStacktrace caller
[2025-12-25T07:34:30.566+0000] {subprocess.py:93} INFO - 		at com.mongodb.internal.connection.BaseCluster.getDescription(BaseCluster.java:184)
[2025-12-25T07:34:30.566+0000] {subprocess.py:93} INFO - 		at com.mongodb.internal.connection.SingleServerCluster.getDescription(SingleServerCluster.java:46)
[2025-12-25T07:34:30.566+0000] {subprocess.py:93} INFO - 		at com.mongodb.client.internal.MongoClientDelegate.getConnectedClusterDescription(MongoClientDelegate.java:144)
[2025-12-25T07:34:30.566+0000] {subprocess.py:93} INFO - 		at com.mongodb.client.internal.MongoClientDelegate.createClientSession(MongoClientDelegate.java:101)
[2025-12-25T07:34:30.566+0000] {subprocess.py:93} INFO - 		at com.mongodb.client.internal.MongoClientDelegate$DelegateOperationExecutor.getClientSession(MongoClientDelegate.java:291)
[2025-12-25T07:34:30.566+0000] {subprocess.py:93} INFO - 		at com.mongodb.client.internal.MongoClientDelegate$DelegateOperationExecutor.execute(MongoClientDelegate.java:183)
[2025-12-25T07:34:30.566+0000] {subprocess.py:93} INFO - 		at com.mongodb.client.internal.MongoIterableImpl.execute(MongoIterableImpl.java:133)
[2025-12-25T07:34:30.566+0000] {subprocess.py:93} INFO - 		at com.mongodb.client.internal.MongoIterableImpl.iterator(MongoIterableImpl.java:90)
[2025-12-25T07:34:30.566+0000] {subprocess.py:93} INFO - 		at com.mongodb.client.internal.MongoIterableImpl.forEach(MongoIterableImpl.java:119)
[2025-12-25T07:34:30.566+0000] {subprocess.py:93} INFO - 		at com.mongodb.client.internal.MongoIterableImpl.into(MongoIterableImpl.java:128)
[2025-12-25T07:34:30.566+0000] {subprocess.py:93} INFO - 		at com.mongodb.spark.sql.connector.schema.InferSchema.lambda$inferSchema$0(InferSchema.java:86)
[2025-12-25T07:34:30.566+0000] {subprocess.py:93} INFO - 		at com.mongodb.spark.sql.connector.config.AbstractMongoConfig.withCollection(AbstractMongoConfig.java:173)
[2025-12-25T07:34:30.566+0000] {subprocess.py:93} INFO - 		at com.mongodb.spark.sql.connector.config.ReadConfig.withCollection(ReadConfig.java:45)
[2025-12-25T07:34:30.566+0000] {subprocess.py:93} INFO - 		at com.mongodb.spark.sql.connector.schema.InferSchema.inferSchema(InferSchema.java:82)
[2025-12-25T07:34:30.567+0000] {subprocess.py:93} INFO - 		at com.mongodb.spark.sql.connector.MongoTableProvider.inferSchema(MongoTableProvider.java:62)
[2025-12-25T07:34:30.567+0000] {subprocess.py:93} INFO - 		at org.apache.spark.sql.execution.datasources.v2.DataSourceV2Utils$.getTableFromProvider(DataSourceV2Utils.scala:96)
[2025-12-25T07:34:30.567+0000] {subprocess.py:93} INFO - 		at org.apache.spark.sql.execution.datasources.v2.DataSourceV2Utils$.loadV2Source(DataSourceV2Utils.scala:147)
[2025-12-25T07:34:30.567+0000] {subprocess.py:93} INFO - 		at org.apache.spark.sql.catalyst.analysis.ResolveDataSource$$anonfun$apply$1.$anonfun$applyOrElse$1(ResolveDataSource.scala:60)
[2025-12-25T07:34:30.567+0000] {subprocess.py:93} INFO - 		at scala.Option.flatMap(Option.scala:283)
[2025-12-25T07:34:30.567+0000] {subprocess.py:93} INFO - 		at org.apache.spark.sql.catalyst.analysis.ResolveDataSource$$anonfun$apply$1.applyOrElse(ResolveDataSource.scala:58)
[2025-12-25T07:34:30.567+0000] {subprocess.py:93} INFO - 		at org.apache.spark.sql.catalyst.analysis.ResolveDataSource$$anonfun$apply$1.applyOrElse(ResolveDataSource.scala:45)
[2025-12-25T07:34:30.567+0000] {subprocess.py:93} INFO - 		at org.apache.spark.sql.catalyst.plans.logical.AnalysisHelper.$anonfun$resolveOperatorsUpWithPruning$3(AnalysisHelper.scala:139)
[2025-12-25T07:34:30.567+0000] {subprocess.py:93} INFO - 		at org.apache.spark.sql.catalyst.trees.CurrentOrigin$.withOrigin(origin.scala:86)
[2025-12-25T07:34:30.567+0000] {subprocess.py:93} INFO - 		at org.apache.spark.sql.catalyst.plans.logical.AnalysisHelper.$anonfun$resolveOperatorsUpWithPruning$1(AnalysisHelper.scala:139)
[2025-12-25T07:34:30.567+0000] {subprocess.py:93} INFO - 		at org.apache.spark.sql.catalyst.plans.logical.AnalysisHelper$.allowInvokingTransformsInAnalyzer(AnalysisHelper.scala:416)
[2025-12-25T07:34:30.567+0000] {subprocess.py:93} INFO - 		at org.apache.spark.sql.catalyst.plans.logical.AnalysisHelper.resolveOperatorsUpWithPruning(AnalysisHelper.scala:135)
[2025-12-25T07:34:30.568+0000] {subprocess.py:93} INFO - 		at org.apache.spark.sql.catalyst.plans.logical.AnalysisHelper.resolveOperatorsUpWithPruning$(AnalysisHelper.scala:131)
[2025-12-25T07:34:30.568+0000] {subprocess.py:93} INFO - 		at org.apache.spark.sql.catalyst.plans.logical.LogicalPlan.resolveOperatorsUpWithPruning(LogicalPlan.scala:37)
[2025-12-25T07:34:30.568+0000] {subprocess.py:93} INFO - 		at org.apache.spark.sql.catalyst.plans.logical.AnalysisHelper.resolveOperatorsUp(AnalysisHelper.scala:112)
[2025-12-25T07:34:30.568+0000] {subprocess.py:93} INFO - 		at org.apache.spark.sql.catalyst.plans.logical.AnalysisHelper.resolveOperatorsUp$(AnalysisHelper.scala:111)
[2025-12-25T07:34:30.568+0000] {subprocess.py:93} INFO - 		at org.apache.spark.sql.catalyst.plans.logical.LogicalPlan.resolveOperatorsUp(LogicalPlan.scala:37)
[2025-12-25T07:34:30.568+0000] {subprocess.py:93} INFO - 		at org.apache.spark.sql.catalyst.analysis.ResolveDataSource.apply(ResolveDataSource.scala:45)
[2025-12-25T07:34:30.568+0000] {subprocess.py:93} INFO - 		at org.apache.spark.sql.catalyst.analysis.ResolveDataSource.apply(ResolveDataSource.scala:43)
[2025-12-25T07:34:30.568+0000] {subprocess.py:93} INFO - 		at org.apache.spark.sql.catalyst.rules.RuleExecutor.$anonfun$execute$2(RuleExecutor.scala:242)
[2025-12-25T07:34:30.569+0000] {subprocess.py:93} INFO - 		at scala.collection.LinearSeqOps.foldLeft(LinearSeq.scala:183)
[2025-12-25T07:34:30.569+0000] {subprocess.py:93} INFO - 		at scala.collection.LinearSeqOps.foldLeft$(LinearSeq.scala:179)
[2025-12-25T07:34:30.569+0000] {subprocess.py:93} INFO - 		at scala.collection.immutable.List.foldLeft(List.scala:79)
[2025-12-25T07:34:30.569+0000] {subprocess.py:93} INFO - 		at org.apache.spark.sql.catalyst.rules.RuleExecutor.$anonfun$execute$1(RuleExecutor.scala:239)
[2025-12-25T07:34:30.569+0000] {subprocess.py:93} INFO - 		at org.apache.spark.sql.catalyst.rules.RuleExecutor.$anonfun$execute$1$adapted(RuleExecutor.scala:231)
[2025-12-25T07:34:30.569+0000] {subprocess.py:93} INFO - 		at scala.collection.immutable.List.foreach(List.scala:334)
[2025-12-25T07:34:30.569+0000] {subprocess.py:93} INFO - 		at org.apache.spark.sql.catalyst.rules.RuleExecutor.execute(RuleExecutor.scala:231)
[2025-12-25T07:34:30.569+0000] {subprocess.py:93} INFO - 		at org.apache.spark.sql.catalyst.analysis.Analyzer.org$apache$spark$sql$catalyst$analysis$Analyzer$$executeSameContext(Analyzer.scala:340)
[2025-12-25T07:34:30.569+0000] {subprocess.py:93} INFO - 		at org.apache.spark.sql.catalyst.analysis.Analyzer.$anonfun$execute$1(Analyzer.scala:336)
[2025-12-25T07:34:30.569+0000] {subprocess.py:93} INFO - 		at org.apache.spark.sql.catalyst.analysis.AnalysisContext$.withNewAnalysisContext(Analyzer.scala:234)
[2025-12-25T07:34:30.569+0000] {subprocess.py:93} INFO - 		at org.apache.spark.sql.catalyst.analysis.Analyzer.execute(Analyzer.scala:336)
[2025-12-25T07:34:30.570+0000] {subprocess.py:93} INFO - 		at org.apache.spark.sql.catalyst.analysis.Analyzer.execute(Analyzer.scala:299)
[2025-12-25T07:34:30.570+0000] {subprocess.py:93} INFO - 		at org.apache.spark.sql.catalyst.rules.RuleExecutor.$anonfun$executeAndTrack$1(RuleExecutor.scala:201)
[2025-12-25T07:34:30.570+0000] {subprocess.py:93} INFO - 		at org.apache.spark.sql.catalyst.QueryPlanningTracker$.withTracker(QueryPlanningTracker.scala:89)
[2025-12-25T07:34:30.570+0000] {subprocess.py:93} INFO - 		at org.apache.spark.sql.catalyst.rules.RuleExecutor.executeAndTrack(RuleExecutor.scala:201)
[2025-12-25T07:34:30.570+0000] {subprocess.py:93} INFO - 		at org.apache.spark.sql.catalyst.analysis.resolver.HybridAnalyzer.resolveInFixedPoint(HybridAnalyzer.scala:190)
[2025-12-25T07:34:30.570+0000] {subprocess.py:93} INFO - 		at org.apache.spark.sql.catalyst.analysis.resolver.HybridAnalyzer.$anonfun$apply$1(HybridAnalyzer.scala:76)
[2025-12-25T07:34:30.570+0000] {subprocess.py:93} INFO - 		at org.apache.spark.sql.catalyst.analysis.resolver.HybridAnalyzer.withTrackedAnalyzerBridgeState(HybridAnalyzer.scala:111)
[2025-12-25T07:34:30.571+0000] {subprocess.py:93} INFO - 		at org.apache.spark.sql.catalyst.analysis.resolver.HybridAnalyzer.apply(HybridAnalyzer.scala:71)
[2025-12-25T07:34:30.571+0000] {subprocess.py:93} INFO - 		at org.apache.spark.sql.catalyst.analysis.Analyzer.$anonfun$executeAndCheck$1(Analyzer.scala:330)
[2025-12-25T07:34:30.571+0000] {subprocess.py:93} INFO - 		at org.apache.spark.sql.catalyst.plans.logical.AnalysisHelper$.markInAnalyzer(AnalysisHelper.scala:423)
[2025-12-25T07:34:30.571+0000] {subprocess.py:93} INFO - 		at org.apache.spark.sql.catalyst.analysis.Analyzer.executeAndCheck(Analyzer.scala:330)
[2025-12-25T07:34:30.571+0000] {subprocess.py:93} INFO - 		at org.apache.spark.sql.execution.QueryExecution.$anonfun$lazyAnalyzed$2(QueryExecution.scala:110)
[2025-12-25T07:34:30.571+0000] {subprocess.py:93} INFO - 		at org.apache.spark.sql.catalyst.QueryPlanningTracker.measurePhase(QueryPlanningTracker.scala:148)
[2025-12-25T07:34:30.571+0000] {subprocess.py:93} INFO - 		at org.apache.spark.sql.execution.QueryExecution.$anonfun$executePhase$2(QueryExecution.scala:278)
[2025-12-25T07:34:30.571+0000] {subprocess.py:93} INFO - 		at org.apache.spark.sql.execution.QueryExecution$.withInternalError(QueryExecution.scala:654)
[2025-12-25T07:34:30.571+0000] {subprocess.py:93} INFO - 		at org.apache.spark.sql.execution.QueryExecution.$anonfun$executePhase$1(QueryExecution.scala:278)
[2025-12-25T07:34:30.571+0000] {subprocess.py:93} INFO - 		at org.apache.spark.sql.SparkSession.withActive(SparkSession.scala:804)
[2025-12-25T07:34:30.571+0000] {subprocess.py:93} INFO - 		at org.apache.spark.sql.execution.QueryExecution.executePhase(QueryExecution.scala:277)
[2025-12-25T07:34:30.571+0000] {subprocess.py:93} INFO - 		at org.apache.spark.sql.execution.QueryExecution.$anonfun$lazyAnalyzed$1(QueryExecution.scala:110)
[2025-12-25T07:34:30.572+0000] {subprocess.py:93} INFO - 		at scala.util.Try$.apply(Try.scala:217)
[2025-12-25T07:34:30.572+0000] {subprocess.py:93} INFO - 		at org.apache.spark.util.Utils$.doTryWithCallerStacktrace(Utils.scala:1378)
[2025-12-25T07:34:30.572+0000] {subprocess.py:93} INFO - 		at org.apache.spark.util.LazyTry.tryT$lzycompute(LazyTry.scala:46)
[2025-12-25T07:34:30.572+0000] {subprocess.py:93} INFO - 		at org.apache.spark.util.LazyTry.tryT(LazyTry.scala:46)
[2025-12-25T07:34:30.572+0000] {subprocess.py:93} INFO - 		... 21 more
[2025-12-25T07:34:30.572+0000] {subprocess.py:93} INFO - 
[2025-12-25T07:34:30.717+0000] {subprocess.py:97} INFO - Command exited with return code 1
[2025-12-25T07:34:30.742+0000] {taskinstance.py:1772} ERROR - Task failed with exception
Traceback (most recent call last):
  File "/home/airflow/.local/lib/python3.7/site-packages/airflow/operators/bash.py", line 197, in execute
    f"Bash command failed. The command returned a non-zero exit code {result.exit_code}."
airflow.exceptions.AirflowException: Bash command failed. The command returned a non-zero exit code 1.
[2025-12-25T07:34:30.749+0000] {taskinstance.py:1327} INFO - Marking task as UP_FOR_RETRY. dag_id=spark_compute_kpis, task_id=compute_kpis_spark, execution_date=20251225T073000, start_date=20251225T073346, end_date=20251225T073430
[2025-12-25T07:34:30.772+0000] {standard_task_runner.py:105} ERROR - Failed to execute job 13 for task compute_kpis_spark (Bash command failed. The command returned a non-zero exit code 1.; 113)
[2025-12-25T07:34:30.810+0000] {local_task_job.py:159} INFO - Task exited with return code 1
[2025-12-25T07:34:30.862+0000] {taskinstance.py:2582} INFO - 0 downstream tasks scheduled from follow-on schedule check
