[2025-12-24T23:01:02.764+0000] {taskinstance.py:1087} INFO - Dependencies all met for <TaskInstance: spark_compute_kpis.compute_kpis_spark scheduled__2025-12-24T23:00:00+00:00 [queued]>
[2025-12-24T23:01:02.778+0000] {taskinstance.py:1087} INFO - Dependencies all met for <TaskInstance: spark_compute_kpis.compute_kpis_spark scheduled__2025-12-24T23:00:00+00:00 [queued]>
[2025-12-24T23:01:02.779+0000] {taskinstance.py:1283} INFO - 
--------------------------------------------------------------------------------
[2025-12-24T23:01:02.779+0000] {taskinstance.py:1284} INFO - Starting attempt 1 of 2
[2025-12-24T23:01:02.779+0000] {taskinstance.py:1285} INFO - 
--------------------------------------------------------------------------------
[2025-12-24T23:01:02.798+0000] {taskinstance.py:1304} INFO - Executing <Task(BashOperator): compute_kpis_spark> on 2025-12-24 23:00:00+00:00
[2025-12-24T23:01:02.805+0000] {standard_task_runner.py:55} INFO - Started process 1053 to run task
[2025-12-24T23:01:02.810+0000] {standard_task_runner.py:82} INFO - Running: ['***', 'tasks', 'run', 'spark_compute_kpis', 'compute_kpis_spark', 'scheduled__2025-12-24T23:00:00+00:00', '--job-id', '34', '--raw', '--subdir', 'DAGS_FOLDER/dag_spark_kpi_computation.py', '--cfg-path', '/tmp/tmp8gahrdox']
[2025-12-24T23:01:02.812+0000] {standard_task_runner.py:83} INFO - Job 34: Subtask compute_kpis_spark
[2025-12-24T23:01:02.917+0000] {task_command.py:389} INFO - Running <TaskInstance: spark_compute_kpis.compute_kpis_spark scheduled__2025-12-24T23:00:00+00:00 [running]> on host de865afe45c0
[2025-12-24T23:01:03.035+0000] {taskinstance.py:1513} INFO - Exporting the following env vars:
AIRFLOW_CTX_DAG_OWNER=data-engineering
AIRFLOW_CTX_DAG_ID=spark_compute_kpis
AIRFLOW_CTX_TASK_ID=compute_kpis_spark
AIRFLOW_CTX_EXECUTION_DATE=2025-12-24T23:00:00+00:00
AIRFLOW_CTX_TRY_NUMBER=1
AIRFLOW_CTX_DAG_RUN_ID=scheduled__2025-12-24T23:00:00+00:00
[2025-12-24T23:01:03.036+0000] {subprocess.py:63} INFO - Tmp dir root location: 
 /tmp
[2025-12-24T23:01:03.037+0000] {subprocess.py:75} INFO - Running command: ['/bin/bash', '-c', '\n    docker exec spark-master bash -c "\n      mkdir -p /tmp/.ivy2/cache /tmp/.ivy2/jars 2>/dev/null || true\n      export IVY_HOME=/tmp/.ivy2\n      export SPARK_SUBMIT_OPTS=\'-Divy.home=/tmp/.ivy2\'\n      /opt/spark/bin/spark-submit         --master spark://spark-master:7077         --driver-memory 1g         --executor-memory 1g         --executor-cores 2         --conf spark.jars.packages=org.mongodb.spark:mongo-spark-connector_2.12:10.1.1         /opt/spark-apps/compute_kpis.py || echo \'Spark job completed with exit code: $?\'\n    "\n    ']
[2025-12-24T23:01:03.052+0000] {subprocess.py:86} INFO - Output:
[2025-12-24T23:01:03.080+0000] {subprocess.py:93} INFO - Cannot connect to the Docker daemon at unix:///var/run/docker.sock. Is the docker daemon running?
[2025-12-24T23:01:03.084+0000] {subprocess.py:97} INFO - Command exited with return code 1
[2025-12-24T23:01:03.101+0000] {taskinstance.py:1772} ERROR - Task failed with exception
Traceback (most recent call last):
  File "/home/airflow/.local/lib/python3.7/site-packages/airflow/operators/bash.py", line 197, in execute
    f"Bash command failed. The command returned a non-zero exit code {result.exit_code}."
airflow.exceptions.AirflowException: Bash command failed. The command returned a non-zero exit code 1.
[2025-12-24T23:01:03.106+0000] {taskinstance.py:1327} INFO - Marking task as UP_FOR_RETRY. dag_id=spark_compute_kpis, task_id=compute_kpis_spark, execution_date=20251224T230000, start_date=20251224T230102, end_date=20251224T230103
[2025-12-24T23:01:03.129+0000] {standard_task_runner.py:105} ERROR - Failed to execute job 34 for task compute_kpis_spark (Bash command failed. The command returned a non-zero exit code 1.; 1053)
[2025-12-24T23:01:03.144+0000] {local_task_job.py:159} INFO - Task exited with return code 1
[2025-12-24T23:01:03.181+0000] {taskinstance.py:2582} INFO - 0 downstream tasks scheduled from follow-on schedule check
